itr,err
2,  6.5806245836073404e-02
3,  6.3580038283106002e-02
4,  6.2016728030882588e-02
5,  6.0424208062268503e-02
6,  5.9171598081541203e-02
7,  5.7894749173841277e-02
8,  5.6835515357787157e-02
9,  5.5755171719578583e-02
10,  5.4830703750626701e-02
11,  5.3887331695407568e-02
12,  5.3063472748349765e-02
13,  5.2222375319332062e-02
14,  5.1477189837435273e-02
15,  5.0716083270368709e-02
16,  5.0034506971541506e-02
17,  4.9338086907305560e-02
18,  4.8709252604905176e-02
19,  4.8066477966305123e-02
20,  4.7482245229133059e-02
21,  4.6884844785592628e-02
22,  4.6338931376892996e-02
23,  4.5780521520735577e-02
24,  4.5267960723634766e-02
25,  4.4743494246593851e-02
26,  4.4260280155811065e-02
27,  4.3765685944664408e-02
28,  4.3308532852825467e-02
29,  4.2840471474012605e-02
30,  4.2406645500051063e-02
31,  4.1962338163819571e-02
32,  4.1549536278387124e-02
33,  4.1126641947054836e-02
34,  4.0732903052483949e-02
35,  4.0329428109099334e-02
36,  3.9953066373749568e-02
37,  3.9567296896724377e-02
38,  3.9206850897532494e-02
39,  3.8837300993502834e-02
40,  3.8491494316452546e-02
41,  3.8136866092422519e-02
42,  3.7804576387786504e-02
43,  3.7463728511888533e-02
44,  3.7143962888831775e-02
45,  3.6815885590703409e-02
46,  3.6507760833993923e-02
47,  3.6191555803331429e-02
48,  3.5894282306064770e-02
49,  3.5589146365589935e-02
50,  3.5302014959605728e-02
51,  3.5007226681045230e-02
52,  3.4729597751423757e-02
53,  3.4444506391142458e-02
54,  3.4175800809005334e-02
55,  3.3899817090186385e-02
56,  3.3639508606225936e-02
57,  3.3372096984494663e-02
58,  3.3119705805870918e-02
59,  3.2860377936799356e-02
60,  3.2615465270180957e-02
61,  3.2363774458243656e-02
62,  3.2125937847356595e-02
63,  3.1881474302225890e-02
64,  3.1650343623161221e-02
65,  3.1412730384665057e-02
66,  3.1187964389154943e-02
67,  3.0956853809576156e-02
68,  3.0738137127452679e-02
69,  3.0513207821149729e-02
70,  3.0300248349700323e-02
71,  3.0081202536743432e-02
72,  2.9873729157739184e-02
73,  2.9660290341481942e-02
74,  2.9458050917066998e-02
75,  2.9249961846097839e-02
76,  2.9052721453082440e-02
77,  2.8849742326456169e-02
78,  2.8657281695305913e-02
79,  2.8459188576767470e-02
80,  2.8271302707062324e-02
81,  2.8077886119523134e-02
82,  2.7894383048141503e-02
83,  2.7705446724190886e-02
84,  2.7526146426149818e-02
85,  2.7341506194114705e-02
86,  2.7166239599038442e-02
87,  2.6985722387175056e-02
88,  2.6814330496882022e-02
89,  2.6637773440841010e-02
90,  2.6470106535639013e-02
91,  2.6297356176482760e-02
92,  2.6133273099520484e-02
93,  2.5964184661355267e-02
94,  2.5803552171854729e-02
95,  2.5637988909650848e-02
96,  2.5480681097090844e-02
97,  2.5318513706537669e-02
98,  2.5164411458913440e-02
99,  2.5005517541237414e-02
100,  2.4854508061420560e-02
101,  2.4698771637015997e-02
102,  2.4550748002000359e-02
103,  2.4398059067509859e-02
104,  2.4252919825985864e-02
105,  2.4103173950143046e-02
106,  2.3960822754403640e-02
107,  2.3813920708531690e-02
108,  2.3674265977195633e-02
109,  2.3530113396753795e-02
110,  2.3393068005211490e-02
111,  2.3251575079217664e-02
112,  2.3117056075063799e-02
113,  2.2978137260591617e-02
114,  2.2846065601624038e-02
115,  2.2709639360903741e-02
116,  2.2579939673539044e-02
117,  2.2445928231471204e-02
118,  2.2318528587668585e-02
119,  2.2186857707806741e-02
120,  2.2061689418796371e-02
121,  2.1932288196074286e-02
122,  2.1809285621371369e-02
123,  2.1682086290035513e-02
124,  2.1561186660379567e-02
125,  2.1436124415756552e-02
126,  2.1317267668759188e-02
127,  2.1194280501630802e-02
128,  2.1077409129036339e-02
129,  2.0956437671527002e-02
130,  2.0841496577102717e-02
131,  2.0722483959093343e-02
132,  2.0609420326262451e-02
133,  2.0492312041447937e-02
134,  2.0381075209865533e-02
135,  2.0265818990658720e-02
136,  2.0156360341006825e-02
137,  2.0042906041573372e-02
138,  1.9935178887920037e-02
139,  1.9823478374695256e-02
140,  1.9717437863824641e-02
141,  1.9607444912926920e-02
142,  1.9503047930099607e-02
143,  1.9394718131109500e-02
144,  1.9291923211764185e-02
145,  1.9185213877387655e-02
146,  1.9083981124335531e-02
147,  1.8978851205513427e-02
148,  1.8879142211219280e-02
149,  1.8775552217284820e-02
150,  1.8677329990861753e-02
151,  1.8575241914382045e-02
152,  1.8478470812960356e-02
153,  1.8377848058930238e-02
154,  1.8282493723087646e-02
155,  1.8183301042172976e-02
156,  1.8089330335142081e-02
157,  1.7991533760693523e-02
158,  1.7898914711082733e-02
159,  1.7802481499665415e-02
160,  1.7711183247454111e-02
161,  1.7616081822659366e-02
162,  1.7526074568243597e-02
163,  1.7432274467566310e-02
164,  1.7343529423653099e-02
165,  1.7251001248236728e-02
166,  1.7163490594397340e-02
167,  1.7072205961463940e-02
168,  1.6985902801172473e-02
169,  1.6895834298967446e-02
170,  1.6810712618965200e-02
171,  1.6721833764061556e-02
172,  1.6637868395897443e-02
173,  1.6550153592714206e-02
174,  1.6467320176325143e-02
175,  1.6380744678725277e-02
176,  1.6299019627928464e-02
177,  1.6213559502772975e-02
178,  1.6132919972551427e-02
179,  1.6048552065092505e-02
180,  1.5968975920566113e-02
181,  1.5885677821572769e-02
182,  1.5807143608550681e-02
183,  1.5724893623065707e-02
184,  1.5647380540087331e-02
185,  1.5566157657723212e-02
186,  1.5489645529498360e-02
187,  1.5409429396183782e-02
188,  1.5333898648350429e-02
189,  1.5254669539447020e-02
190,  1.5180101174570623e-02
191,  1.5101839969283305e-02
192,  1.5028215544024568e-02
193,  1.4950903701034328e-02
194,  1.4878205304421370e-02
195,  1.4801824838674229e-02
196,  1.4730035071414169e-02
197,  1.4654568532003321e-02
198,  1.4583670486777353e-02
199,  1.4509100935860400e-02
200,  1.4439078178546059e-02
201,  1.4365389171242042e-02
202,  1.4296225723013133e-02
203,  1.4223401288228079e-02
204,  1.4155081608483411e-02
205,  1.4083106230615327e-02
206,  1.4015615200692307e-02
207,  1.3944473802170626e-02
208,  1.3877796709800733e-02
209,  1.3807474634416856e-02
210,  1.3741597158884802e-02
211,  1.3672080155873486e-02
212,  1.3606988353841684e-02
213,  1.3538262562675103e-02
214,  1.3473942854639846e-02
215,  1.3405994790498151e-02
216,  1.3342433947844103e-02
217,  1.3275250487729122e-02
218,  1.3212435620351383e-02
219,  1.3146003989811146e-02
220,  1.3083922534275857e-02
221,  1.3018230294709719e-02
222,  1.2956870002926623e-02
223,  1.2891905039442561e-02
224,  1.2831253967822595e-02
225,  1.2767004477619760e-02
226,  1.2707050976694710e-02
227,  1.2643505457945256e-02
228,  1.2584238162425541e-02
229,  1.2521385403632641e-02
230,  1.2462793222882424e-02
231,  1.2400622292690452e-02
232,  1.2342694401599123e-02
233,  1.2281194639035171e-02
234,  1.2223920469266517e-02
235,  1.2163081474392478e-02
236,  1.2106450705992578e-02
237,  1.2046262330948502e-02
238,  1.1990264884296430e-02
239,  1.1930717224716446e-02
240,  1.1875343252800069e-02
241,  1.1816426639584123e-02
242,  1.1761666520586349e-02
243,  1.1703371512010246e-02
244,  1.1649215842191763e-02
245,  1.1591533216340712e-02
246,  1.1537972803203914e-02
247,  1.1480893550714350e-02
248,  1.1427919406436600e-02
249,  1.1371434723531731e-02
250,  1.1319038058655511e-02
251,  1.1263139340461956e-02
252,  1.1211311557829423e-02
253,  1.1155990391961523e-02
254,  1.1104723080883117e-02
255,  1.1049971241282921e-02
256,  1.0999256171929149e-02
257,  1.0945065612950874e-02
258,  1.0894894730956986e-02
259,  1.0841257581684688e-02
260,  1.0791623002959435e-02
261,  1.0738531561747693e-02
262,  1.0689425567476310e-02
263,  1.0636872296703371e-02
264,  1.0588287328537008e-02
265,  1.0536264849562046e-02
266,  1.0488193504984776e-02
267,  1.0436694593299356e-02
268,  1.0389129621165526e-02
269,  1.0338147201731268e-02
270,  1.0291081497965506e-02
271,  1.0240608640729402e-02
272,  1.0194035244182532e-02
273,  1.0144065159762558e-02
274,  1.0097977248216348e-02
275,  1.0048503283749868e-02
276,  1.0002894170065033e-02
277,  9.9539098052126729e-03
278,  9.9087729336129905e-03
279,  9.8602717767118098e-03
280,  9.8156007191996606e-03
281,  9.7675765035587971e-03
282,  9.7233649564558988e-03
283,  9.6758115367889096e-03
284,  9.6320533173975594e-03
285,  9.5849646663851863e-03
286,  9.5416537097645741e-03
287,  9.4950239147433089e-03
288,  9.4521542705963968e-03
289,  9.4059775303663249e-03
290,  9.3635433600330002e-03
291,  9.3178139817810604e-03
292,  9.2758095553326265e-03
293,  9.2305219516656718e-03
294,  9.1889416450972993e-03
295,  9.1440903311809704e-03
296,  9.1029286236973140e-03
297,  9.0585082144957491e-03
298,  9.0177596858871962e-03
299,  8.9737648935000244e-03
300,  8.9334242216045877e-03
301,  8.8898498526965974e-03
302,  8.8499118109451914e-03
303,  8.8067527642654523e-03
304,  8.7672122193067758e-03
305,  8.7244634832932509e-03
306,  8.6853153926948808e-03
307,  8.6429720431609978e-03
308,  8.6042114531845182e-03
309,  8.5622686510847361e-03
310,  8.5238906945313327e-03
311,  8.4823436838019906e-03
312,  8.4443435779261323e-03
313,  8.4031876833991024e-03
314,  8.3655607278876019e-03
315,  8.3247913532735959e-03
316,  8.2875329282875703e-03
317,  8.2471455542263289e-03
318,  8.2102511185038005e-03
319,  8.1702413006783520e-03
320,  8.1337063896949283e-03
321,  8.0940697570080038e-03
322,  8.0578899811939424e-03
323,  8.0186222340032243e-03
324,  7.9827932770140976e-03
325,  7.9438901854248598e-03
326,  7.9084078024646513e-03
327,  7.8698652046768989e-03
328,  7.8347252208708085e-03
329,  7.7965390215793164e-03
330,  7.7617373303951621e-03
331,  7.7239034992399461e-03
332,  7.6894360609557882e-03
333,  7.6519506310215295e-03
334,  7.6178134712383853e-03
335,  7.5806725376004061e-03
336,  7.5468617457979279e-03
337,  7.5100614641134553e-03
338,  7.4765731922475315e-03
339,  7.4401097773903425e-03
340,  7.4069402385307055e-03
341,  7.3708099632673650e-03
342,  7.3379554302740596e-03
343,  7.3021546239803786e-03
344,  7.2696114282176675e-03
345,  7.2341364756340620e-03
346,  7.2019010057204338e-03
347,  7.1667483457441179e-03
348,  7.1348170463370547e-03
349,  7.0999831708506095e-03
350,  7.0683525414652225e-03
351,  7.0338339941993424e-03
352,  7.0025005880592836e-03
353,  6.9682939634890433e-03
354,  6.9372543864089685e-03
355,  6.9033563286821495e-03
356,  6.8726072379804966e-03
357,  6.8390144398767479e-03
358,  6.8085525433178237e-03
359,  6.7752617452378492e-03
360,  6.7450838000021520e-03
361,  6.7120917889855972e-03
362,  6.6821946006676534e-03
363,  6.6494982094386220e-03
364,  6.6198786310713402e-03
365,  6.5874747371108405e-03
366,  6.5581296682152412e-03
367,  6.5260151928594173e-03
368,  6.4969415785195682e-03
369,  6.4651134860827303e-03
370,  6.4363083160441535e-03
371,  6.4047636129661439e-03
372,  6.3762239207578860e-03
373,  6.3449596547743639e-03
374,  6.3166825168531971e-03
375,  6.2856957761886082e-03
376,  6.2576783111051052e-03
377,  6.2269662236872020e-03
378,  6.1992055912728980e-03
379,  6.1687653239682304e-03
380,  6.1412587245431582e-03
381,  6.1110874824126839e-03
382,  6.0838321560125327e-03
383,  6.0539271815870316e-03
384,  6.0269204072096790e-03
385,  5.9972789797837411e-03
386,  5.9705180746541667e-03
387,  5.9411375095987130e-03
388,  5.9146198284518621e-03
389,  5.8854974765441990e-03
390,  5.8592204109254786e-03
391,  5.8303536576964892e-03
392,  5.8043146352789758e-03
393,  5.7757009003767549e-03
394,  5.7498973842948341e-03
395,  5.7215341208645548e-03
396,  5.6959636090634794e-03
397,  5.6678483031424101e-03
398,  5.6425083277433603e-03
399,  5.6146384976711585e-03
400,  5.5895266243511342e-03
401,  5.5618998201945021e-03
402,  5.5370136475808287e-03
403,  5.5096274505722501e-03
404,  5.4849646096511821e-03
405,  5.4578166316413363e-03
406,  5.4333747851803681e-03
407,  5.4064626681035151e-03
408,  5.3822395100869688e-03
409,  5.3555609254394929e-03
410,  5.3315541805169959e-03
411,  5.3051068288479681e-03
412,  5.2813142517955311e-03
413,  5.2550958622094648e-03
414,  5.2315152374027537e-03
415,  5.2055235670740172e-03
416,  5.1821527079734661e-03
417,  5.1563855416718249e-03
418,  5.1332222903192077e-03
419,  5.1076774399465156e-03
420,  5.0847196664728514e-03
421,  5.0593949706101904e-03
422,  5.0366405727544101e-03
423,  5.0115338962197185e-03
424,  4.9889807988579126e-03
425,  4.9640900322734721e-03
426,  4.9417361869585862e-03
427,  4.9170592463282274e-03
428,  4.8949026308396561e-03
429,  4.8704374571355178e-03
430,  4.8484760750383748e-03
431,  4.8242206337967006e-03
432,  4.8024525140108135e-03
433,  4.7784047949366677e-03
434,  4.7568279913145616e-03
435,  4.7329860078952329e-03
436,  4.7115985988092478e-03
437,  4.6879603879359860e-03
438,  4.6667604758740830e-03
439,  4.6433240974720650e-03
440,  4.6223098086421565e-03
441,  4.5990733453083171e-03
442,  4.5782428292509229e-03
443,  4.5552043858995608e-03
444,  4.5345558151085336e-03
445,  4.5117135186242942e-03
446,  4.4912450881754379e-03
447,  4.4685970870737791e-03
448,  4.4483070142610675e-03
449,  4.4258514783556456e-03
450,  4.4057380023350369e-03
451,  4.3834731224120871e-03
452,  4.3635345038524741e-03
453,  4.3414584913518900e-03
454,  4.3216930120933356e-03
455,  4.2998040987962368e-03
456,  4.2802100615149706e-03
457,  4.2585064992377332e-03
458,  4.2390822271179632e-03
459,  4.2175622874123624e-03
460,  4.1983061238247427e-03
461,  4.1769680976840489e-03
462,  4.1578784058704261e-03
463,  4.1367206034416725e-03
464,  4.1177957662062101e-03
465,  4.0968165165078309e-03
466,  4.0780549359141910e-03
467,  4.0572525865594788e-03
468,  4.0386526836339899e-03
469,  4.0180256005598134e-03
470,  3.9995858150004690e-03
471,  3.9791323822014344e-03
472,  3.9608511720925412e-03
473,  3.9405697913602643e-03
474,  3.9224456328926160e-03
475,  3.9023347235599280e-03
476,  3.8843661107564893e-03
477,  3.8644241094467247e-03
478,  3.8466095538934268e-03
479,  3.8268349142743540e-03
480,  3.8091729448562345e-03
481,  3.7895641373987140e-03
482,  3.7720533000409808e-03
483,  3.7526088117821625e-03
484,  3.7352476691961960e-03
485,  3.7159660035071926e-03
486,  3.6987531349414161e-03
487,  3.6796328112991992e-03
488,  3.6625668122945028e-03
489,  3.6436063660581761e-03
490,  3.6266858482081185e-03
491,  3.6078838303992234e-03
492,  3.5911074211145665e-03
493,  3.5724623982014763e-03
494,  3.5558287404791134e-03
495,  3.5373392941653006e-03
496,  3.5208470463615896e-03
497,  3.5025117733777419e-03
498,  3.4861596089858790e-03
499,  3.4679771208858691e-03
500,  3.4517637283174242e-03
501,  3.4337326512778044e-03
502,  3.4176567336482392e-03
503,  3.3997757082714132e-03
504,  3.3838359831895107e-03
505,  3.3661036643103668e-03
506,  3.3502988636714740e-03
507,  3.3327139201674940e-03
508,  3.3170427899505387e-03
509,  3.2996039045551017e-03
510,  3.2840652046232243e-03
511,  3.2667710737423724e-03
512,  3.2513635776471534e-03
513,  3.2342129111794051e-03
514,  3.2189354059686064e-03
515,  3.2019269271279485e-03
516,  3.1867782131566190e-03
517,  3.1699106582985495e-03
518,  3.1548895490435941e-03
519,  3.1381616674941589e-03
520,  3.1232669893720521e-03
521,  3.1066775432597644e-03
522,  3.0919081354475542e-03
523,  3.0754558995382078e-03
524,  3.0608106137976479e-03
525,  3.0444943753319075e-03
526,  3.0299720758366153e-03
527,  3.0137906343703398e-03
528,  2.9993901975360528e-03
529,  2.9833423647832999e-03
530,  2.9690626791009827e-03
531,  2.9531472787796371e-03
532,  2.9389872446514823e-03
533,  2.9232031123314151e-03
534,  2.9091616419097792e-03
535,  2.8935076248635676e-03
536,  2.8795836418924882e-03
537,  2.8640585989485245e-03
538,  2.8502510386080805e-03
539,  2.8348538400061601e-03
540,  2.8211616487594455e-03
541,  2.8058911760086313e-03
542,  2.7923133114513086e-03
543,  2.7771684571901625e-03
544,  2.7637038879025420e-03
545,  2.7486835557615917e-03
546,  2.7353312611632587e-03
547,  2.7204343656296358e-03
548,  2.7071933358364920e-03
549,  2.6924188021208071e-03
550,  2.6792880378044542e-03
551,  2.6646348017097523e-03
552,  2.6516133139592711e-03
553,  2.6370803217520690e-03
554,  2.6241671319381008e-03
555,  2.6097533402214658e-03
556,  2.5969474798624853e-03
557,  2.5826518554510980e-03
558,  2.5699523660819455e-03
559,  2.5557738858791477e-03
560,  2.5431798189217000e-03
561,  2.5291174697984224e-03
562,  2.5166278864343704e-03
563,  2.5026806651099642e-03
564,  2.4902946361556795e-03
565,  2.4764615490805888e-03
566,  2.4641781548640040e-03
567,  2.4504582181042278e-03
568,  2.4382765483437477e-03
569,  2.4246687874671050e-03
570,  2.4125879411524315e-03
571,  2.3990913911165227e-03
572,  2.3871104763914250e-03
573,  2.3737241814333126e-03
574,  2.3618423154802542e-03
575,  2.3485653290078634e-03
576,  2.3367816379344774e-03
577,  2.3236130224195241e-03
578,  2.3119266411469313e-03
579,  2.2988654680195404e-03
580,  2.2872755401723787e-03
581,  2.2743208897172988e-03
582,  2.2628265675155232e-03
583,  2.2499775287697973e-03
584,  2.2385779729221984e-03
585,  2.2258336435744246e-03
586,  2.2145280231737909e-03
587,  2.2018875094648614e-03
588,  2.1906750018847957e-03
589,  2.1781374185100479e-03
590,  2.1670172093033952e-03
591,  2.1545816793162782e-03
592,  2.1435529621151167e-03
593,  2.1312186168321915e-03
594,  2.1202805932494062e-03
595,  2.1080465721567613e-03
596,  2.0971984516890848e-03
597,  2.0850639023501203e-03
598,  2.0743049022826981e-03
599,  2.0622689802471902e-03
600,  2.0515983255596486e-03
601,  2.0396601942741814e-03
602,  2.0290771175480340e-03
603,  2.0172359482676610e-03
604,  2.0067396895952134e-03
605,  1.9949946612964225e-03
606,  1.9845844681910235e-03
607,  1.9729347674859198e-03
608,  1.9626098947935424e-03
609,  1.9510547158452293e-03
610,  1.9408144256574552e-03
611,  1.9293529700966470e-03
612,  1.9191965316648827e-03
613,  1.9078280085076376e-03
614,  1.8977546981587044e-03
615,  1.8864783237253406e-03
616,  1.8764874247782111e-03
617,  1.8653024226133914e-03
618,  1.8553932252972614e-03
619,  1.8442988260910914e-03
620,  1.8344706274646078e-03
621,  1.8234660689749210e-03
622,  1.8137181728466562e-03
623,  1.8028026998222894e-03
624,  1.7931344166723267e-03
625,  1.7823072807775370e-03
626,  1.7727179276802508e-03
627,  1.7619783874200864e-03
628,  1.7524672879680367e-03
629,  1.7418146086147644e-03
630,  1.7323810928436976e-03
631,  1.7218145463642339e-03
632,  1.7124579506791883e-03
633,  1.7019768156634808e-03
634,  1.6926964827659460e-03
635,  1.6823000443563670e-03
636,  1.6730953231725112e-03
637,  1.6627828729941583e-03
638,  1.6536531186040716e-03
639,  1.6434239546960149e-03
640,  1.6343685282639556e-03
641,  1.6242219550114346e-03
642,  1.6152402237171403e-03
643,  1.6051755517845841e-03
644,  1.5962668887554699e-03
645,  1.5862834350204916e-03
646,  1.5774472192648700e-03
647,  1.5675443067530866e-03
648,  1.5587799230943192e-03
649,  1.5489568809150137e-03
650,  1.5402637199265869e-03
651,  1.5305198832092613e-03
652,  1.5218973411507807e-03
653,  1.5122320509825002e-03
654,  1.5036795297365655e-03
655,  1.4940921331001206e-03
656,  1.4856090401101103e-03
657,  1.4760988898230036e-03
658,  1.4676846380317252e-03
659,  1.4582510926859093e-03
660,  1.4499051004750524e-03
661,  1.4405475243775042e-03
662,  1.4322692155079718e-03
663,  1.4229869786219580e-03
664,  1.4147757821750505e-03
665,  1.4055682600621856e-03
666,  1.3974236103815080e-03
667,  1.3882901841445548e-03
668,  1.3802115207787935e-03
669,  1.3711515770051458e-03
670,  1.3631383446516127e-03
671,  1.3541512753575667e-03
672,  1.3462029238064668e-03
673,  1.3372881263821238e-03
674,  1.3294041104616350e-03
675,  1.3205609876165397e-03
676,  1.3127407671386087e-03
677,  1.3039687268480461e-03
678,  1.2962117665549075e-03
679,  1.2875102220068942e-03
680,  1.2798159915183276e-03
681,  1.2711843610612172e-03
682,  1.2635523348224957e-03
683,  1.2549900419133004e-03
684,  1.2474196991438381e-03
685,  1.2389261722971392e-03
686,  1.2314169969398182e-03
687,  1.2229916696773111e-03
688,  1.2155431503484890e-03
689,  1.2071854611491633e-03
690,  1.1997970910893291e-03
691,  1.1915064833402590e-03
692,  1.1841777603653538e-03
693,  1.1759536823130600e-03
694,  1.1686841087664229e-03
695,  1.1605260134688686e-03
696,  1.1533150961738068e-03
697,  1.1452224414529434e-03
698,  1.1380696916659468e-03
699,  1.1300419400608426e-03
700,  1.1229468734253794e-03
701,  1.1149834921459155e-03
702,  1.1079456286468374e-03
703,  1.1000460895279635e-03
704,  1.0930649534465053e-03
705,  1.0852287329030103e-03
706,  1.0783038527723615e-03
707,  1.0705304317542362e-03
708,  1.0636613403156663e-03
709,  1.0559502042639629e-03
710,  1.0491364384235524e-03
711,  1.0414870772267599e-03
712,  1.0347281780126382e-03
713,  1.0271400859635988e-03
714,  1.0204355984837600e-03
715,  1.0129082742370706e-03
716,  1.0062577476376772e-03
717,  9.9879069416761255e-04
718,  9.9219368159188790e-04
719,  9.8478640615079212e-04
720,  9.7824246469836989e-04
721,  9.7089447877555255e-04
722,  9.6440316946238560e-04
723,  9.5711398874347826e-04
724,  9.5067487646221551e-04
725,  9.4344402078901254e-04
726,  9.3705667426988821e-04
727,  9.2988366760065450e-04
728,  9.2354765937284543e-04
729,  9.1643202974305558e-04
730,  9.1014693609654416e-04
731,  9.0308821558011542e-04
732,  8.9685361652800191e-04
733,  8.8985134119893270e-04
734,  8.8366682044019838e-04
735,  8.7672053033466127e-04
736,  8.7058567521743643e-04
737,  8.6369491429629647e-04
738,  8.5760931578153531e-04
739,  8.5077363189329624e-04
740,  8.4473688451890876e-04
741,  8.3795582936308270e-04
742,  8.3196753120850381e-04
743,  8.2524066029939305e-04
744,  8.1930041295057490e-04
745,  8.1262728558145249e-04
746,  8.0673469409628287e-04
747,  8.0011487330397416e-04
748,  7.9426954617812205e-04
749,  7.8770259870800758e-04
750,  7.8190414784115895e-04
751,  7.7538964411252604e-04
752,  7.6963768477504081e-04
753,  7.6317519884685028e-04
754,  7.5746934964681452e-04
755,  7.5105845918383752e-04
756,  7.4539834203448362e-04
757,  7.3905190883235465e-04
758,  7.3342386836137052e-04
759,  7.2800935029902053e-04
760,  7.2154514183118751e-04
761,  7.1705546197398074e-04
762,  7.1057961734832104e-04
763,  7.0618951376445619e-04
764,  6.9976534082026197e-04
765,  6.9541078195820406e-04
766,  6.8903786194040434e-04
767,  6.8471854916040558e-04
768,  6.7839646684032286e-04
769,  6.7411210423130570e-04
770,  6.6784044787428622e-04
771,  6.6359074222461275e-04
772,  6.5736910355798683e-04
773,  6.5315376432664523e-04
774,  6.4698173850803438e-04
775,  6.4280047779619238e-04
776,  6.3667766338215356e-04
777,  6.3253019590510102e-04
778,  6.2693333297394538e-04
779,  6.2234223787956653e-04
780,  6.1760914429578385e-04
781,  6.1264400259417441e-04
782,  6.0836000826892532e-04
783,  6.0343473219264519e-04
784,  5.9918530324217260e-04
785,  5.9429956462424185e-04
786,  5.9008441307025427e-04
787,  5.8523788661001485e-04
788,  5.8105672705799176e-04
789,  5.7624909029278923e-04
790,  5.7210163990516520e-04
791,  5.6733257318237356e-04
792,  5.6321855165208652e-04
793,  5.5848773810147066e-04
794,  5.5440686762581474e-04
795,  5.4971399313221282e-04
796,  5.4566599838706679e-04
797,  5.4133525575949517e-04
798,  5.3699535967775553e-04
799,  5.3346069620582187e-04
800,  5.2865636638096177e-04
801,  5.2564967776917747e-04
802,  5.2088384093778271e-04
803,  5.1790167095611139e-04
804,  5.1317401191284921e-04
805,  5.1021615102587623e-04
806,  5.0552635728542169e-04
807,  5.0259259794108526e-04
808,  4.9794035971186738e-04
809,  4.9503049631899863e-04
810,  4.9041550647724774e-04
811,  4.8752933538341088e-04
812,  4.8295128944753838e-04
813,  4.8008860891721129e-04
814,  4.7554720502243652e-04
815,  4.7270781521547444e-04
816,  4.6859336633051530e-04
817,  4.6538645703921169e-04
818,  4.6201277148772264e-04
819,  4.5845812955736453e-04
820,  4.5548540816735776e-04
821,  4.5195943548525548e-04
822,  4.4901083011566502e-04
823,  4.4551328805777140e-04
824,  4.4258859513691566e-04
825,  4.3911924721556141e-04
826,  4.3621826505030385e-04
827,  4.3277687689211969e-04
828,  4.2989940564743131e-04
829,  4.2648574497154332e-04
830,  4.2363158665034532e-04
831,  4.2024542324685057e-04
832,  4.1741438167011767e-04
833,  4.1405548737884240e-04
834,  4.1124736816597438e-04
835,  4.0855007088200831e-04
836,  4.0513012740496111e-04
837,  4.0311287067627062e-04
838,  3.9964571784085676e-04
839,  3.9771976252609749e-04
840,  3.9428048707880318e-04
841,  3.9237037457641693e-04
842,  3.8895874623536735e-04
843,  3.8706433839700059e-04
844,  3.8368012890755251e-04
845,  3.8180128894529919e-04
846,  3.7844427205971793e-04
847,  3.7658086452980441e-04
848,  3.7325081598719041e-04
849,  3.7140270677390080e-04
850,  3.6809940428035777e-04
851,  3.6626646058018816e-04
852,  3.6340085102103586e-04
853,  3.6117177409530720e-04
854,  3.5894145928880370e-04
855,  3.5648289028955435e-04
856,  3.5451834221811665e-04
857,  3.5207969866872909e-04
858,  3.5013119162103734e-04
859,  3.4771230571842580e-04
860,  3.4577970219201287e-04
861,  3.4338040767391384e-04
862,  3.4146357147581791e-04
863,  3.3908370360416409e-04
864,  3.3718249983596054e-04
865,  3.3482189538046580e-04
866,  3.3293619042350751e-04
867,  3.3059468764548859e-04
868,  3.2872434914636120e-04
869,  3.2678860802247043e-04
870,  3.2454668463895213e-04
871,  3.2319634697435223e-04
872,  3.2074728768114163e-04
873,  3.1963340986993703e-04
874,  3.1720411748002025e-04
875,  3.1609954550217709e-04
876,  3.1368985519417283e-04
877,  3.1259450505341919e-04
878,  3.1020425348737618e-04
879,  3.0911804206815201e-04
880,  3.0674706737012452e-04
881,  3.0566991242612652e-04
882,  3.0331805417295850e-04
883,  3.0224987431586047e-04
884,  2.9991697352015886e-04
885,  2.9885768820852590e-04
886,  2.9707082882825009e-04
887,  2.9549311683219184e-04
888,  2.9425103837644236e-04
889,  2.9264451315022289e-04
890,  2.9145436802255857e-04
891,  2.8986094661203368e-04
892,  2.8868061766086119e-04
893,  2.8710018801908705e-04
894,  2.8592958912803816e-04
895,  2.8436204026984624e-04
896,  2.8320108618038733e-04
897,  2.8164630817033092e-04
898,  2.8049491447130126e-04
899,  2.7895279841179155e-04
900,  2.7781088152910603e-04
901,  2.7659186367116255e-04
902,  2.7514879673519536e-04
903,  2.7443361313765868e-04
904,  2.7278351958341272e-04
905,  2.7229317208436889e-04
906,  2.7065646030478477e-04
907,  2.7017038410191100e-04
908,  2.6854694122769852e-04
909,  2.6806509434209078e-04
910,  2.6645480854375382e-04
911,  2.6597714949881343e-04
912,  2.6437990997536744e-04
913,  2.6390639778930936e-04
914,  2.6232209475714961e-04
915,  2.6185268893561870e-04
916,  2.6055267801011793e-04
917,  2.5981587414637106e-04
918,  2.5898657394630184e-04
919,  2.5803469915968336e-04
920,  2.5743351831504599e-04
921,  2.5648949863537533e-04
922,  2.5589339403438117e-04
923,  2.5495716046698848e-04
924,  2.5436608523734877e-04
925,  2.5343756947637878e-04
926,  2.5285147725638535e-04
927,  2.5193061167638465e-04
928,  2.5134945660795950e-04
929,  2.5043617425558060e-04
930,  2.4985991097746350e-04
931,  2.4933539739794793e-04
932,  2.4838272920431462e-04
933,  2.4829163502979035e-04
934,  2.4726918751719339e-04
935,  2.4725671380932925e-04
936,  2.4624262080701021e-04
937,  2.4623055156039112e-04
938,  2.4522474133416582e-04
939,  2.4521306701152663e-04
940,  2.4421546851267472e-04
941,  2.4420417978357001e-04
942,  2.4321472264094741e-04
943,  2.4320381037739127e-04
944,  2.4243799160540502e-04
945,  2.4221188016187238e-04
946,  2.4185253256593360e-04
947,  2.4141628905669676e-04
948,  2.4127222902840174e-04
949,  2.4083969864423498e-04
950,  2.4069702927608050e-04
951,  2.4026817715750779e-04
952,  2.4012688222854167e-04
953,  2.3970167390598284e-04
954,  2.3956173743190539e-04
955,  2.3914013882023194e-04
956,  2.3900154504927700e-04
957,  2.3878917481446869e-04
958,  2.3844625585134075e-04
959,  2.3860935659800626e-04
960,  2.3807601535834254e-04
961,  2.3843142641644861e-04
962,  2.3790252012759929e-04
963,  2.3825535966509132e-04
964,  2.3773084870436575e-04
965,  2.3808113213445766e-04
966,  2.3756097728722144e-04
967,  2.3790872000301885e-04
968,  2.3739288245749044e-04
969,  2.3773809983004048e-04
970,  2.3755364587146484e-04
971,  2.3756924854857945e-04
972,  2.3773540461346408e-04
973,  2.3771538547643451e-04
974,  2.3791613579765718e-04
975,  2.3791306889060172e-04
976,  2.3810454409721644e-04
977,  2.3810958239010320e-04
978,  2.3829973355203493e-04
979,  2.3830492709244199e-04
980,  2.3849376075705145e-04
981,  2.3873239454985114e-04
982,  2.3868662701880989e-04
983,  2.3924977870035122e-04
984,  2.3910758135619882e-04
985,  2.3976343251343681e-04
986,  2.3965421313515035e-04
987,  2.4028936140391542e-04
988,  2.4019686583432563e-04
989,  2.4082716980002302e-04
990,  2.4073556384714433e-04
991,  2.4136105817764228e-04
992,  2.4154368227698544e-04
993,  2.4189105068437168e-04
994,  2.4237757787143202e-04
995,  2.4271242695927186e-04
996,  2.4320519172649888e-04
997,  2.4358305382857527e-04
998,  2.4406609805083566e-04
999,  2.4444709027987815e-04
1000,  2.4492645656260035e-04
1001,  2.4544614901973104e-04
1002,  2.4578029693520588e-04
1003,  2.4658177458907219e-04
1004,  2.4679086075301784e-04
1005,  2.4770869057393286e-04
1006,  2.4797450151204926e-04
1007,  2.4886407874972252e-04
1008,  2.4914903468500183e-04
1009,  2.5003170899578131e-04
1010,  2.5045566825292935e-04
1011,  2.5119035048563789e-04
1012,  2.5187881783446441e-04
1013,  2.5252562911637561e-04
1014,  2.5329094311045256e-04
1015,  2.5400286072875278e-04
1016,  2.5474999925388843e-04
1017,  2.5546976969171968e-04
1018,  2.5620995363155596e-04
1019,  2.5717520111778351e-04
1020,  2.5770003849301181e-04
1021,  2.5886734015015915e-04
1022,  2.5945427764482673e-04
1023,  2.6058302237412962e-04
1024,  2.6120990150405265e-04
1025,  2.6232981306133831e-04
1026,  2.6317405528352393e-04
1027,  2.6411719619202277e-04
1028,  2.6513616238889759e-04
1029,  2.6613527801569556e-04
1030,  2.6713173604469485e-04
1031,  2.6824467758090220e-04
1032,  2.6916878063217860e-04
1033,  2.7047999776452759e-04
1034,  2.7134215993575045e-04
1035,  2.7270581914425236e-04
1036,  2.7370742331056855e-04
1037,  2.7502687867085596e-04
1038,  2.7620946580761565e-04
1039,  2.7746173176765803e-04
1040,  2.7870391189330771e-04
1041,  2.8017149222063823e-04
1042,  2.8136241116784815e-04
1043,  2.8292952277015525e-04
1044,  2.8424909995340946e-04
1045,  2.8583626947147923e-04
1046,  2.8731474946619195e-04
1047,  2.8909589135990338e-04
1048,  2.9068671538438646e-04
1049,  2.9256872343369717e-04
1050,  2.9428640619800784e-04
1051,  2.9625742372673449e-04
1052,  2.9799403952729479e-04
1053,  2.9994946050176409e-04
1054,  3.0167232668639512e-04
1055,  3.0361227482388140e-04
1056,  3.0532150062220390e-04
1057,  3.0724609865236048e-04
1058,  3.0894179241865822e-04
1059,  3.1085116209150369e-04
1060,  3.1253343131188848e-04
1061,  3.1442769340578357e-04
1062,  3.1609664470530339e-04
1063,  3.1797591903481165e-04
1064,  3.1963165818450583e-04
1065,  3.2149606360820345e-04
1066,  3.2313869553208499e-04
1067,  3.2498834996031953e-04
1068,  3.2661797874230879e-04
1069,  3.2845299914487037e-04
1070,  3.3006972803565298e-04
1071,  3.3189023044940017e-04
1072,  3.3349416187324510e-04
1073,  3.3530026140964726e-04
1074,  3.3689149697114720e-04
1075,  3.3868330782378425e-04
1076,  3.4026194831455634e-04
1077,  3.4203958376653699e-04
1078,  3.4360572917185351e-04
1079,  3.4536930160318345e-04
1080,  3.4692305110855181e-04
1081,  3.4867267200343430e-04
1082,  3.5021412400111754e-04
1083,  3.5194990395519808e-04
1084,  3.5347915605067718e-04
1085,  3.5520120477821964e-04
1086,  3.5671835379661815e-04
1087,  3.5842678013762829e-04
1088,  3.5993192213005002e-04
1089,  3.6162683405733631e-04
1090,  3.6312006430717773e-04
1091,  3.6480156893335013e-04
1092,  3.6628298196254925e-04
1093,  3.6795118554697203e-04
1094,  3.6942087512220026e-04
1095,  3.7107588307786713e-04
1096,  3.7253394221667288e-04
1097,  3.7417585911703942e-04
1098,  3.7562238009394009e-04
1099,  3.7725130967969784e-04
1100,  3.7868638403220972e-04
1101,  3.8030242921799991e-04
1102,  3.8172614775264252e-04
1103,  3.8332941063370929e-04
1104,  3.8474186343192727e-04
1105,  3.8633244529073519e-04
1106,  3.8773372171479093e-04
1107,  3.8931172302755432e-04
1108,  3.9070191172636685e-04
1109,  3.9226743216956887e-04
1110,  3.9364662108448955e-04
1111,  3.9519975954129948e-04
1112,  3.9656803591186910e-04
1113,  3.9810889047854435e-04
1114,  3.9946634084817186e-04
1115,  4.0099500884038753e-04
1116,  4.0234171906198499e-04
1117,  4.0385829702112080e-04
1118,  4.0519435226271455e-04
1119,  4.0669893596206945e-04
1120,  4.0802442071234094e-04
1121,  4.0951710516333342e-04
1122,  4.1083210323711512e-04
1123,  4.1231298269538960e-04
1124,  4.1361757723912712e-04
1125,  4.1508674521065285e-04
1126,  4.1638101870780360e-04
1127,  4.1783856795487705e-04
1128,  4.1912260223129019e-04
1129,  4.2056862477852722e-04
1130,  4.2184250100774686e-04
1131,  4.2327708814800811e-04
1132,  4.2454088685655336e-04
1133,  4.2596412915681841e-04
1134,  4.2721793022941186e-04
1135,  4.2862991753661275e-04
1136,  4.2987380022137115e-04
1137,  4.3127462166817044e-04
1138,  4.3250866458173959e-04
1139,  4.3389840859227199e-04
1140,  4.3512268972493122e-04
1141,  4.3650144402048504e-04
1142,  4.3771604074120728e-04
1143,  4.3908389234586251e-04
1144,  4.4028888140732093e-04
1145,  4.4164591665355173e-04
1146,  4.4284137419709830e-04
1147,  4.4418767873131152e-04
1148,  4.4537368029191280e-04
1149,  4.4670933907996451e-04
1150,  4.4788595959107909e-04
1151,  4.4921105692371138e-04
1152,  4.5037837072215147e-04
1153,  4.5169299022041934e-04
1154,  4.5285107105115979e-04
1155,  4.5415529567179703e-04
1156,  4.5530421669273642e-04
1157,  4.5659812873348222e-04
1158,  4.5773796252018313e-04
1159,  4.5902164362505624e-04
1160,  4.6015246217542659e-04
1161,  4.6142599333996351e-04
1162,  4.6254786807891442e-04
1163,  4.6381132965537066e-04
1164,  4.6492433143942942e-04
1165,  4.6617780314192462e-04
1166,  4.6728200226380814e-04
1167,  4.6852556317343417e-04
1168,  4.6962102936658185e-04
1169,  4.7085475793647686e-04
1170,  4.7194156037956103e-04
1171,  4.7316553443994120e-04
1172,  4.7424374176131048e-04
1173,  4.7545803852443278e-04
1174,  4.7652771880656535e-04
1175,  4.7773241487169578e-04
1176,  4.7879363565556392e-04
1177,  4.7998880701387612e-04
1178,  4.8104163530330761e-04
1179,  4.8222735734274101e-04
1180,  4.8327185960873864e-04
1181,  4.8444820711882356e-04
1182,  4.8548444930383790e-04
1183,  4.8665149648049002e-04
1184,  4.8767954400267193e-04
1185,  4.8883736445293050e-04
1186,  4.8985728221033953e-04
1187,  4.9100594895707653e-04
1188,  4.9201780133186510e-04
1189,  4.9315738681845317e-04
1190,  4.9416123768099361e-04
1191,  4.9529181377594292e-04
1192,  4.9628772648893768e-04
1193,  4.9740936449049126e-04
1194,  4.9839740191306243e-04
1195,  4.9951017255373258e-04
1196,  5.0049039704544592e-04
1197,  5.0159437049656752e-04
1198,  5.0256684392144160e-04
1199,  5.0366208979762137e-04
1200,  5.0462687352811105e-04
1201,  5.0571346089169013e-04
1202,  5.0667061581262005e-04
1203,  5.0774861317808429e-04
1204,  5.0869819969055730e-04
1205,  5.0976767502890902e-04
1206,  5.1070975305418426e-04
1207,  5.1177077379728540e-04
1208,  5.1270540278063102e-04
1209,  5.1375803582549145e-04
1210,  5.1468527473999223e-04
1211,  5.1572958645305315e-04
1212,  5.1664949380339324e-04
1213,  5.1768555002475972e-04
1214,  5.1859818385097589e-04
1215,  5.1962604989861186e-04
1216,  5.2053146777981095e-04
1217,  5.2155120845370523e-04
1218,  5.2244946751175991e-04
1219,  5.2346114709806259e-04
1220,  5.2435230400126726e-04
1221,  5.2535598627638242e-04
1222,  5.2624009724309354e-04
1223,  5.2723584547774568e-04
1224,  5.2811296627996301e-04
1225,  5.2910084324323426e-04
1226,  5.2997102921019032e-04
1227,  5.3095109717351283e-04
1228,  5.3181440319521498e-04
1229,  5.3278672393634429e-04
1230,  5.3364320446707032e-04
1231,  5.3460783927402125e-04
1232,  5.3545754833582697e-04
1233,  5.3641455801076339e-04
1234,  5.3725754919692326e-04
1235,  5.3820699406004625e-04
1236,  5.3904332053848628e-04
1237,  5.3998526043187636e-04
1238,  5.4081497494857351e-04
1239,  5.4174946923998769e-04
1240,  5.4257262412234328e-04
1241,  5.4349973170899420e-04
1242,  5.4431637886918362e-04
1243,  5.4523615818149974e-04
1244,  5.4604634911978019e-04
1245,  5.4695885812511551e-04
1246,  5.4776264393312625e-04
1247,  5.4866794013944651e-04
1248,  5.4946537150346749e-04
1249,  5.5036351196301712e-04
1250,  5.5115463916721220e-04
1251,  5.5204568048013375e-04
1252,  5.5283055340975198e-04
1253,  5.5371455172768954e-04
1254,  5.5449321987226284e-04
1255,  5.5537023090193626e-04
1256,  5.5614274335843170e-04
1257,  5.5701282236517375e-04
1258,  5.5777922784112336e-04
1259,  5.5864242965239031e-04
1260,  5.5940277646901004e-04
1261,  5.6025915547787397e-04
1262,  5.6101349157313221e-04
1263,  5.6186310174174297e-04
1264,  5.6261147467344071e-04
1265,  5.6345436953642903e-04
1266,  5.6419682648520969e-04
1267,  5.6503305915312158e-04
1268,  5.6576964692549552e-04
1269,  5.6659927008813956e-04
1270,  5.6733003511946171e-04
1271,  5.6815310104927643e-04
1272,  5.6887808940670360e-04
1273,  5.6969464996206782e-04
1274,  5.7041390734750537e-04
1275,  5.7122401397602580e-04
1276,  5.7193758572902952e-04
1277,  5.7274128947081818e-04
1278,  5.7344922057149007e-04
1279,  5.7424657206239923e-04
1280,  5.7494890713424851e-04
1281,  5.7573995660909014e-04
1282,  5.7643673992187653e-04
1283,  5.7722153721760866e-04
1284,  5.7791281269017067e-04
1285,  5.7869140724905500e-04
1286,  5.7937721845208428e-04
1287,  5.8014965932483037e-04
1288,  5.8083004948367481e-04
1289,  5.8159638533255350e-04
1290,  5.8227139732994660e-04
1291,  5.8303167643187484e-04
1292,  5.8370135281067613e-04
1293,  5.8445562306027232e-04
1294,  5.8512000602617040e-04
1295,  5.8586831493880932e-04
1296,  5.8652744636300688e-04
1297,  5.8726984107782443e-04
1298,  5.8792376249970451e-04
1299,  5.8866028978257973e-04
1300,  5.8930904241234576e-04
1301,  5.9003974865888195e-04
1302,  5.9068337338018468e-04
1303,  5.9140830461864192e-04
1304,  5.9204684199117051e-04
1305,  5.9276604388538404e-04
1306,  5.9339953414744968e-04
1307,  5.9411305199972620e-04
1308,  5.9474153507082595e-04
1309,  5.9544941382481563e-04
1310,  5.9607292930815615e-04
1311,  5.9677521355170574e-04
1312,  5.9739380073673299e-04
1313,  5.9809053470470251e-04
1314,  5.9870423256959328e-04
1315,  5.9939546014666737e-04
1316,  6.0000430736080641e-04
1317,  6.0069007208426951e-04
1318,  6.0129410701071175e-04
1319,  6.0197445207320972e-04
1320,  6.0257371277110897e-04
1321,  6.0324868102338810e-04
1322,  6.0384320525041330e-04
1323,  6.0451283920402970e-04
1324,  6.0510266441877656e-04
1325,  6.0576700624878936e-04
1326,  6.0635216961314384e-04
1327,  6.0701126116078957e-04
1328,  6.0759179954229770e-04
1329,  6.0824568231764551e-04
1330,  6.0882163229185305e-04
1331,  6.0947034747642240e-04
1332,  6.1004174532918668e-04
1333,  6.1068533377855419e-04
1334,  6.1125221550836187e-04
1335,  6.1189071775475973e-04
1336,  6.1245311907500463e-04
1337,  6.1308657532988193e-04
1338,  6.1364453167112574e-04
1339,  6.1427298182769284e-04
1340,  6.1482652833992277e-04
1341,  6.1545001197567438e-04
1342,  6.1599918353053126e-04
1343,  6.1661773990975193e-04
1344,  6.1716257110273692e-04
1345,  6.1777623917899638e-04
1346,  6.1831676433167536e-04
1347,  6.1892558275028031e-04
1348,  6.1946183591244459e-04
1349,  6.2006584301288990e-04
1350,  6.2059785796473492e-04
1351,  6.2119709178313056e-04
1352,  6.2172490203738569e-04
1353,  6.2231940030886654e-04
1354,  6.2284303911292252e-04
1355,  6.2343283927402977e-04
1356,  6.2395233961204551e-04
1357,  6.2453747880309276e-04
1358,  6.2505287339809665e-04
1359,  6.2563338846552614e-04
1360,  6.2614470978147375e-04
1361,  6.2672063728019041e-04
1362,  6.2722791752403185e-04
1363,  6.2779929371970498e-04
1364,  6.2830256484342590e-04
1365,  6.2886942571479078e-04
1366,  6.2936871941743746e-04
1367,  6.2993110065856430e-04
1368,  6.3042644838824701e-04
1369,  6.3098438541080279e-04
1370,  6.3147581836669640e-04
1371,  6.3202934630218104e-04
1372,  6.3251689543649650e-04
1373,  6.3306604913847720e-04
1374,  6.3354974515841735e-04
1375,  6.3409455920471018e-04
1376,  6.3457443257442815e-04
1377,  6.3511494126929720e-04
1378,  6.3559102221181119e-04
1379,  6.3612725958814612e-04
1380,  6.3659957808726573e-04
1381,  6.3713157790870536e-04
1382,  6.3760016371092730e-04
1383,  6.3812795947402632e-04
1384,  6.3859284209040782e-04
1385,  6.3911646702673338e-04
1386,  6.3957767573477760e-04
1387,  6.4009716281301118e-04
1388,  6.4055472665850528e-04
1389,  6.4107010858653612e-04
1390,  6.4152405638540316e-04
1391,  6.4203536561239149e-04
1392,  6.4248572595249640e-04
1393,  6.4299299467091844e-04
1394,  6.4343979591390639e-04
1395,  6.4394305606158984e-04
1396,  6.4438632634465263e-04
1397,  6.4488560960680014e-04
1398,  6.4532537684447054e-04
1399,  6.4582071465565970e-04
1400,  6.4625700654157643e-04
1401,  6.4674843008774422e-04
1402,  6.4718127409640826e-04
1403,  6.4766881431682123e-04
1404,  6.4809823770531924e-04
1405,  6.4858192529453258e-04
1406,  6.4900795510428174e-04
1407,  6.4948782051406644e-04
1408,  6.4991048357251381e-04
1409,  6.5038655701379574e-04
1410,  6.5080587993611482e-04
1411,  6.5127819138087353e-04
1412,  6.5169420057164704e-04
1413,  6.5216277975480637e-04
1414,  6.5257550140970582e-04
1415,  6.5304037783102192e-04
1416,  6.5344983793845502e-04
1417,  6.5391104086436980e-04
1418,  6.5431726520712467e-04
1419,  6.5477482367262371e-04
1420,  6.5517783782950624e-04
1421,  6.5563178063993588e-04
1422,  6.5603160998737773e-04
1423,  6.5648196572028791e-04
1424,  6.5687863543395855e-04
1425,  6.5732543244088198e-04
1426,  6.5771896749727604e-04
1427,  6.5816223390553774e-04
1428,  6.5855265908355820e-04
1429,  6.5899242279804468e-04
1430,  6.5937976268056256e-04
1431,  6.5981605138547782e-04
1432,  6.6020033036089825e-04
1433,  6.6063317152151811e-04
1434,  6.6101441378530498e-04
1435,  6.6144383464971388e-04
1436,  6.6182206420593002e-04
1437,  6.6224809180672947e-04
1438,  6.6262333246956261e-04
1439,  6.6304599362559133e-04
1440,  6.6341826902083614e-04
1441,  6.6383759033885085e-04
1442,  6.6420692390542155e-04
1443,  6.6462293178178272e-04
1444,  6.6498934677318607e-04
1445,  6.6540206739553040e-04
1446,  6.6576558688133229e-04
1447,  6.6617504623021104e-04
1448,  6.6653569309749964e-04
1449,  6.6694191694802434e-04
1450,  6.6729971390286369e-04
1451,  6.6770272782633484e-04
1452,  6.6805769739517655e-04
1453,  6.6845752676070235e-04
1454,  6.6880969129183099e-04
1455,  6.6920636126791759e-04
1456,  6.6955574293284877e-04
1457,  6.6994927848899161e-04
1458,  6.7029589928388564e-04
1459,  6.7068632519214533e-04
1460,  6.7103020693918658e-04
1461,  6.7141754777575845e-04
1462,  6.7175871212452672e-04
1463,  6.7214299227128405e-04
1464,  6.7248146070013868e-04
1465,  6.7286270434617284e-04
1466,  6.7319849816360451e-04
1467,  6.7357672930674710e-04
1468,  6.7390986965271376e-04
1469,  6.7428511210106189e-04
1470,  6.7461561994833609e-04
1471,  6.7498789732173736e-04
1472,  6.7531579347722805e-04
1473,  6.7568512920878785e-04
1474,  6.7601043431484125e-04
1475,  6.7637685165240096e-04
1476,  6.7669958618811791e-04
1477,  6.7706310819569794e-04
1478,  6.7738329247822528e-04
1479,  6.7774394203750461e-04
1480,  6.7806159622331474e-04
1481,  6.7841939603506085e-04
1482,  6.7873454012123057e-04
1483,  6.7908951270673689e-04
1484,  6.7940216653219370e-04
1485,  6.7975433423470607e-04
1486,  6.8006451748150369e-04
1487,  6.8041390246761674e-04
1488,  6.8072163466215379e-04
1489,  6.8106825892321106e-04
1490,  6.8137355943748232e-04
1491,  6.8171744479097497e-04
1492,  6.8202033284378788e-04
1493,  6.8236150093471106e-04
1494,  6.8266199559289577e-04