itr,err
2,  6.7578856655349032e-02
3,  6.5923589487788550e-02
4,  6.4517141431272157e-02
5,  6.3276208965508299e-02
6,  6.2159261892552053e-02
7,  6.1138602936418859e-02
8,  6.0195782935193579e-02
9,  5.9317481556237360e-02
10,  5.8493798453159794e-02
11,  5.7717112052257630e-02
12,  5.6981414603250069e-02
13,  5.6281868834109766e-02
14,  5.5614512497669001e-02
15,  5.4976051586484359e-02
16,  5.4363712660729653e-02
17,  5.3775134574199614e-02
18,  5.3208287556271841e-02
19,  5.2661411622140802e-02
20,  5.2132968960579423e-02
21,  5.1621606605150937e-02
22,  5.1126126799129354e-02
23,  5.0645463200510117e-02
24,  5.0178661579501446e-02
25,  4.9724864013536166e-02
26,  4.9283295835230979e-02
27,  4.8853254769073463e-02
28,  4.8434101824379863e-02
29,  4.8025253609548402e-02
30,  4.7626175805613881e-02
31,  4.7236377592328252e-02
32,  4.6855406862216453e-02
33,  4.6482846090622740e-02
34,  4.6118308755119089e-02
35,  4.5761436217540821e-02
36,  4.5411894997646723e-02
37,  4.5069374379928848e-02
38,  4.4733584305142515e-02
39,  4.4404253506230618e-02
40,  4.4081127854900974e-02
41,  4.3763968890477810e-02
42,  4.3452552507066672e-02
43,  4.3146667778701027e-02
44,  4.2846115905155961e-02
45,  4.2550709263626141e-02
46,  4.2260270553560256e-02
47,  4.1974632023713300e-02
48,  4.1693634771959712e-02
49,  4.1417128109670139e-02
50,  4.1144968983527624e-02
51,  4.0877021448563644e-02
52,  4.0613156186980061e-02
53,  4.0353250067987796e-02
54,  4.0097185744472144e-02
55,  3.9844851282787183e-02
56,  3.9596139822416748e-02
57,  3.9350949262609888e-02
58,  3.9109181973424029e-02
59,  3.8870744528893150e-02
60,  3.8635547460287530e-02
61,  3.8403505027644960e-02
62,  3.8174535007950865e-02
63,  3.7948558498505681e-02
64,  3.7725499734172538e-02
65,  3.7505285917326124e-02
66,  3.7287847059441624e-02
67,  3.7073115833362223e-02
68,  3.6861027435384663e-02
69,  3.6651519456371191e-02
70,  3.6444531761180600e-02
71,  3.6240006375771162e-02
72,  3.6037887381385927e-02
73,  3.5838120815287533e-02
74,  3.5640654577552430e-02
75,  3.5445438343479470e-02
76,  3.5252423481205254e-02
77,  3.5061562974153491e-02
78,  3.4872811347975430e-02
79,  3.4686124601669581e-02
80,  3.4501460142590763e-02
81,  3.4318776725084196e-02
82,  3.4138034392501543e-02
83,  3.3959194422373426e-02
84,  3.3782219274531004e-02
85,  3.3607072541985542e-02
86,  3.3433718904389918e-02
87,  3.3262124083916884e-02
88,  3.3092254803403137e-02
89,  3.2924078746620337e-02
90,  3.2757564520540211e-02
91,  3.2592681619474914e-02
92,  3.2429400390979538e-02
93,  3.2267692003412195e-02
94,  3.2107528415054459e-02
95,  3.1948882344702535e-02
96,  3.1791727243642966e-02
97,  3.1636037268935838e-02
98,  3.1481787257931285e-02
99,  3.1328952703950176e-02
100,  3.1177509733065920e-02
101,  3.1027435081925979e-02
102,  3.0878706076558477e-02
103,  3.0731300612108770e-02
104,  3.0585197133460067e-02
105,  3.0440374616688436e-02
106,  3.0296812551310490e-02
107,  3.0154490923283081e-02
108,  3.0013390198716003e-02
109,  2.9873491308260631e-02
110,  2.9734775632143610e-02
111,  2.9597224985810466e-02
112,  2.9460821606150048e-02
113,  2.9325548138273250e-02
114,  2.9191387622815725e-02
115,  2.9058323483742723e-02
116,  2.8926339516630394e-02
117,  2.8795419877401255e-02
118,  2.8665549071493386e-02
119,  2.8536711943442063e-02
120,  2.8408893666855724e-02
121,  2.8282079734768161e-02
122,  2.8156255950349384e-02
123,  2.8031408417959595e-02
124,  2.7907523534530767e-02
125,  2.7784587981261120e-02
126,  2.7662588715609327e-02
127,  2.7541512963575081e-02
128,  2.7421348212253002e-02
129,  2.7302082202649389e-02
130,  2.7183702922749770e-02
131,  2.7066198600827415e-02
132,  2.6949557698980938e-02
133,  2.6833768906894071e-02
134,  2.6718821135806231e-02
135,  2.6604703512686109e-02
136,  2.6491405374600478e-02
137,  2.6378916263269117e-02
138,  2.6267225919799200e-02
139,  2.6156324279592278e-02
140,  2.6046201467415830e-02
141,  2.5936847792634391e-02
142,  2.5828253744592529e-02
143,  2.5720409988145086e-02
144,  2.5613307359328069e-02
145,  2.5506936861165501e-02
146,  2.5401289659606478e-02
147,  2.5296357079587346e-02
148,  2.5192130601215997e-02
149,  2.5088601856070581e-02
150,  2.4985762623612483e-02
151,  2.4883604827704617e-02
152,  2.4782120533235970e-02
153,  2.4681301942844902e-02
154,  2.4581141393739164e-02
155,  2.4481631354609606e-02
156,  2.4382764422632972e-02
157,  2.4284533320561727e-02
158,  2.4186930893896640e-02
159,  2.4089950108141241e-02
160,  2.3993584046132981e-02
161,  2.3897825905449855e-02
162,  2.3802668995889467e-02
163,  2.3708106737018623e-02
164,  2.3614132655789901e-02
165,  2.3520740384224120e-02
166,  2.3427923657155819e-02
167,  2.3335676310039719e-02
168,  2.3243992276816564e-02
169,  2.3152865587835903e-02
170,  2.3062290367834182e-02
171,  2.2972260833966002e-02
172,  2.2882771293888132e-02
173,  2.2793816143891914e-02
174,  2.2705389867085868e-02
175,  2.2617487031624219e-02
176,  2.2530102288980784e-02
177,  2.2443230372267826e-02
178,  2.2356866094596736e-02
179,  2.2271004347480118e-02
180,  2.2185640099274141e-02
181,  2.2100768393660208e-02
182,  2.2016384348162957e-02
183,  2.1932483152706211e-02
184,  2.1849060068203231e-02
185,  2.1766110425182082e-02
186,  2.1683629622443988e-02
187,  2.1601613125753785e-02
188,  2.1520056466562389e-02
189,  2.1438955240758985e-02
190,  2.1358305107453790e-02
191,  2.1278101787787954e-02
192,  2.1198341063773111e-02
193,  2.1119018777157075e-02
194,  2.1040130828315812e-02
195,  2.0961673175171221e-02
196,  2.0883641832133950e-02
197,  2.0806032869069960e-02
198,  2.0728842410290861e-02
199,  2.0652066633566831e-02
200,  2.0575701769162368e-02
201,  2.0499744098892710e-02
202,  2.0424189955201844e-02
203,  2.0349035720260891e-02
204,  2.0274277825086475e-02
205,  2.0199912748678103e-02
206,  2.0125937017174581e-02
207,  2.0052347203028974e-02
208,  1.9979139924200841e-02
209,  1.9906311843366720e-02
210,  1.9833859667146334e-02
211,  1.9761780145346988e-02
212,  1.9690070070221909e-02
213,  1.9618726275746123e-02
214,  1.9547745636906682e-02
215,  1.9477125069007683e-02
216,  1.9406861526989935e-02
217,  1.9336952004765071e-02
218,  1.9267393534562798e-02
219,  1.9198183186292055e-02
220,  1.9129318066915070e-02
221,  1.9060795319834060e-02
222,  1.8992612124290691e-02
223,  1.8924765694777298e-02
224,  1.8857253280460354e-02
225,  1.8790072164615028e-02
226,  1.8723219664071675e-02
227,  1.8656693128672460e-02
228,  1.8590489940739464e-02
229,  1.8524607514553097e-02
230,  1.8459043295840388e-02
231,  1.8393794761273966e-02
232,  1.8328859417979883e-02
233,  1.8264234803055883e-02
234,  1.8199918483098466e-02
235,  1.8135908053739186e-02
236,  1.8072201139189521e-02
237,  1.8008795391795240e-02
238,  1.7945688491598354e-02
239,  1.7882878145907975e-02
240,  1.7820362088878643e-02
241,  1.7758138081097649e-02
242,  1.7696203909178709e-02
243,  1.7634557385364336e-02
244,  1.7573196347135254e-02
245,  1.7512118656826746e-02
246,  1.7451322201252392e-02
247,  1.7390804891334936e-02
248,  1.7330564661743313e-02
249,  1.7270599470536743e-02
250,  1.7210907298815418e-02
251,  1.7151486150376930e-02
252,  1.7092334051379717e-02
253,  1.7033449050011779e-02
254,  1.6974829216166006e-02
255,  1.6916472641120613e-02
256,  1.6858377437226228e-02
257,  1.6800541737597451e-02
258,  1.6742963695810846e-02
259,  1.6685641485607423e-02
260,  1.6628573300601145e-02
261,  1.6571757353991818e-02
262,  1.6515191878283677e-02
263,  1.6458875125008123e-02
264,  1.6402805364452204e-02
265,  1.6346980885390879e-02
266,  1.6291399994824509e-02
267,  1.6236061017720575e-02
268,  1.6180962296759926e-02
269,  1.6126102192087519e-02
270,  1.6071479081066861e-02
271,  1.6017091358039661e-02
272,  1.5962937434088061e-02
273,  1.5909015736802534e-02
274,  1.5855324710052351e-02
275,  1.5801862813760625e-02
276,  1.5748628523682827e-02
277,  1.5695620331189371e-02
278,  1.5642836743051298e-02
279,  1.5590276281229803e-02
280,  1.5537937482669203e-02
281,  1.5485818899093473e-02
282,  1.5433919096805937e-02
283,  1.5382236656492019e-02
284,  1.5330770173025999e-02
285,  1.5279518255280055e-02
286,  1.5228479525936763e-02
287,  1.5177652621304983e-02
288,  1.5127036191137996e-02
289,  1.5076628898455340e-02
290,  1.5026429419366773e-02
291,  1.4976436442899905e-02
292,  1.4926648670829589e-02
293,  1.4877064817511025e-02
294,  1.4827683609714966e-02
295,  1.4778503786465247e-02
296,  1.4729524098879940e-02
297,  1.4680743310013775e-02
298,  1.4632160194704018e-02
299,  1.4583773539418289e-02
300,  1.4535582142104545e-02
301,  1.4487584812044390e-02
302,  1.4439780369707134e-02
303,  1.4392167646607860e-02
304,  1.4344745485166253e-02
305,  1.4297512738568345e-02
306,  1.4250468270630316e-02
307,  1.4203610955664286e-02
308,  1.4156939678345958e-02
309,  1.4110453333584972e-02
310,  1.4064150826396473e-02
311,  1.4018031071775079e-02
312,  1.3972092994570322e-02
313,  1.3926335529365031e-02
314,  1.3880757620354093e-02
315,  1.3835358221226144e-02
316,  1.3790136295046634e-02
317,  1.3745090814142626e-02
318,  1.3700220759989477e-02
319,  1.3655525123098986e-02
320,  1.3611002902909583e-02
321,  1.3566653107677637e-02
322,  1.3522474754370926e-02
323,  1.3478466868563124e-02
324,  1.3434628484330607e-02
325,  1.3390958644149780e-02
326,  1.3347456398796767e-02
327,  1.3304120807248215e-02
328,  1.3260950936583660e-02
329,  1.3217945861888878e-02
330,  1.3175104666161746e-02
331,  1.3132426440218012e-02
332,  1.3089910282599426e-02
333,  1.3047555299483210e-02
334,  1.3005360604592181e-02
335,  1.2963325319106682e-02
336,  1.2921448571577822e-02
337,  1.2879729497841523e-02
338,  1.2838167240934320e-02
339,  1.2796760951009931e-02
340,  1.2755509785257177e-02
341,  1.2714412907819267e-02
342,  1.2673469489713804e-02
343,  1.2632678708754428e-02
344,  1.2592039749473155e-02
345,  1.2551551803043924e-02
346,  1.2511214067207415e-02
347,  1.2471025746196504e-02
348,  1.2430986050663286e-02
349,  1.2391094197606698e-02
350,  1.2351349410301285e-02
351,  1.2311750918227185e-02
352,  1.2272297957000548e-02
353,  1.2232989768305580e-02
354,  1.2193825599826858e-02
355,  1.2154804705183165e-02
356,  1.2115926343861941e-02
357,  1.2077189781154532e-02
358,  1.2038594288092595e-02
359,  1.2000139141385313e-02
360,  1.1961823623357216e-02
361,  1.1923647021887024e-02
362,  1.1885608630347660e-02
363,  1.1847707747546262e-02
364,  1.1809943677665866e-02
365,  1.1772315730207242e-02
366,  1.1734823219932048e-02
367,  1.1697465466806138e-02
368,  1.1660241795944199e-02
369,  1.1623151537554784e-02
370,  1.1586194026886194e-02
371,  1.1549368604173079e-02
372,  1.1512674614583839e-02
373,  1.1476111408168396e-02
374,  1.1439678339807068e-02
375,  1.1403374769159787e-02
376,  1.1367200060616443e-02
377,  1.1331153583247103e-02
378,  1.1295234710753775e-02
379,  1.1259442821422097e-02
380,  1.1223777298074051e-02
381,  1.1188237528021250e-02
382,  1.1152822903018568e-02
383,  1.1117532819218829e-02
384,  1.1082366677127548e-02
385,  1.1047323881558730e-02
386,  1.1012403841590900e-02
387,  1.0977605970524077e-02
388,  1.0942929685836699e-02
389,  1.0908374409143747e-02
390,  1.0873939566155009e-02
391,  1.0839624586634041e-02
392,  1.0805428904357615e-02
393,  1.0771351957075423e-02
394,  1.0737393186471017e-02
395,  1.0703552038122148e-02
396,  1.0669827961462734e-02
397,  1.0636220409744627e-02
398,  1.0602728839999815e-02
399,  1.0569352713003707e-02
400,  1.0536091493238055e-02
401,  1.0502944648855050e-02
402,  1.0469911651641493e-02
403,  1.0436991976983476e-02
404,  1.0404185103831499e-02
405,  1.0371490514666156e-02
406,  1.0338907695463985e-02
407,  1.0306436135663937e-02
408,  1.0274075328134322e-02
409,  1.0241824769139801e-02
410,  1.0209683958309278e-02
411,  1.0177652398603626e-02
412,  1.0145729596284580e-02
413,  1.0113915060883091e-02
414,  1.0082208305168643e-02
415,  1.0050608845118920e-02
416,  1.0019116199889669e-02
417,  9.9877298917849851e-03
418,  9.9564494462279027e-03
419,  9.9252743917315322e-03
420,  9.8942042598702332e-03
421,  9.8632385852514617e-03
422,  9.8323769054877736e-03
423,  9.8016187611690130e-03
424,  9.7709636958352268e-03
425,  9.7404112559496547e-03
426,  9.7099609908718239e-03
427,  9.6796124528315194e-03
428,  9.6493651969024961e-03
429,  9.6192187809769070e-03
430,  9.5891727657397424e-03
431,  9.5592267146438255e-03
432,  9.5293801938848011e-03
433,  9.4996327723767433e-03
434,  9.4699840217278425e-03
435,  9.4404335162163108e-03
436,  9.4109808327668774e-03
437,  9.3816255509271019e-03
438,  9.3523672528444558e-03
439,  9.3232055232432918e-03
440,  9.2941399494022286e-03
441,  9.2651701211317293e-03
442,  9.2362956307521019e-03
443,  9.2075160730714940e-03
444,  9.1788310453644138e-03
445,  9.1502401473501829e-03
446,  9.1217429811719496e-03
447,  9.0933391513757685e-03
448,  9.0650282648898906e-03
449,  9.0368099310043359e-03
450,  9.0086837613507376e-03
451,  8.9806493698824080e-03
452,  8.9527063728545384e-03
453,  8.9248543888045470e-03
454,  8.8970930385330899e-03
455,  8.8694219450846188e-03
456,  8.8418407337287064e-03
457,  8.8143490319413532e-03
458,  8.7869464693863322e-03
459,  8.7596326778973353e-03
460,  8.7324072914593178e-03
461,  8.7052699461911860e-03
462,  8.6782202803277770e-03
463,  8.6512579342025268e-03
464,  8.6243825502300992e-03
465,  8.5975937728894076e-03
466,  8.5708912487065109e-03
467,  8.5442746262380537e-03
468,  8.5177435560546098e-03
469,  8.4912976907243112e-03
470,  8.4649366847967377e-03
471,  8.4386601947867290e-03
472,  8.4124678791586954e-03
473,  8.3863593983107866e-03
474,  8.3603344145594741e-03
475,  8.3343925921241183e-03
476,  8.3085335971119084e-03
477,  8.2827570975026344e-03
478,  8.2570627631338902e-03
479,  8.2314502656865244e-03
480,  8.2059192786697339e-03
481,  8.1804694774070055e-03
482,  8.1551005390215828e-03
483,  8.1298121424224924e-03
484,  8.1046039682905642e-03
485,  8.0794756990645623e-03
486,  8.0544270189275603e-03
487,  8.0294576137933810e-03
488,  8.0045671712931175e-03
489,  7.9797553807620814e-03
490,  7.9550219332264575e-03
491,  7.9303665213903939e-03
492,  7.9057888396231613e-03
493,  7.8812885839464279e-03
494,  7.8568654520216816e-03
495,  7.8325191431376246e-03
496,  7.8082493581980448e-03
497,  7.7840557997093758e-03
498,  7.7599381717687928e-03
499,  7.7358961800520860e-03
500,  7.7119295318018814e-03
501,  7.6880379358158450e-03
502,  7.6642211024352128e-03
503,  7.6404787435331014e-03
504,  7.6168105725032036e-03
505,  7.5932163042484917e-03
506,  7.5696956551700445e-03
507,  7.5462483431560394e-03
508,  7.5228740875707655e-03
509,  7.4995726092437895e-03
510,  7.4763436304591405e-03
511,  7.4531868749449278e-03
512,  7.4301020678624440e-03
513,  7.4070889357960830e-03
514,  7.3841472067428388e-03
515,  7.3612766101020652e-03
516,  7.3384768766654737e-03
517,  7.3157477386070046e-03
518,  7.2930889294729531e-03
519,  7.2705001841720830e-03
520,  7.2479812389658954e-03
521,  7.2255318314590651e-03
522,  7.2031517005897022e-03
523,  7.1808405866201326e-03
524,  7.1585982311273061e-03
525,  7.1364243769935793e-03
526,  7.1143187683975536e-03
527,  7.0922811508049247e-03
528,  7.0703112709594928e-03
529,  7.0484088768741106e-03
530,  7.0265737178219715e-03
531,  7.0048055443277793e-03
532,  6.9831041081589483e-03
533,  6.9614691623171290e-03
534,  6.9399004610295910e-03
535,  6.9183977597408490e-03
536,  6.8969608151041376e-03
537,  6.8755893849732621e-03
538,  6.8542832283943027e-03
539,  6.8330421055974372e-03
540,  6.8118657779889279e-03
541,  6.7907540081430665e-03
542,  6.7697065597943102e-03
543,  6.7487231978293309e-03
544,  6.7278036882792739e-03
545,  6.7069477983120592e-03
546,  6.6861552962247089e-03
547,  6.6654259514358580e-03
548,  6.6447595344780270e-03
549,  6.6241558169903986e-03
550,  6.6036145717113630e-03
551,  6.5831355724711325e-03
552,  6.5627185941846532e-03
553,  6.5423634128442534e-03
554,  6.5220698055126558e-03
555,  6.5018375503158353e-03
556,  6.4816664264360719e-03
557,  6.4615562141050048e-03
558,  6.4415066945967357e-03
559,  6.4215176502211025e-03
560,  6.4015888643167923e-03
561,  6.3817201212447421e-03
562,  6.3619112063815000e-03
563,  6.3421619061126465e-03
564,  6.3224720078261685e-03
565,  6.3028412999061598e-03
566,  6.2832695717263158e-03
567,  6.2637566136435844e-03
568,  6.2443022169918361e-03
569,  6.2249061740757578e-03
570,  6.2055682781644427e-03
571,  6.1862883234854458e-03
572,  6.1670661052185844e-03
573,  6.1479014194899366e-03
574,  6.1287940633658307e-03
575,  6.1097438348469745e-03
576,  6.0907505328624848e-03
577,  6.0718139572641132e-03
578,  6.0529339088204312e-03
579,  6.0341101892110683e-03
580,  6.0153426010210983e-03
581,  5.9966309477353374e-03
582,  5.9779750337327284e-03
583,  5.9593746642807952e-03
584,  5.9408296455302802e-03
585,  5.9223397845093754e-03
586,  5.9039048891186951e-03
587,  5.8855247681255732e-03
588,  5.8671992311589340e-03
589,  5.8489280887039112e-03
590,  5.8307111520966388e-03
591,  5.8125482335191691e-03
592,  5.7944391459940495e-03
593,  5.7763837033794549e-03
594,  5.7583817203640522e-03
595,  5.7404330124618767e-03
596,  5.7225373960074393e-03
597,  5.7046946881507852e-03
598,  5.6869047068525145e-03
599,  5.6691672708789670e-03
600,  5.6514821997973169e-03
601,  5.6338493139708812e-03
602,  5.6162684345542760e-03
603,  5.5987393834887591e-03
604,  5.5812619834974785e-03
605,  5.5638360580809645e-03
606,  5.5464614315122954e-03
607,  5.5291379288328066e-03
608,  5.5118653758473007e-03
609,  5.4946435991196970e-03
610,  5.4774724259685388e-03
611,  5.4603516844625513e-03
612,  5.4432812034161896e-03
613,  5.4262608123854120e-03
614,  5.4092903416632400e-03
615,  5.3923696222754908e-03
616,  5.3754984859765041e-03
617,  5.3586767652450198e-03
618,  5.3419042932797865e-03
619,  5.3251809039955769e-03
620,  5.3085064320189616e-03
621,  5.2918807126842394e-03
622,  5.2753035820293556e-03
623,  5.2587748767918795e-03
624,  5.2422944344049857e-03
625,  5.2258620929934744e-03
626,  5.2094776913698291e-03
627,  5.1931410690303041e-03
628,  5.1768520661510335e-03
629,  5.1606105235841495e-03
630,  5.1444162828539874e-03
631,  5.1282691861532824e-03
632,  5.1121690763393972e-03
633,  5.0961157969304860e-03
634,  5.0801091921019352e-03
635,  5.0641491066825790e-03
636,  5.0482353861510234e-03
637,  5.0323678766321022e-03
638,  5.0165464248931148e-03
639,  5.0007708783404142e-03
640,  4.9850410850157557e-03
641,  4.9693568935927695e-03
642,  4.9537181533734972e-03
643,  4.9381247142848573e-03
644,  4.9225764268752571e-03
645,  4.9070731423111452e-03
646,  4.8916147123735394e-03
647,  4.8762009894547705e-03
648,  4.8608318265550132e-03
649,  4.8455070772790640e-03
650,  4.8302265958329376e-03
651,  4.8149902370206244e-03
652,  4.7997978562408991e-03
653,  4.7846493094839378e-03
654,  4.7695444533282436e-03
655,  4.7544831449373836e-03
656,  4.7394652420568589e-03
657,  4.7244906030109498e-03
658,  4.7095590866995619e-03
659,  4.6946705525951994e-03
660,  4.6798248607398145e-03
661,  4.6650218717417882e-03
662,  4.6502614467728957e-03
663,  4.6355434475652910e-03
664,  4.6208677364084879e-03
665,  4.6062341761464350e-03
666,  4.5916426301745635e-03
667,  4.5770929624367879e-03
668,  4.5625850374226709e-03
669,  4.5481187201645385e-03
670,  4.5336938762345329e-03
671,  4.5193103717418607e-03
672,  4.5049680733298672e-03
673,  4.4906668481733492e-03
674,  4.4764065639756011e-03
675,  4.4621870889658159e-03
676,  4.4480082918961720e-03
677,  4.4338700420392743e-03
678,  4.4197722091852479e-03
679,  4.4057146636392094e-03
680,  4.3916972762184717e-03
681,  4.3777199182499582e-03
682,  4.3637824615675091e-03
683,  4.3498847785093057e-03
684,  4.3360267419152252e-03
685,  4.3222082251242831e-03
686,  4.3084291019720071e-03
687,  4.2946892467879538e-03
688,  4.2809885343931316e-03
689,  4.2673268400975012e-03
690,  4.2537040396974637e-03
691,  4.2401200094733466e-03
692,  4.2265746261869672e-03
693,  4.2130677670791901e-03
694,  4.1995993098674503e-03
695,  4.1861691327433831e-03
696,  4.1727771143703881e-03
697,  4.1594231338812002e-03
698,  4.1461070708755680e-03
699,  4.1328288054179787e-03
700,  4.1195882180351103e-03
701,  4.1063851897136846e-03
702,  4.0932196018980552e-03
703,  4.0800913364880068e-03
704,  4.0670002758363402e-03
705,  4.0539463027467471e-03
706,  4.0409293004714415e-03
707,  4.0279491527090263e-03
708,  4.0150057436021663e-03
709,  4.0020989577354690e-03
710,  3.9892286801332380e-03
711,  3.9763947962573078e-03
712,  3.9635971920048974e-03
713,  3.9508357537064217e-03
714,  3.9381103681233910e-03
715,  3.9254209224462641e-03
716,  3.9127673042923380e-03
717,  3.9001494017036702e-03
718,  3.8875671031449468e-03
719,  3.8750202975014851e-03
720,  3.8625088740771316e-03
721,  3.8500327225921872e-03
722,  3.8375917331814743e-03
723,  3.8251857963922152e-03
724,  3.8128148031820576e-03
725,  3.8004786449171235e-03
726,  3.7881772133699825e-03
727,  3.7759104007177241e-03
728,  3.7636780995399226e-03
729,  3.7514802028168013e-03
730,  3.7393166039272306e-03
731,  3.7271871966468098e-03
732,  3.7150918751459928e-03
733,  3.7030305339881878e-03
734,  3.6910030681278363e-03
735,  3.6790093729085782e-03
736,  3.6670493440614073e-03
737,  3.6551228777027540e-03
738,  3.6432298703327121e-03
739,  3.6313702188332077e-03
740,  3.6195438204661362e-03
741,  3.6077505728716102e-03
742,  3.5959903740661234e-03
743,  3.5842631224408446e-03
744,  3.5725687167597500e-03
745,  3.5609070561579362e-03
746,  3.5492780401398132e-03
747,  3.5376815685774269e-03
748,  3.5261175417086949e-03
749,  3.5145858601356929e-03
750,  3.5030864248229566e-03
751,  3.4916191370958014e-03
752,  3.4801838986385446e-03
753,  3.4687806114929759e-03
754,  3.4574091780565810e-03
755,  3.4460695010809206e-03
756,  3.4347614836699853e-03
757,  3.4234850292786017e-03
758,  3.4122400417106653e-03
759,  3.4010264251177068e-03
760,  3.3898440839971863e-03
761,  3.3786929231908705e-03
762,  3.3675728478833396e-03
763,  3.3564837636002975e-03
764,  3.3454255762070994e-03
765,  3.3343981919071405e-03
766,  3.3234015172403093e-03
767,  3.3124354590814745e-03
768,  3.3014999246389135e-03
769,  3.2905948214528159e-03
770,  3.2797200573937580e-03
771,  3.2688755406612112e-03
772,  3.2580611797820287e-03
773,  3.2472768836089628e-03
774,  3.2365225613192137e-03
775,  3.2257981224129077e-03
776,  3.2151034767116619e-03
777,  3.2044385343571588e-03
778,  3.1938032058096387e-03
779,  3.1831974018465417e-03
780,  3.1726210335609943e-03
781,  3.1620740123604781e-03
782,  3.1515562499653334e-03
783,  3.1410676584074223e-03
784,  3.1306081500286978e-03
785,  3.1201776374798463e-03
786,  3.1097760337188631e-03
787,  3.0994032520097006e-03
788,  3.0890592059209581e-03
789,  3.0787438093244353e-03
790,  3.0684569763938445e-03
791,  3.0581986216034825e-03
792,  3.0479686597268281e-03
793,  3.0377670058352670e-03
794,  3.0275935752968088e-03
795,  3.0174482837747015e-03
796,  3.0073310472261859e-03
797,  2.9972417819011561e-03
798,  2.9871804043409317e-03
799,  2.9771468313768913e-03
800,  2.9671409801293042e-03
801,  2.9571627680059897e-03
802,  2.9472121127010575e-03
803,  2.9372889321937165e-03
804,  2.9273931447469609e-03
805,  2.9175246689063941e-03
806,  2.9076834234989381e-03
807,  2.8978693276316579e-03
808,  2.8880823006905225e-03
809,  2.8783222623391994e-03
810,  2.8685891325178512e-03
811,  2.8588828314419275e-03
812,  2.8492032796010001e-03
813,  2.8395503977575770e-03
814,  2.8299241069458937e-03
815,  2.8203243284707566e-03
816,  2.8107509839063985e-03
817,  2.8012039950953208e-03
818,  2.7916832841471239e-03
819,  2.7821887734373356e-03
820,  2.7727203856063565e-03
821,  2.7632780435582621e-03
822,  2.7538616704596702e-03
823,  2.7444711897386645e-03
824,  2.7351065250836573e-03
825,  2.7257676004423049e-03
826,  2.7164543400203297e-03
827,  2.7071666682805390e-03
828,  2.6979045099416485e-03
829,  2.6886677899772352e-03
830,  2.6794564336146609e-03
831,  2.6702703663339738e-03
832,  2.6611095138668740e-03
833,  2.6519738021956356e-03
834,  2.6428631575520609e-03
835,  2.6337775064164252e-03
836,  2.6247167755164324e-03
837,  2.6156808918261928e-03
838,  2.6066697825651657e-03
839,  2.5976833751971463e-03
840,  2.5887215974292502e-03
841,  2.5797843772108991e-03
842,  2.5708716427327943e-03
843,  2.5619833224259205e-03
844,  2.5531193449605644e-03
845,  2.5442796392452917e-03
846,  2.5354641344259663e-03
847,  2.5266727598847773e-03
848,  2.5179054452392716e-03
849,  2.5091621203413347e-03
850,  2.5004427152762790e-03
851,  2.4917471603618348e-03
852,  2.4830753861472435e-03
853,  2.4744273234122284e-03
854,  2.4658029031661226e-03
855,  2.4572020566469050e-03
856,  2.4486247153202322e-03
857,  2.4400708108785500e-03
858,  2.4315402752401166e-03
859,  2.4230330405481328e-03
860,  2.4145490391697774e-03
861,  2.4060882036953364e-03
862,  2.3976504669372596e-03
863,  2.3892357619292683e-03
864,  2.3808440219254511e-03
865,  2.3724751803994009e-03
866,  2.3641291710432741e-03
867,  2.3558059277669404e-03
868,  2.3475053846971016e-03
869,  2.3392274761763789e-03
870,  2.3309721367625112e-03
871,  2.3227393012274188e-03
872,  2.3145289045563679e-03
873,  2.3063408819471291e-03
874,  2.2981751688090873e-03
875,  2.2900317007624317e-03
876,  2.2819104136372914e-03
877,  2.2738112434728670e-03
878,  2.2657341265166471e-03
879,  2.2576789992235636e-03
880,  2.2496457982551146e-03
881,  2.2416344604786129e-03
882,  2.2336449229663062e-03
883,  2.2256771229946051e-03
884,  2.2177309980432381e-03
885,  2.2098064857944814e-03
886,  2.2019035241323177e-03
887,  2.1940220511416537e-03
888,  2.1861620051075387e-03
889,  2.1783233245143579e-03
890,  2.1705059480450523e-03
891,  2.1627098145803095e-03
892,  2.1549348631978503e-03
893,  2.1471810331715694e-03
894,  2.1394482639708317e-03
895,  2.1317364952596761e-03
896,  2.1240456668960420e-03
897,  2.1163757189310442e-03
898,  2.1087265916081817e-03
899,  2.1010982253626010e-03
900,  2.0934905608203567e-03
901,  2.0859035387976559e-03
902,  2.0783371003000963e-03
903,  2.0707911865219851e-03
904,  2.0632657388455584e-03
905,  2.0557606988402489e-03
906,  2.0482760082620043e-03
907,  2.0408116090525181e-03
908,  2.0333674433385199e-03
909,  2.0259434534310892e-03
910,  2.0185395818249265e-03
911,  2.0111557711976068e-03
912,  2.0037919644089355e-03
913,  1.9964481045002124e-03
914,  1.9891241346935550e-03
915,  1.9818199983911511e-03
916,  1.9745356391746480e-03
917,  1.9672710008044091e-03
918,  1.9600260272188250e-03
919,  1.9528006625336687e-03
920,  1.9455948510414016e-03
921,  1.9384085372104753e-03
922,  1.9312416656847011e-03
923,  1.9240941812825596e-03
924,  1.9169660289965172e-03
925,  1.9098571539924072e-03
926,  1.9027675016087475e-03
927,  1.8956970173560723e-03
928,  1.8886456469163072e-03
929,  1.8816133361421053e-03
930,  1.8746000310561990e-03
931,  1.8676056778507645e-03
932,  1.8606302228867805e-03
933,  1.8536736126933964e-03
934,  1.8467357939672712e-03
935,  1.8398167135719840e-03
936,  1.8329163185373816e-03
937,  1.8260345560589543e-03
938,  1.8191713734972384e-03
939,  1.8123267183771544e-03
940,  1.8055005383874178e-03
941,  1.7986927813799358e-03
942,  1.7919033953691873e-03
943,  1.7851323285315917e-03
944,  1.7783795292049523e-03
945,  1.7716449458878229e-03
946,  1.7649285272388984e-03
947,  1.7582302220764657e-03
948,  1.7515499793777619e-03
949,  1.7448877482784213e-03
950,  1.7382434780718419e-03
951,  1.7316171182086679e-03
952,  1.7250086182961466e-03
953,  1.7184179280975884e-03
954,  1.7118449975317544e-03
955,  1.7052897766723415e-03
956,  1.6987522157473223e-03
957,  1.6922322651384777e-03
958,  1.6857298753807498e-03
959,  1.6792449971617348e-03
960,  1.6727775813210764e-03
961,  1.6663275788499452e-03
962,  1.6598949408904728e-03
963,  1.6534796187351833e-03
964,  1.6470815638264676e-03
965,  1.6407007277560125e-03
966,  1.6343370622642758e-03
967,  1.6279905192399218e-03
968,  1.6216610507193189e-03
969,  1.6153486088859572e-03
970,  1.6090531460699390e-03
971,  1.6027746147474441e-03
972,  1.5965129675402010e-03
973,  1.5902681572149365e-03
974,  1.5840401366829016e-03
975,  1.5778288589992778e-03
976,  1.5716342773627256e-03
977,  1.5654563451148211e-03
978,  1.5592950157395688e-03
979,  1.5531502428628456e-03
980,  1.5470219802519460e-03
981,  1.5409101818150350e-03
982,  1.5348148016006474e-03
983,  1.5287357937972025e-03
984,  1.5226731127324731e-03
985,  1.5166267128731178e-03
986,  1.5105965488241440e-03
987,  1.5045825753284487e-03
988,  1.4985847472663270e-03
989,  1.4926030196549347e-03
990,  1.4866373476478535e-03
991,  1.4806876865345855e-03
992,  1.4747539917400487e-03
993,  1.4688362188241310e-03
994,  1.4629343234811899e-03
995,  1.4570482615395711e-03
996,  1.4511779889611414e-03
997,  1.4453234618408029e-03
998,  1.4394846364060559e-03
999,  1.4336614690164868e-03
1000,  1.4278539161633249e-03
1001,  1.4220619344689777e-03
1002,  1.4162854806865550e-03
1003,  1.4105245116994177e-03
1004,  1.4047789845207151e-03
1005,  1.3990488562929534e-03
1006,  1.3933340842874676e-03
1007,  1.3876346259040640e-03
1008,  1.3819504386705030e-03
1009,  1.3762814802420799e-03
1010,  1.3706277084011567e-03
1011,  1.3649890810567375e-03
1012,  1.3593655562440196e-03
1013,  1.3537570921239436e-03
1014,  1.3481636469827654e-03
1015,  1.3425851792316184e-03
1016,  1.3370216474060666e-03
1017,  1.3314730101656803e-03
1018,  1.3259392262936008e-03
1019,  1.3204202546961239e-03
1020,  1.3149160544022520e-03
1021,  1.3094265845632811e-03
1022,  1.3039518044523659e-03
1023,  1.2984916734641223e-03
1024,  1.2930461511141693e-03
1025,  1.2876151970387425e-03
1026,  1.2821987709942639e-03
1027,  1.2767968328569227e-03
1028,  1.2714093426222802e-03
1029,  1.2660362604048332e-03
1030,  1.2606775464376182e-03
1031,  1.2553331610718132e-03
1032,  1.2500030647763047e-03
1033,  1.2446872181373172e-03
1034,  1.2393855818579845e-03
1035,  1.2340981167579467e-03
1036,  1.2288247837729800e-03
1037,  1.2235655439545657e-03
1038,  1.2183203584695160e-03
1039,  1.2130891885995792e-03
1040,  1.2078719957410180e-03
1041,  1.2026687414042642e-03
1042,  1.1974793872134985e-03
1043,  1.1923038949062665e-03
1044,  1.1871422263331109e-03
1045,  1.1819943434571544e-03
1046,  1.1768602083537542e-03
1047,  1.1717397832100946e-03
1048,  1.1666330303248180e-03
1049,  1.1615399121076473e-03
1050,  1.1564603910790016e-03
1051,  1.1513944298696371e-03
1052,  1.1463419912202536e-03
1053,  1.1413030379811432e-03
1054,  1.1362775331118045e-03
1055,  1.1312654396805845e-03
1056,  1.1262667208643117e-03
1057,  1.1212813399479160e-03
1058,  1.1163092603240867e-03
1059,  1.1113504454928914e-03
1060,  1.1064048590614262e-03
1061,  1.1014724647434582e-03
1062,  1.0965532263590575e-03
1063,  1.0916471078342409e-03
1064,  1.0867540732006364e-03
1065,  1.0818740865951022e-03
1066,  1.0770071122593978e-03
1067,  1.0721531145398179e-03
1068,  1.0673120578868493e-03
1069,  1.0624839068548275e-03
1070,  1.0576686261015904e-03
1071,  1.0528661803881159e-03
1072,  1.0480765345782038e-03
1073,  1.0432996536381221e-03
1074,  1.0385355026362594e-03
1075,  1.0337840467427967e-03
1076,  1.0290452512293686e-03
1077,  1.0243190814687205e-03
1078,  1.0196055029343821e-03
1079,  1.0149044812003323e-03
1080,  1.0102159819406500e-03
1081,  1.0055399709292057e-03
1082,  1.0008764140393262e-03
1083,  9.9622527724346137e-04
1084,  9.9158652661285600e-04
1085,  9.8696012831722842e-04
1086,  9.8234604862444653e-04
1087,  9.7774425390020621e-04
1088,  9.7315471060770273e-04
1089,  9.6857738530731490e-04
1090,  9.6401224465628827e-04
1091,  9.5945925540841996e-04
1092,  9.5491838441371865e-04
1093,  9.5038959861813190e-04
1094,  9.4587286506319181e-04
1095,  9.4136815088571759e-04
1096,  9.3687542331752024e-04
1097,  9.3239464968506260e-04
1098,  9.2792579740917365e-04
1099,  9.2346883400472746e-04
1100,  9.1902372708034172e-04
1101,  9.1459044433806987e-04
1102,  9.1016895357310204e-04
1103,  9.0575922267346746e-04
1104,  9.0136121961970691e-04
1105,  8.9697491248460484e-04
1106,  8.9260026943287002e-04
1107,  8.8823725872083799e-04
1108,  8.8388584869619020e-04
1109,  8.7954600779763118e-04
1110,  8.7521770455462544e-04
1111,  8.7090090758707469e-04
1112,  8.6659558560505529e-04
1113,  8.6230170740849278e-04
1114,  8.5801924188690071e-04
1115,  8.5374815801908066e-04
1116,  8.4948842487282932e-04
1117,  8.4524001160465965e-04
1118,  8.4100288745952458e-04
1119,  8.3677702177050448e-04
1120,  8.3256238395855594e-04
1121,  8.2835894353220133e-04
1122,  8.2416667008726420e-04
1123,  8.1998553330659655e-04
1124,  8.1581550295978353e-04
1125,  8.1165654890285861e-04
1126,  8.0750864107806441e-04
1127,  8.0337174951353055e-04
1128,  7.9924584432304005e-04
1129,  7.9513089570572011e-04
1130,  7.9102687394580246e-04
1131,  7.8693374941232470e-04
1132,  7.8285149255887703e-04
1133,  7.7878007392332229e-04
1134,  7.7471946412754108e-04
1135,  7.7066963387715354e-04
1136,  7.6663055396124647e-04
1137,  7.6260219525213361e-04
1138,  7.5858452870505725e-04
1139,  7.5457752535796382e-04
1140,  7.5058115633120216e-04
1141,  7.4659539282729897e-04
1142,  7.4262020613066531e-04
1143,  7.3865556760736395e-04
1144,  7.3470144870483797e-04
1145,  7.3075782095165297e-04
1146,  7.2682465595724484e-04
1147,  7.2290192541167391e-04
1148,  7.1898960108534974e-04
1149,  7.1508765482878646e-04
1150,  7.1131425579375272e-04
1151,  7.0772503263587239e-04
1152,  7.0414537029751367e-04
1153,  7.0057524264833572e-04
1154,  6.9701462363391949e-04
1155,  6.9346348727549454e-04
1156,  6.8992180766972409e-04
1157,  6.8638955898841819e-04
1158,  6.8286671547831274e-04
1159,  6.7935325146081707e-04
1160,  6.7584914133175550e-04
1161,  6.7235435956114324e-04
1162,  6.6886888069293197e-04
1163,  6.6539267934477228e-04
1164,  6.6192573020776324e-04
1165,  6.5846800804621999e-04
1166,  6.5501948769743448e-04
1167,  6.5158014407143384e-04
1168,  6.4814995215074301e-04
1169,  6.4472888699014963e-04
1170,  6.4131692371646861e-04
1171,  6.3791403752830116e-04
1172,  6.3452020369581907e-04
1173,  6.3113539756050395e-04
1174,  6.2775959453494100e-04
1175,  6.2439277010257186e-04
1176,  6.2103489981746784e-04
1177,  6.1768595930411388e-04
1178,  6.1434592425715895e-04
1179,  6.1101477044120118e-04
1180,  6.0792863762252974e-04
1181,  6.0488625273399813e-04
1182,  6.0185199227584237e-04
1183,  5.9882583390621956e-04
1184,  5.9580775534910115e-04
1185,  5.9279773439404693e-04
1186,  5.8979574889598434e-04
1187,  5.8680177677498545e-04
1188,  5.8381579601605299e-04
1189,  5.8083778466889459e-04
1190,  5.7786772084771195e-04
1191,  5.7490558273097416e-04
1192,  5.7195134856121094e-04
1193,  5.6900499664479579e-04
1194,  5.6606650535172287e-04
1195,  5.6313585311540144e-04
1196,  5.6021301843244952e-04
1197,  5.5729797986246417e-04
1198,  5.5439071602782653e-04
1199,  5.5149120561348271e-04
1200,  5.4859942736674213e-04
1201,  5.4571536009706144e-04
1202,  5.4283898267583862e-04
1203,  5.3997027403621470e-04
1204,  5.3710921317286025e-04
1205,  5.3425577914176985e-04
1206,  5.3140995106005736e-04
1207,  5.2857170810576525e-04
1208,  5.2577771626747280e-04
1209,  5.2320699872776847e-04
1210,  5.2064316359033247e-04
1211,  5.1808619181037841e-04
1212,  5.1553606439999893e-04
1213,  5.1299276242797393e-04
1214,  5.1045626701956310e-04
1215,  5.0792655935630868e-04
1216,  5.0540362067585324e-04
1217,  5.0288743227174036e-04
1218,  5.0037797549321408e-04
1219,  4.9787523174503879e-04
1220,  4.9537918248730110e-04
1221,  4.9288980923521816e-04
1222,  4.9040709355895431e-04
1223,  4.8793101708342651e-04
1224,  4.8546156148811459e-04
1225,  4.8299870850689112e-04
1226,  4.8054243992780467e-04
1227,  4.7809273759291795e-04
1228,  4.7564958339812237e-04
1229,  4.7321295929293614e-04
1230,  4.7078284728033725e-04
1231,  4.6835922941658182e-04
1232,  4.6594208781100701e-04
1233,  4.6353140462586649e-04
1234,  4.6112716207613830e-04
1235,  4.5872934242935869e-04
1236,  4.5639629632658575e-04
1237,  4.5424586810562280e-04
1238,  4.5210121167745600e-04
1239,  4.4996231097204297e-04
1240,  4.4782914996797365e-04
1241,  4.4570171269230129e-04
1242,  4.4357998322037506e-04
1243,  4.4146394567566154e-04
1244,  4.3935358422957863e-04
1245,  4.3724888310132779e-04
1246,  4.3514982655771693e-04
1247,  4.3305639891300416e-04
1248,  4.3096858452872555e-04
1249,  4.2888636781352406e-04
1250,  4.2680973322298808e-04
1251,  4.2473866525949145e-04
1252,  4.2267314847201619e-04
1253,  4.2061316745600020e-04
1254,  4.1855870685317378e-04
1255,  4.1650975135138754e-04
1256,  4.1446628568446876e-04
1257,  4.1242829463203513e-04
1258,  4.1039576301935818e-04
1259,  4.0836867571720083e-04
1260,  4.0634701764163868e-04
1261,  4.0433077375392785e-04
1262,  4.0231992906033100e-04
1263,  4.0035752099072745e-04
1264,  3.9857560811927512e-04
1265,  3.9679849099488398e-04
1266,  3.9502615617718168e-04
1267,  3.9325859026703323e-04
1268,  3.9149577990640850e-04
1269,  3.8973771177822227e-04
1270,  3.8798437260619418e-04
1271,  3.8623574915468909e-04
1272,  3.8449182822858461e-04
1273,  3.8275259667311482e-04
1274,  3.8101804137372606e-04
1275,  3.7928814925593452e-04
1276,  3.7756290728518184e-04
1277,  3.7584230246669241e-04
1278,  3.7412632184532450e-04
1279,  3.7241495250543282e-04
1280,  3.7070818157072658e-04
1281,  3.6900599620412998e-04
1282,  3.6730838360763296e-04
1283,  3.6561533102216044e-04
1284,  3.6392682572743373e-04
1285,  3.6224285504182351e-04
1286,  3.6056340632222104e-04
1287,  3.5888846696389206e-04
1288,  3.5721802440035112e-04
1289,  3.5555433187528859e-04
1290,  3.5409588295425454e-04
1291,  3.5264137139976934e-04
1292,  3.5119078609540847e-04
1293,  3.4974411595938666e-04
1294,  3.4830134994443104e-04
1295,  3.4686247703765458e-04
1296,  3.4542748626042758e-04
1297,  3.4399636666825148e-04
1298,  3.4256910735062891e-04
1299,  3.4114569743094253e-04
1300,  3.3972612606633049e-04
1301,  3.3831038244755456e-04
1302,  3.3689845579888629e-04
1303,  3.3549033537797455e-04
1304,  3.3408601047572460e-04
1305,  3.3268547041617725e-04
1306,  3.3128870455639001e-04
1307,  3.2989570228631344e-04
1308,  3.2850645302865956e-04
1309,  3.2712094623880587e-04
1310,  3.2573917140465151e-04
1311,  3.2436111804651701e-04
1312,  3.2298677571700808e-04
1313,  3.2161613400091534e-04
1314,  3.2024918251507840e-04
1315,  3.1902073599674146e-04
1316,  3.1784971445348280e-04
1317,  3.1668186569206157e-04
1318,  3.1551718067855173e-04
1319,  3.1435565040766365e-04
1320,  3.1319726590263897e-04
1321,  3.1204201821514234e-04
1322,  3.1088989842514901e-04
1323,  3.0974089764084466e-04
1324,  3.0859500699850848e-04
1325,  3.0745221766241462e-04
1326,  3.0631252082472183e-04
1327,  3.0517590770536311e-04
1328,  3.0404236955195818e-04
1329,  3.0291189763968388e-04
1330,  3.0178448327119063e-04
1331,  3.0066011777648752e-04
1332,  2.9953879251284616e-04
1333,  2.9842049886469064e-04
1334,  2.9730522824349847e-04
1335,  2.9619297208770262e-04
1336,  2.9508372186258199e-04
1337,  2.9397746906016696e-04
1338,  2.9287420519914000e-04
1339,  2.9183182455324479e-04
1340,  2.9091022800822874e-04
1341,  2.8999114043491231e-04
1342,  2.8907455460953099e-04
1343,  2.8816046333172659e-04
1344,  2.8724885942445400e-04
1345,  2.8633973573389968e-04
1346,  2.8543308512937558e-04
1347,  2.8452890050323571e-04
1348,  2.8362717477079262e-04
1349,  2.8272790087021673e-04
1350,  2.8183107176244632e-04
1351,  2.8093668043110943e-04
1352,  2.8004471988242387e-04
1353,  2.7915518314511350e-04
1354,  2.7826806327032412e-04
1355,  2.7738335333152937e-04
1356,  2.7650104642444796e-04
1357,  2.7562113566695649e-04
1358,  2.7474361419900072e-04
1359,  2.7386847518251576e-04
1360,  2.7299571180133006e-04
1361,  2.7212531726109583e-04
1362,  2.7125728478919354e-04
1363,  2.7053673490482838e-04
1364,  2.6983680847105721e-04
1365,  2.6913879992295734e-04
1366,  2.6844270365635787e-04
1367,  2.6774851408576934e-04
1368,  2.6705622564429540e-04
1369,  2.6636583278357150e-04
1370,  2.6567732997367254e-04
1371,  2.6499071170305456e-04
1372,  2.6430597247846592e-04
1373,  2.6362310682487554e-04
1374,  2.6294210928540533e-04
1375,  2.6226297442125368e-04
1376,  2.6158569681161676e-04
1377,  2.6091027105362333e-04
1378,  2.6023669176225550e-04
1379,  2.5956495357028133e-04
1380,  2.5889505112817795e-04
1381,  2.5822697910406217e-04
1382,  2.5756073218362611e-04
1383,  2.5689630507005364e-04
1384,  2.5623369248395985e-04
1385,  2.5563631804585235e-04
1386,  2.5512975516258615e-04
1387,  2.5462459457499829e-04
1388,  2.5412083209154908e-04
1389,  2.5361846353524534e-04
1390,  2.5311748474358470e-04
1391,  2.5261789156848507e-04
1392,  2.5211967987622848e-04
1393,  2.5162284554739670e-04
1394,  2.5112738447681114e-04
1395,  2.5063329257347001e-04
1396,  2.5014056576049394e-04
1397,  2.4964919997505031e-04
1398,  2.4915919116831403e-04
1399,  2.4867053530538828e-04
1400,  2.4818322836525950e-04
1401,  2.4769726634072965e-04
1402,  2.4721264523836281e-04
1403,  2.4672936107842150e-04
1404,  2.4624740989481297e-04
1405,  2.4576678773502772e-04
1406,  2.4528749066008153e-04
1407,  2.4494477106772771e-04
1408,  2.4461002741539811e-04
1409,  2.4427622717648187e-04
1410,  2.4394336742170189e-04
1411,  2.4361144523260807e-04
1412,  2.4328045770153004e-04
1413,  2.4295040193152796e-04
1414,  2.4262127503633653e-04
1415,  2.4229307414033082e-04
1416,  2.4196579637845615e-04
1417,  2.4163943889619327e-04
1418,  2.4131399884950818e-04
1419,  2.4098947340480401e-04
1420,  2.4066585973886865e-04
1421,  2.4034315503883053e-04
1422,  2.4002135650211416e-04
1423,  2.3970046133638581e-04
1424,  2.3938046675950927e-04
1425,  2.3906136999950640e-04
1426,  2.3874316829450157e-04
1427,  2.3849600669044774e-04
1428,  2.3831211954831744e-04
1429,  2.3812877309592535e-04
1430,  2.3794596551061128e-04
1431,  2.3776369497728627e-04
1432,  2.3758195968840413e-04
1433,  2.3740075784391021e-04
1434,  2.3722008765120773e-04
1435,  2.3703994732512490e-04
1436,  2.3686033508786206e-04
1437,  2.3668124916897230e-04
1438,  2.3650268780530737e-04
1439,  2.3632464924099386e-04
1440,  2.3614713172738280e-04
1441,  2.3597013352302267e-04
1442,  2.3579365289361860e-04
1443,  2.3561768811199547e-04
1444,  2.3544223745805941e-04
1445,  2.3526729921877107e-04
1446,  2.3511602925812829e-04
1447,  2.3506593862095268e-04
1448,  2.3501603134257705e-04
1449,  2.3496630658324233e-04
1450,  2.3491676350787013e-04
1451,  2.3486740128602821e-04
1452,  2.3481821909190721e-04
1453,  2.3476921610428452e-04
1454,  2.3472039150649942e-04
1455,  2.3467174448642682e-04
1456,  2.3462327423644222e-04
1457,  2.3457497995340169e-04
1458,  2.3452686083860823e-04
1459,  2.3447891609778654e-04
1460,  2.3443114494105350e-04
1461,  2.3438354658289210e-04
1462,  2.3433612024212371e-04
1463,  2.3428886514187736e-04
1464,  2.3424178050957591e-04
1465,  2.3430676746346530e-04
1466,  2.3437545888000454e-04
1467,  2.3444574022184775e-04
1468,  2.3451966106670228e-04
1469,  2.3459343285832206e-04
1470,  2.3466705567952301e-04
1471,  2.3474052961502682e-04
1472,  2.3481385475143150e-04
1473,  2.3488703117721061e-04
1474,  2.3496005898267930e-04
1475,  2.3503293825998127e-04
1476,  2.3510566910306789e-04
1477,  2.3517825160768109e-04
1478,  2.3525068587133236e-04
1479,  2.3532297199328460e-04
1480,  2.3539511007453706e-04
1481,  2.3546710021780316e-04
1482,  2.3563752405578230e-04
1483,  2.3581715064337471e-04
1484,  2.3600283846027568e-04
1485,  2.3619209692721531e-04
1486,  2.3638089804158327e-04
1487,  2.3656924273603137e-04
1488,  2.3675713194260014e-04
1489,  2.3694456659270637e-04
1490,  2.3713154761713246e-04
1491,  2.3731807594601833e-04
1492,  2.3750415250884568e-04
1493,  2.3768977823443257e-04
1494,  2.3787495405091968e-04
1495,  2.3805968088576326e-04
1496,  2.3824395966572209e-04
1497,  2.3843416317080032e-04
1498,  2.3871875150958713e-04
1499,  2.3900380031596460e-04
1500,  2.3930205952436148e-04
1501,  2.3959957028343688e-04
1502,  2.3989633432647202e-04
1503,  2.4019235338378599e-04
1504,  2.4048762918271797e-04
1505,  2.4078216344762757e-04
1506,  2.4107595789990270e-04
1507,  2.4136901425794182e-04
1508,  2.4166133423715922e-04
1509,  2.4195291954998225e-04
1510,  2.4224377190584871e-04
1511,  2.4253389301120143e-04
1512,  2.4286751312576631e-04
1513,  2.4325083154495700e-04
1514,  2.4364762861952971e-04
1515,  2.4404828292438058e-04
1516,  2.4444791512091667e-04
1517,  2.4484652769646894e-04
1518,  2.4524412313316532e-04
1519,  2.4564070390794418e-04
1520,  2.4603627249254756e-04
1521,  2.4643083135352238e-04
1522,  2.4682438295224227e-04
1523,  2.4721692974489601e-04
1524,  2.4760847418250274e-04
1525,  2.4801373229606596e-04
1526,  2.4849204122467206e-04
1527,  2.4898496860544422e-04
1528,  2.4948403512130513e-04
1529,  2.4998181686233789e-04
1530,  2.5047831703727452e-04
1531,  2.5097353884753737e-04
1532,  2.5146748548723625e-04
1533,  2.5196016014318384e-04
1534,  2.5245156599490719e-04
1535,  2.5294170621466115e-04
1536,  2.5343058396743378e-04
1537,  2.5393515742958765e-04
1538,  2.5450474113582390e-04
1539,  2.5509788072256159e-04
1540,  2.5569140324615115e-04
1541,  2.5628338901784772e-04
1542,  2.5687384193755859e-04
1543,  2.5746276589584715e-04
1544,  2.5805016477395128e-04
1545,  2.5863604244379806e-04
1546,  2.5922040276802071e-04
1547,  2.5980324959999109e-04
1548,  2.6043316353259845e-04
1549,  2.6110740074185138e-04
1550,  2.6179393083125953e-04
1551,  2.6247867639410144e-04
1552,  2.6316164200763036e-04
1553,  2.6384283223779433e-04
1554,  2.6452225163924487e-04
1555,  2.6519990475537000e-04
1556,  2.6587579611832090e-04
1557,  2.6658358202965931e-04
1558,  2.6734798882146755e-04
1559,  2.6812545112737620e-04
1560,  2.6890088680425679e-04
1561,  2.6967430109023257e-04
1562,  2.7044569921020706e-04
1563,  2.7121508637587677e-04
1564,  2.7198246778577776e-04
1565,  2.7280016044440225e-04
1566,  2.7366937725830135e-04
1567,  2.7453632344872806e-04
1568,  2.7540100491782606e-04
1569,  2.7626342755260325e-04
1570,  2.7712359722496354e-04
1571,  2.7801563613007624e-04
1572,  2.7897463509331580e-04
1573,  2.7993272611755675e-04
1574,  2.8088831019346268e-04
1575,  2.8184139386625289e-04
1576,  2.8285951099001392e-04
1577,  2.8391171938692197e-04
1578,  2.8496117094664955e-04
1579,  2.8606265775917548e-04
1580,  2.8721043095117572e-04
1581,  2.8845471275783485e-04
1582,  2.8969960749378491e-04
1583,  2.9094123411625852e-04
1584,  2.9217960123171415e-04
1585,  2.9341471742375851e-04
1586,  2.9464659125320663e-04
1587,  2.9587523125814704e-04
1588,  2.9710064595400818e-04
1589,  2.9832284383360809e-04
1590,  2.9954183336722973e-04
1591,  3.0075762300266993e-04
1592,  3.0197022116530312e-04
1593,  3.0317963625814837e-04
1594,  3.0438587666192568e-04
1595,  3.0558895073511507e-04
1596,  3.0678886681401608e-04
1597,  3.0798563321281122e-04
1598,  3.0917925822362350e-04
1599,  3.1036975011657666e-04
1600,  3.1155711713985957e-04
1601,  3.1274136751977525e-04
1602,  3.1392250946080466e-04
1603,  3.1510055114567610e-04
1604,  3.1627550073540407e-04
1605,  3.1744736636936638e-04
1606,  3.1861615616534745e-04
1607,  3.1978187821961242e-04
1608,  3.2094454060694998e-04
1609,  3.2210415138074299e-04
1610,  3.2326071857301675e-04
1611,  3.2441425019450273e-04
1612,  3.2556475423469415e-04
1613,  3.2671223866190187e-04
1614,  3.2785671142331404e-04
1615,  3.2899818044505110e-04
1616,  3.3013665363222471e-04
1617,  3.3127213886899489e-04
1618,  3.3240464401862539e-04
1619,  3.3353417692353498e-04
1620,  3.3466074540536024e-04
1621,  3.3578435726501423e-04
1622,  3.3690502028273353e-04
1623,  3.3802274221814089e-04
1624,  3.3913753081029821e-04
1625,  3.4024939377776120e-04
1626,  3.4135833881863704e-04
1627,  3.4246437361063777e-04
1628,  3.4356750581113481e-04
1629,  3.4466774305721753e-04
1630,  3.4576509296574393e-04
1631,  3.4685956313339639e-04
1632,  3.4795116113673350e-04
1633,  3.4903989453224693e-04
1634,  3.5012577085642254e-04
1635,  3.5120879762578090e-04
1636,  3.5228898233693822e-04
1637,  3.5336633246665444e-04
1638,  3.5444085547190108e-04
1639,  3.5551255878989743e-04
1640,  3.5658144983817449e-04
1641,  3.5764753601462266e-04
1642,  3.5871082469754857e-04
1643,  3.5977132324572424e-04
1644,  3.6082903899843801e-04
1645,  3.6188397927555297e-04
1646,  3.6293615137756192e-04
1647,  3.6398556258562716e-04
1648,  3.6503222016163041e-04
1649,  3.6607613134825617e-04
1650,  3.6711730336900188e-04
1651,  3.6815574342825348e-04
1652,  3.6919145871133649e-04
1653,  3.7022445638455428e-04
1654,  3.7125474359525141e-04
1655,  3.7228232747186130e-04
1656,  3.7330721512395627e-04
1657,  3.7432941364229415e-04
1658,  3.7534893009887559e-04
1659,  3.7636577154699505e-04
1660,  3.7737994502128069e-04
1661,  3.7839145753775806e-04
1662,  3.7940031609388778e-04
1663,  3.8040652766862821e-04
1664,  3.8141009922246921e-04
1665,  3.8241103769749848e-04
1666,  3.8340935001743618e-04