itr,err
2,  6.4943463126673540e-02
3,  6.2340119292488463e-02
4,  6.0133933882593048e-02
5,  5.8204015249178641e-02
6,  5.6480219936122858e-02
7,  5.4917606928710880e-02
8,  5.3485355701549997e-02
9,  5.2161251999761050e-02
10,  5.0928664643741878e-02
11,  4.9774763167644141e-02
12,  4.8689405785134227e-02
13,  4.7664413305947777e-02
14,  4.6693077008918824e-02
15,  4.5769814496091688e-02
16,  4.4889922554135007e-02
17,  4.4049395577215239e-02
18,  4.3244789481495342e-02
19,  4.2473117919116725e-02
20,  4.1731771893895021e-02
21,  4.1018456639300829e-02
22,  4.0331141435916207e-02
23,  3.9668019268997982e-02
24,  3.9027474067370845e-02
25,  3.8408053852974633e-02
26,  3.7808448548630129e-02
27,  3.7227471493507996e-02
28,  3.6664043936740810e-02
29,  3.6117181943362858e-02
30,  3.5585985269519574e-02
31,  3.5069627856918431e-02
32,  3.4567349667691288e-02
33,  3.4078449635833959e-02
34,  3.3602279554247681e-02
35,  3.3138238750060833e-02
36,  3.2685769427554301e-02
37,  3.2244352579242047e-02
38,  3.1813504382699656e-02
39,  3.1392773014458267e-02
40,  3.0981735823366347e-02
41,  3.0579996814835551e-02
42,  3.0187184404776107e-02
43,  2.9802949408177782e-02
44,  2.9426963232468545e-02
45,  2.9058916250178493e-02
46,  2.8698516329182307e-02
47,  2.8345487501978392e-02
48,  2.7999568758163434e-02
49,  2.7660512946526005e-02
50,  2.7328085775085303e-02
51,  2.7002064898975088e-02
52,  2.6682239087383548e-02
53,  2.6368407461842599e-02
54,  2.6060378799067408e-02
55,  2.5757970892294941e-02
56,  2.5461009965715407e-02
57,  2.5169330137133506e-02
58,  2.4882772924464742e-02
59,  2.4601186792089759e-02
60,  2.4324426733453593e-02
61,  2.4052353886624429e-02
62,  2.3784835179825214e-02
63,  2.3521743004216566e-02
64,  2.3262954911462425e-02
65,  2.3008353333828037e-02
66,  2.2757825324773138e-02
67,  2.2511262318189167e-02
68,  2.2268559904605752e-02
69,  2.2029617622849634e-02
70,  2.1794338765785279e-02
71,  2.1562630198900874e-02
72,  2.1334402190621420e-02
73,  2.1109568253342852e-02
74,  2.0888044994280007e-02
75,  2.0669751975310183e-02
76,  2.0454611581076254e-02
77,  2.0242548894686557e-02
78,  2.0033491580412108e-02
79,  1.9827369772844317e-02
80,  1.9624115972025829e-02
81,  1.9423664944115307e-02
82,  1.9225953627190810e-02
83,  1.9030921041831402e-02
84,  1.8838508206152429e-02
85,  1.8648658054999222e-02
86,  1.8461315363029810e-02
87,  1.8276426671443548e-02
88,  1.8093940218130950e-02
89,  1.7913805871041973e-02
90,  1.7735975064583520e-02
91,  1.7560400738876242e-02
92,  1.7387037281711596e-02
93,  1.7215840473061832e-02
94,  1.7046767432009259e-02
95,  1.6879776565968310e-02
96,  1.6714827522084204e-02
97,  1.6551881140699474e-02
98,  1.6390899410787522e-02
99,  1.6231845427256635e-02
100,  1.6074683350038310e-02
101,  1.5919378364873896e-02
102,  1.5765896645721884e-02
103,  1.5614205318712601e-02
104,  1.5464272427579187e-02
105,  1.5316066900499191e-02
106,  1.5169558518284606e-02
107,  1.5024717883860688e-02
108,  1.4881516392977563e-02
109,  1.4739926206100295e-02
110,  1.4599920221428397e-02
111,  1.4461472048994535e-02
112,  1.4324555985796900e-02
113,  1.4189146991922282e-02
114,  1.4055220667616717e-02
115,  1.3922753231264066e-02
116,  1.3791721498235113e-02
117,  1.3662102860568983e-02
118,  1.3533875267454335e-02
119,  1.3407017206474947e-02
120,  1.3281507685588714e-02
121,  1.3157326215809888e-02
122,  1.3034452794564539e-02
123,  1.2912867889692122e-02
124,  1.2792552424065668e-02
125,  1.2673487760805893e-02
126,  1.2555655689063746e-02
127,  1.2439038410348855e-02
128,  1.2323618525380650e-02
129,  1.2209379021441247e-02
130,  1.2096303260208791e-02
131,  1.1984374966052341e-02
132,  1.1873578214769169e-02
133,  1.1763897422745065e-02
134,  1.1655317336522962e-02
135,  1.1547823022760301e-02
136,  1.1441399858561291e-02
137,  1.1336033522168288e-02
138,  1.1231709983996585e-02
139,  1.1128415498000760e-02
140,  1.1026136593356941e-02
141,  1.0924860066449436e-02
142,  1.0824572973149232e-02
143,  1.0725262621372364e-02
144,  1.0626916563906652e-02
145,  1.0529522591496828e-02
146,  1.0433068726176428e-02
147,  1.0337543214837664e-02
148,  1.0242934523029157e-02
149,  1.0149231328972410e-02
150,  1.0056422517788495e-02
151,  9.9644971759265330e-03
152,  9.8734445857857813e-03
153,  9.7832542205240139e-03
154,  9.6939157390441497e-03
155,  9.6054189811530088e-03
156,  9.5177539628846248e-03
157,  9.4309108719819960e-03
158,  9.3448800635312513e-03
159,  9.2596520557416129e-03
160,  9.1752175258664158e-03
161,  9.0915673062589020e-03
162,  9.0086923805579831e-03
163,  8.9265838799987302e-03
164,  8.8452330798431730e-03
165,  8.7646313959262104e-03
166,  8.6847703813128160e-03
167,  8.6056417230616980e-03
168,  8.5272372390922252e-03
169,  8.4495488751496917e-03
170,  8.3725687018658262e-03
171,  8.2962889119110646e-03
172,  8.2207018172347820e-03
173,  8.1457998463902673e-03
174,  8.0715755419415360e-03
175,  7.9980215579488704e-03
176,  7.9251306575298022e-03
177,  7.8528957104934266e-03
178,  7.7813096910449454e-03
179,  7.7103656755577723e-03
180,  7.6400568404111236e-03
181,  7.5703764598908365e-03
182,  7.5013179041501085e-03
183,  7.4328746372295884e-03
184,  7.3650402151334759e-03
185,  7.2978082839601647e-03
186,  7.2311725780853202e-03
187,  7.1651269183958368e-03
188,  7.0996652105726529e-03
189,  7.0347814434206435e-03
190,  6.9704696872443048e-03
191,  6.9067240922673686e-03
192,  6.8435388870948704e-03
193,  6.7809083772165657e-03
194,  6.7188269435496783e-03
195,  6.6572890410202057e-03
196,  6.5962891971814560e-03
197,  6.5358220108679647e-03
198,  6.4758821508845632e-03
199,  6.4164643547287127e-03
200,  6.3575634273451923e-03
201,  6.2991742399124062e-03
202,  6.2412917286587318e-03
203,  6.1839108937086313e-03
204,  6.1270267979567535e-03
205,  6.0706345659699915e-03
206,  6.0147293829158691e-03
207,  5.9593064935171101e-03
208,  5.9043612010307809e-03
209,  5.8498888662521908e-03
210,  5.7958849065419130e-03
211,  5.7423447948757173e-03
212,  5.6892640589166895e-03
213,  5.6366382801085971e-03
214,  5.5844630927901892e-03
215,  5.5327341833295730e-03
216,  5.4814472892782198e-03
217,  5.4305981985437752e-03
218,  5.3801827485816401e-03
219,  5.3301968256040414e-03
220,  5.2806363638068570e-03
221,  5.2314973446129769e-03
222,  5.1827757959324290e-03
223,  5.1344677914379726e-03
224,  5.0865694498566571e-03
225,  5.0390769342761122e-03
226,  4.9919864514655658e-03
227,  4.9452942512110583e-03
228,  4.8989966256646148e-03
229,  4.8530899087066886e-03
230,  4.8075704753218198e-03
231,  4.7624347409869830e-03
232,  4.7176791610724616e-03
233,  4.6733002302545030e-03
234,  4.6292944819401405e-03
235,  4.5856584877030362e-03
236,  4.5423888567307884e-03
237,  4.4994822352829398e-03
238,  4.4569353061595851e-03
239,  4.4147447881803239e-03
240,  4.3729074356732489e-03
241,  4.3314200379736519e-03
242,  4.2902794189324757e-03
243,  4.2494824364337847e-03
244,  4.2090259819215665e-03
245,  4.1689069799353048e-03
246,  4.1291223876540875e-03
247,  4.0896691944493592e-03
248,  4.0505444214456792e-03
249,  4.0117451210897074e-03
250,  3.9732683767268063e-03
251,  3.9351113021855169e-03
252,  3.8972710413693445e-03
253,  3.8597447678559572e-03
254,  3.8225296845033675e-03
255,  3.7856230230632775e-03
256,  3.7490220438009757e-03
257,  3.7127240351221588e-03
258,  3.6767263132059958e-03
259,  3.6410262216446622e-03
260,  3.6056211310891376e-03
261,  3.5705084389009052e-03
262,  3.5356855688097452e-03
263,  3.5011499705772282e-03
264,  3.4668991196659307e-03
265,  3.4329305169141619e-03
266,  3.3992416882161888e-03
267,  3.3658301842076840e-03
268,  3.3326935799564313e-03
269,  3.2998294746581260e-03
270,  3.2672354913370616e-03
271,  3.2349092765518906e-03
272,  3.2028485001058698e-03
273,  3.1710508547620792e-03
274,  3.1395140559629716e-03
275,  3.1082358415545409e-03
276,  3.0772139715148214e-03
277,  3.0464462276867436e-03
278,  3.0159304135151149e-03
279,  2.9856643537878075e-03
280,  2.9556458943809085e-03
281,  2.9258729020079158e-03
282,  2.8963432639727482e-03
283,  2.8670548879265946e-03
284,  2.8380057016284834e-03
285,  2.8091936527095129e-03
286,  2.7806167084406400e-03
287,  2.7522728555040340e-03
288,  2.7241600997678283e-03
289,  2.6962764660642736e-03
290,  2.6686199979712318e-03
291,  2.6411887575968291e-03
292,  2.6139808253674256e-03
293,  2.5869942998186088e-03
294,  2.5602272973893375e-03
295,  2.5336779522190248e-03
296,  2.5073444159476217e-03
297,  2.4812248575186019e-03
298,  2.4553174629847701e-03
299,  2.4296204353168893e-03
300,  2.4041319942150357e-03
301,  2.3788503759226234e-03
302,  2.3537738330431501e-03
303,  2.3289006343594600e-03
304,  2.3042290646555792e-03
305,  2.2797574245410680e-03
306,  2.2554840302778149e-03
307,  2.2314072136092652e-03
308,  2.2075253215919732e-03
309,  2.1838367164295899e-03
310,  2.1603397753089822e-03
311,  2.1370328902387335e-03
312,  2.1139144678897891e-03
313,  2.0909829294383027e-03
314,  2.0682367104105683e-03
315,  2.0456742605301252e-03
316,  2.0232940435668248e-03
317,  2.0010945371880073e-03
318,  1.9790742328116093e-03
319,  1.9572316354612910e-03
320,  1.9355652636233809e-03
321,  1.9140736491058555e-03
322,  1.8927553368990350e-03
323,  1.8716088850381787e-03
324,  1.8506328644679038e-03
325,  1.8298258589082717e-03
326,  1.8091864647227518e-03
327,  1.7887132907877337e-03
328,  1.7684049583638500e-03
329,  1.7482601009688988e-03
330,  1.7282773642523864e-03
331,  1.7084554058716835e-03
332,  1.6887928953697455e-03
333,  1.6692885140544150e-03
334,  1.6499409548791592e-03
335,  1.6307489223254324e-03
336,  1.6117111322864030e-03
337,  1.5928263119521860e-03
338,  1.5740931996965030e-03
339,  1.5555105449647126e-03
340,  1.5370771081632910e-03
341,  1.5187916605505698e-03
342,  1.5006529841289299e-03
343,  1.4826598715382510e-03
344,  1.4648111259506491e-03
345,  1.4471055609665408e-03
346,  1.4295420005119037e-03
347,  1.4121192787368479e-03
348,  1.3948362399153582e-03
349,  1.3776917383462647e-03
350,  1.3606846382553574e-03
351,  1.3438138136987127e-03
352,  1.3270781484671656e-03
353,  1.3104765359918673e-03
354,  1.2940078792509978e-03
355,  1.2776710906775757e-03
356,  1.2614650920683159e-03
357,  1.2453888144936033e-03
358,  1.2294411982084461e-03
359,  1.2136211925645349e-03
360,  1.1979277559232800e-03
361,  1.1823598555698465e-03
362,  1.1669164676282168e-03
363,  1.1515965769771739e-03
364,  1.1363991771672888e-03
365,  1.1213232703388477e-03
366,  1.1063678671406677e-03
367,  1.0915319866499058e-03
368,  1.0768146562927139e-03
369,  1.0622149117658214e-03
370,  1.0477317969589707e-03
371,  1.0333643638782341e-03
372,  1.0191116725701986e-03
373,  1.0049727910469949e-03
374,  9.9094679521211744e-04
375,  9.7703276878710436e-04
376,  9.6322980323902999e-04
377,  9.4953699770876658e-04
378,  9.3595345894005155e-04
379,  9.2247830120932421e-04
380,  9.0911064625633390e-04
381,  8.9584962321549906e-04
382,  8.8269436854798797e-04
383,  8.6964402597458949e-04
384,  8.5669774640925397e-04
385,  8.4385468789336532e-04
386,  8.3111401553073911e-04
387,  8.1847490142326570e-04
388,  8.0593652460731195e-04
389,  7.9349807099072796e-04
390,  7.8115873329056673e-04
391,  7.6891771097143595e-04
392,  7.5677421018453762e-04
393,  7.4472744370730531e-04
394,  7.3277663088369075e-04
395,  7.2092099756509585e-04
396,  7.0915977605189267e-04
397,  6.9749220503557930e-04
398,  6.8591752954148897e-04
399,  6.7443500087216121e-04
400,  6.6304387655124260e-04
401,  6.5174342026798771e-04
402,  6.4125162358147228e-04
403,  6.3100517030044586e-04
404,  6.2084061226694472e-04
405,  6.1075728297517939e-04
406,  6.0075452158874333e-04
407,  5.9083167288748162e-04
408,  5.8098808721492794e-04
409,  5.7122312042631219e-04
410,  5.6153613383715789e-04
411,  5.5223125424351646e-04
412,  5.4351420976973797e-04
413,  5.3486706999130232e-04
414,  5.2628926120824567e-04
415,  5.1778021469669599e-04
416,  5.0933936666034264e-04
417,  5.0096615818253753e-04
418,  4.9266003517890592e-04
419,  4.8442044835055297e-04
420,  4.7640335076272976e-04
421,  4.6905462245833173e-04
422,  4.6176501518195530e-04
423,  4.5453403986871346e-04
424,  4.4736121177280645e-04
425,  4.4024605042396832e-04
426,  4.3318807958445365e-04
427,  4.2618682720656106e-04
428,  4.1924182539065236e-04
429,  4.1258057023905119e-04
430,  4.0645215241533607e-04
431,  4.0037319399738785e-04
432,  3.9434328267091566e-04
433,  3.8836200982572227e-04
434,  3.8242897051718146e-04
435,  3.7654376342822327e-04
436,  3.7070599083179170e-04
437,  3.6491525855380201e-04
438,  3.5964930192254493e-04
439,  3.5460552515150976e-04
440,  3.4960258564181864e-04
441,  3.4464014028915552e-04
442,  3.3971784912395660e-04
443,  3.3483537527784376e-04
444,  3.2999238495053952e-04
445,  3.2518854737718597e-04
446,  3.2068435850520329e-04
447,  3.1656769818081939e-04
448,  3.1248449618575641e-04
449,  3.0843446883177061e-04
450,  3.0441733507279630e-04
451,  3.0043281647579263e-04
452,  2.9648063719193637e-04
453,  2.9256052392826024e-04
454,  2.8891528627024291e-04
455,  2.8562600482621818e-04
456,  2.8236357588047476e-04
457,  2.7912776936191586e-04
458,  2.7591835738849672e-04
459,  2.7273511424221971e-04
460,  2.6957781634450562e-04
461,  2.6644624223191691e-04
462,  2.6373069042157343e-04
463,  2.6117694137835971e-04
464,  2.5864415608904944e-04
465,  2.5613215261214163e-04
466,  2.5364075078167394e-04
467,  2.5116977218621735e-04
468,  2.4871904014812956e-04
469,  2.4646862462335408e-04
470,  2.4455014365499898e-04
471,  2.4264754112582297e-04
472,  2.4076067664298043e-04
473,  2.3888941123252091e-04
474,  2.3703360732176332e-04
475,  2.3519312872193103e-04
476,  2.3351565465226572e-04
477,  2.3216429593834271e-04
478,  2.3082426560210381e-04
479,  2.2949546063600422e-04
480,  2.2817777912625281e-04
481,  2.2687112023839163e-04
482,  2.2557538420305218e-04
483,  2.2455487359933281e-04
484,  2.2370751654660978e-04
485,  2.2286743609487670e-04
486,  2.2203456269386703e-04
487,  2.2120882759280340e-04
488,  2.2039016282888248e-04
489,  2.1968325929886965e-04
490,  2.1928179334798219e-04
491,  2.1889666988352839e-04
492,  2.1851509887708812e-04
493,  2.1813704169631917e-04
494,  2.1776246023312378e-04
495,  2.1749227768534513e-04
496,  2.1750434242604136e-04
497,  2.1754141013496386e-04
498,  2.1757863257393186e-04
499,  2.1761599924139229e-04
500,  2.1765349991112589e-04
501,  2.1791968263834373e-04
502,  2.1833156406346588e-04
503,  2.1875912611677445e-04
504,  2.1918369592219085e-04
505,  2.1960528912128499e-04
506,  2.2016404633329648e-04
507,  2.2092614095810451e-04
508,  2.2171955899450731e-04
509,  2.2250704147203071e-04
510,  2.2328862837962867e-04
511,  2.2424994008703002e-04
512,  2.2536274279466581e-04
513,  2.2649805014506616e-04
514,  2.2762466912181330e-04
515,  2.2880115288732476e-04
516,  2.3021114161406677e-04
517,  2.3167628030339540e-04
518,  2.3313008023467598e-04
519,  2.3463540744431602e-04
520,  2.3635893842163257e-04
521,  2.3813603790288565e-04
522,  2.3989929063489098e-04
523,  2.4182736049885604e-04
524,  2.4389670615067486e-04
525,  2.4596806697439348e-04
526,  2.4817591723743911e-04
527,  2.5054483093792736e-04
528,  2.5292425521414996e-04
529,  2.5553946191347182e-04
530,  2.5820969793802353e-04
531,  2.6110978662445284e-04
532,  2.6414193364659831e-04
533,  2.6745401641423285e-04
534,  2.7123730616397538e-04
535,  2.7512643023754188e-04
536,  2.7898478703034635e-04
537,  2.8281262045122302e-04
538,  2.8661017246492268e-04
539,  2.9037768310785021e-04
540,  2.9411539050364609e-04
541,  2.9782353087861913e-04
542,  3.0150233857707657e-04
543,  3.0515204607651537e-04
544,  3.0877288400268975e-04
545,  3.1236508114455884e-04
546,  3.1592886446908550e-04
547,  3.1946445913594263e-04
548,  3.2297208851207439e-04
549,  3.2645197418614675e-04
550,  3.2990433598289429e-04
551,  3.3332939197730705e-04
552,  3.3672735850872839e-04
553,  3.4009845019484115e-04
554,  3.4344287994551317e-04
555,  3.4676085897655318e-04
556,  3.5005259682333273e-04
557,  3.5331830135430846e-04
558,  3.5655817878442648e-04
559,  3.5977243368842915e-04
560,  3.6296126901401898e-04
561,  3.6612488609495496e-04
562,  3.6926348466400450e-04
563,  3.7237726286582380e-04
564,  3.7546641726970216e-04
565,  3.7853114288221234e-04
566,  3.8157163315976315e-04
567,  3.8458808002102903e-04
568,  3.8758067385931627e-04
569,  3.9054960355477681e-04
570,  3.9349505648655995e-04
571,  3.9641721854484437e-04
572,  3.9931627414279130e-04
573,  4.0219240622837201e-04
574,  4.0504579629612093e-04
575,  4.0787662439878121e-04
576,  4.1068506915886710e-04
577,  4.1347130778011286e-04
578,  4.1623551605882831e-04
579,  4.1897786839519989e-04
580,  4.2169853780443751e-04
581,  4.2439769592789427e-04
582,  4.2707551304404026e-04
583,  4.2973215807936519e-04
584,  4.3236779861923646e-04
585,  4.3498260091858338e-04
586,  4.3757672991257213e-04
587,  4.4015034922713776e-04
588,  4.4270362118948193e-04
589,  4.4523670683842509e-04
590,  4.4774976593473377e-04
591,  4.5024295697132478e-04
592,  4.5271643718339418e-04
593,  4.5517036255847719e-04
594,  4.5760488784641631e-04
595,  4.6002016656924050e-04
596,  4.6241635103097414e-04
597,  4.6479359232737960e-04
598,  4.6715204035558446e-04
599,  4.6949184382366643e-04
600,  4.7181315026014094e-04
601,  4.7411610602337564e-04
602,  4.7640085631093094e-04
603,  4.7866754516882046e-04
604,  4.8091631550071330e-04
605,  4.8314730907702484e-04
606,  4.8536066654397746e-04
607,  4.8755652743254522e-04
608,  4.8973503016737797e-04
609,  4.9189631207559846e-04
610,  4.9404050939555737e-04
611,  4.9616775728553988e-04
612,  4.9827818983232293e-04
613,  5.0037194005976917e-04
614,  5.0244913993726683e-04
615,  5.0450992038814145e-04
616,  5.0655441129798546e-04
617,  5.0858274152294053e-04
618,  5.1059503889788012e-04
619,  5.1259143024456422e-04
620,  5.1457204137967847e-04
621,  5.1653699712286914e-04
622,  5.1848642130466961e-04
623,  5.2042043677436847e-04
624,  5.2233916540783915e-04
625,  5.2424272811527528e-04
626,  5.2613124484887164e-04
627,  5.2800483461047198e-04
628,  5.2986361545910414e-04
629,  5.3170770451850969e-04
630,  5.3353721798456253e-04
631,  5.3535227113266927e-04
632,  5.3715297832507779e-04
633,  5.3893945301814621e-04
634,  5.4071180776955777e-04
635,  5.4247015424544940e-04
636,  5.4421460322751829e-04
637,  5.4594526462005606e-04
638,  5.4766224745689349e-04
639,  5.4936565990837307e-04
640,  5.5105560928817292e-04
641,  5.5273220206012775e-04
642,  5.5439554384499449e-04
643,  5.5604573942714020e-04
644,  5.5768289276119753e-04
645,  5.5930710697865216e-04
646,  5.6091848439439004e-04
647,  5.6251712651318123e-04
648,  5.6410313403612372e-04
649,  5.6567660686700943e-04
650,  5.6723764411868466e-04
651,  5.6878634411930841e-04
652,  5.7032280441861153e-04
653,  5.7184712179404230e-04
654,  5.7335939225694238e-04
655,  5.7485971105860007e-04
656,  5.7634817269628974e-04
657,  5.7782487091927637e-04
658,  5.7928989873473678e-04
659,  5.8074334841366271e-04
660,  5.8218531149669263e-04
661,  5.8361587879992183e-04
662,  5.8503514042064454e-04
663,  5.8644318574307085e-04
664,  5.8784010344397285e-04
665,  5.8922598149830523e-04
666,  5.9060090718477515e-04
667,  5.9196496709137871e-04
668,  5.9331824712085201e-04
669,  5.9466083249613540e-04
670,  5.9599280776576362e-04
671,  5.9731425680919950e-04
672,  5.9862526284216219e-04
673,  5.9992590842188249e-04
674,  6.0121627545232687e-04
675,  6.0249644518938091e-04
676,  6.0376649824598683e-04
677,  6.0502651459724800e-04
678,  6.0627657358548910e-04
679,  6.0751675392525751e-04
680,  6.0874713370832152e-04
681,  6.0996779040860130e-04
682,  6.1117880088706574e-04
683,  6.1238024139660338e-04
684,  6.1357218758681972e-04
685,  6.1475471450885206e-04
686,  6.1592789662008433e-04
687,  6.1709180778888087e-04
688,  6.1824652129923048e-04
689,  6.1939210985540241e-04
690,  6.2052864558651249e-04
691,  6.2165620005112166e-04
692,  6.2277484424172436e-04
693,  6.2388464858923961e-04
694,  6.2498568296747890e-04
695,  6.2607801669754934e-04
696,  6.2716171855223290e-04
697,  6.2823685676033521e-04
698,  6.2930349901099475e-04
699,  6.3036171245795761e-04
700,  6.3141156372381764e-04
701,  6.3245311890424132e-04
702,  6.3348644357211659e-04
703,  6.3451160278171087e-04
704,  6.3552866107277975e-04
705,  6.3653768247463579e-04
706,  6.3753873051019660e-04
707,  6.3853186820000095e-04