itr,err
2,  6.8589746769609439e-02
3,  6.7038989507492125e-02
4,  6.5690173407391736e-02
5,  6.4488094268480331e-02
6,  6.3398182087334831e-02
7,  6.2397359169053528e-02
8,  6.1469404832240615e-02
9,  6.0602436940941772e-02
10,  5.9787456440017366e-02
11,  5.9017459882211035e-02
12,  5.8286872877080655e-02
13,  5.7591174000124097e-02
14,  5.6926636674880488e-02
15,  5.6290146887533116e-02
16,  5.5679071238959127e-02
17,  5.5091159359864868e-02
18,  5.4524470366974449e-02
19,  5.3977316506841171e-02
20,  5.3448219325910519e-02
21,  5.2935875127584908e-02
22,  5.2439127421566666e-02
23,  5.1956944711454359e-02
24,  5.1488402409539488e-02
25,  5.1032667979358640e-02
26,  5.0588988629232785e-02
27,  5.0156681041471904e-02
28,  4.9735122740521179e-02
29,  4.9323744791527943e-02
30,  4.8922025587140559e-02
31,  4.8529485530761911e-02
32,  4.8145682463163718e-02
33,  4.7770207709326232e-02
34,  4.7402682645755256e-02
35,  4.7042755706944744e-02
36,  4.6690099764251640e-02
37,  4.6344409822108162e-02
38,  4.6005400985866016e-02
39,  4.5672806663147894e-02
40,  4.5346376966743908e-02
41,  4.5025877292134253e-02
42,  4.4711087046868492e-02
43,  4.4401798512453877e-02
44,  4.4097815822256380e-02
45,  4.3798954041286746e-02
46,  4.3505038335734797e-02
47,  4.3215903221786416e-02
48,  4.2931391884668657e-02
49,  4.2651355560066884e-02
50,  4.2375652971074457e-02
51,  4.2104149814703951e-02
52,  4.1836718292733631e-02
53,  4.1573236682301715e-02
54,  4.1313588942210870e-02
55,  4.1057664351380620e-02
56,  4.0805357176300190e-02
57,  4.0556566364688650e-02
58,  4.0311195262884313e-02
59,  4.0069151354755785e-02
60,  3.9830346020166114e-02
61,  3.9594694311232373e-02
62,  3.9362114744802362e-02
63,  3.9132529109739238e-02
64,  3.8905862287740407e-02
65,  3.8682042086549670e-02
66,  3.8460999084531884e-02
67,  3.8242666485677215e-02
68,  3.8026979984194409e-02
69,  3.7813877637929254e-02
70,  3.7603299749916476e-02
71,  3.7395188757434090e-02
72,  3.7189489127990784e-02
73,  3.6986147261721759e-02
74,  3.6785111399719433e-02
75,  3.6586331537862629e-02
76,  3.6389759345748000e-02
77,  3.6195348090359097e-02
78,  3.6003052564138820e-02
79,  3.5812829017159792e-02
80,  3.5624635093110688e-02
81,  3.5438429768839409e-02
82,  3.5254173297215106e-02
83,  3.5071827153088653e-02
84,  3.4891353982149792e-02
85,  3.4712717552491966e-02
86,  3.4535882708713418e-02
87,  3.4360815328393447e-02
88,  3.4187482280794892e-02
89,  3.4015851387656670e-02
90,  3.3845891385947124e-02
91,  3.3677571892461192e-02
92,  3.3510863370149448e-02
93,  3.3345737096078520e-02
94,  3.3182165130925825e-02
95,  3.3020120289920629e-02
96,  3.2859576115148635e-02
97,  3.2700506849142233e-02
98,  3.2542887409684751e-02
99,  3.2386693365761055e-02
100,  3.2231900914591965e-02
101,  3.2078486859692487e-02
102,  3.1926428589899324e-02
103,  3.1775704059316644e-02
104,  3.1626291768129582e-02
105,  3.1478170744242702e-02
106,  3.1331320525697655e-02
107,  3.1185721143833049e-02
108,  3.1041353107146497e-02
109,  3.0898197385824205e-02
110,  3.0756235396905501e-02
111,  3.0615448990049480e-02
112,  3.0475820433875301e-02
113,  3.0337332402847878e-02
114,  3.0199967964682987e-02
115,  3.0063710568246155e-02
116,  2.9928544031922886e-02
117,  2.9794452532438027e-02
118,  2.9661420594102407e-02
119,  2.9529433078468177e-02
120,  2.9398475174374047e-02
121,  2.9268532388361326e-02
122,  2.9139590535446160e-02
123,  2.9011635730230606e-02
124,  2.8884654378337704e-02
125,  2.8758633168157188e-02
126,  2.8633559062887285e-02
127,  2.8509419292859724e-02
128,  2.8386201348137529e-02
129,  2.8263892971371319e-02
130,  2.8142482150905514e-02
131,  2.8021957114122600e-02
132,  2.7902306321015927e-02
133,  2.7783518457981802e-02
134,  2.7665582431821559e-02
135,  2.7548487363945325e-02
136,  2.7432222584768868e-02
137,  2.7316777628296381e-02
138,  2.7202142226881224e-02
139,  2.7088306306157998e-02
140,  2.6975259980138899e-02
141,  2.6862993546467939e-02
142,  2.6751497481827324e-02
143,  2.6640762437489616e-02
144,  2.6530779235010057e-02
145,  2.6421538862054304e-02
146,  2.6313032468356014e-02
147,  2.6205251361799024e-02
148,  2.6098187004620681e-02
149,  2.5991831009730217e-02
150,  2.5886175137139558e-02
151,  2.5781211290501042e-02
152,  2.5676931513748742e-02
153,  2.5573327987840455e-02
154,  2.5470393027594806e-02
155,  2.5368119078621933e-02
156,  2.5266498714343669e-02
157,  2.5165524633099536e-02
158,  2.5065189655336544e-02
159,  2.4965486720879622e-02
160,  2.4866408886278550e-02
161,  2.4767949322231260e-02
162,  2.4670101311078451e-02
163,  2.4572858244368733e-02
164,  2.4476213620490440e-02
165,  2.4380161042370081e-02
166,  2.4284694215232216e-02
167,  2.4189806944421733e-02
168,  2.4095493133283973e-02
169,  2.4001746781102413e-02
170,  2.3908561981091432e-02
171,  2.3815932918442018e-02
172,  2.3723853868419638e-02
173,  2.3632319194511635e-02
174,  2.3541323346622869e-02
175,  2.3450860859318603e-02
176,  2.3360926350112259e-02
177,  2.3271514517797198e-02
178,  2.3182620140821047e-02
179,  2.3094238075701354e-02
180,  2.3006363255480399e-02
181,  2.2918990688219936e-02
182,  2.2832115455532102e-02
183,  2.2745732711147510e-02
184,  2.2659837679518437e-02
185,  2.2574425654455943e-02
186,  2.2489491997800246e-02
187,  2.2405032138123282e-02
188,  2.2321041569462609e-02
189,  2.2237515850085442e-02
190,  2.2154450601281836e-02
191,  2.2071841506186983e-02
192,  2.1989684308630780e-02
193,  2.1907974812014421e-02
194,  2.1826708878213145e-02
195,  2.1745882426504413e-02
196,  2.1665491432520487e-02
197,  2.1585531927225649e-02
198,  2.1505999995915664e-02
199,  2.1426891777241001e-02
200,  2.1348203462251393e-02
201,  2.1269931293461757e-02
202,  2.1192071563939433e-02
203,  2.1114620616411249e-02
204,  2.1037574842390435e-02
205,  2.0960930681322747e-02
206,  2.0884684619751050e-02
207,  2.0808833190498303e-02
208,  2.0733372971867985e-02
209,  2.0658300586861810e-02
210,  2.0583612702414565e-02
211,  2.0509306028644085e-02
212,  2.0435377318118803e-02
213,  2.0361823365139239e-02
214,  2.0288641005035433e-02
215,  2.0215827113478805e-02
216,  2.0143378605808324e-02
217,  2.0071292436370604e-02
218,  1.9999565597873525e-02
219,  1.9928195120753382e-02
220,  1.9857178072554587e-02
221,  1.9786511557322133e-02
222,  1.9716192715006527e-02
223,  1.9646218720880335e-02
224,  1.9576586784966588e-02
225,  1.9507294151478692e-02
226,  1.9438338098271273e-02
227,  1.9369715936302111e-02
228,  1.9301425009104371e-02
229,  1.9233462692269332e-02
230,  1.9165826392939383e-02
231,  1.9098513549310386e-02
232,  1.9031521630144346e-02
233,  1.8964848134290734e-02
234,  1.8898490590217688e-02
235,  1.8832446555551594e-02
236,  1.8766713616625762e-02
237,  1.8701289388037706e-02
238,  1.8636171512214368e-02
239,  1.8571357658986005e-02
240,  1.8506845525167914e-02
241,  1.8442632834149524e-02
242,  1.8378717335491943e-02
243,  1.8315096804532183e-02
244,  1.8251769041994995e-02
245,  1.8188731873612213e-02
246,  1.8125983149748174e-02
247,  1.8063520745032684e-02
248,  1.8001342558000573e-02
249,  1.7939446510737457e-02
250,  1.7877830548532155e-02
251,  1.7816492639535123e-02
252,  1.7755430774423379e-02
253,  1.7694642966071029e-02
254,  1.7634127249225594e-02
255,  1.7573881680190570e-02
256,  1.7513904336513113e-02
257,  1.7454193316677358e-02
258,  1.7394746739803148e-02
259,  1.7335562745350124e-02
260,  1.7276639492826439e-02
261,  1.7217975161503609e-02
262,  1.7159567950134808e-02
263,  1.7101416076679529e-02
264,  1.7043517778031800e-02
265,  1.6985871309753840e-02
266,  1.6928474945813548e-02
267,  1.6871326978327252e-02
268,  1.6814425717306198e-02
269,  1.6757769490407463e-02
270,  1.6701356642689333e-02
271,  1.6645185536370545e-02
272,  1.6589254550593457e-02
273,  1.6533562081191472e-02
274,  1.6478106540460117e-02
275,  1.6422886356932096e-02
276,  1.6367899975155750e-02
277,  1.6313145855477575e-02
278,  1.6258622473827963e-02
279,  1.6204328321510621e-02
280,  1.6150261904995633e-02
281,  1.6096421745715298e-02
282,  1.6042806379863973e-02
283,  1.5989414358200782e-02
284,  1.5936244245855540e-02
285,  1.5883294622137785e-02
286,  1.5830564080349094e-02
287,  1.5778051227598188e-02
288,  1.5725754684618950e-02
289,  1.5673673085591654e-02
290,  1.5621805077966670e-02
291,  1.5570149322291152e-02
292,  1.5518704492038548e-02
293,  1.5467469273440521e-02
294,  1.5416442365321826e-02
295,  1.5365622478937522e-02
296,  1.5315008337812873e-02
297,  1.5264598677585726e-02
298,  1.5214392245851352e-02
299,  1.5164387802009538e-02
300,  1.5114584117114360e-02
301,  1.5064979973726026e-02
302,  1.5015574165764864e-02
303,  1.4966365498368229e-02
304,  1.4917352787748519e-02
305,  1.4868534861054467e-02
306,  1.4819910556233854e-02
307,  1.4771478721898448e-02
308,  1.4723238217191112e-02
309,  1.4675187911655094e-02
310,  1.4627326685104497e-02
311,  1.4579653427497783e-02
312,  1.4532167038812539e-02
313,  1.4484866428922058e-02
314,  1.4437750517474101e-02
315,  1.4390818233771193e-02
316,  1.4344068516652949e-02
317,  1.4297500314380089e-02
318,  1.4251112584519670e-02
319,  1.4204904293833063e-02
320,  1.4158874418164321e-02
321,  1.4113021942331433e-02
322,  1.4067345860017963e-02
323,  1.4021845173667552e-02
324,  1.3976518894378627e-02
325,  1.3931366041801807e-02
326,  1.3886385644037994e-02
327,  1.3841576737538467e-02
328,  1.3796938367005960e-02
329,  1.3752469585297730e-02
330,  1.3708169453329359e-02
331,  1.3664037039980525e-02
332,  1.3620071422001936e-02
333,  1.3576271683923230e-02
334,  1.3532636917962856e-02
335,  1.3489166223938592e-02
336,  1.3445858709179930e-02
337,  1.3402713488441194e-02
338,  1.3359729683816095e-02
339,  1.3316906424653652e-02
340,  1.3274242847475044e-02
341,  1.3231738095891770e-02
342,  1.3189391320524753e-02
343,  1.3147201678925058e-02
344,  1.3105168335495146e-02
345,  1.3063290461411572e-02
346,  1.3021567234548692e-02
347,  1.2979997839403398e-02
348,  1.2938581467020864e-02
349,  1.2897317314921381e-02
350,  1.2856204587028250e-02
351,  1.2815242493596446e-02
352,  1.2774430251142518e-02
353,  1.2733767082375433e-02
354,  1.2693252216128060e-02
355,  1.2652884887289986e-02
356,  1.2612664336741002e-02
357,  1.2572589811285523e-02
358,  1.2532660563588073e-02
359,  1.2492875852109316e-02
360,  1.2453234941043324e-02
361,  1.2413737100255401e-02
362,  1.2374381605220738e-02
363,  1.2335167736964376e-02
364,  1.2296094782001186e-02
365,  1.2257162032277240e-02
366,  1.2218368785111906e-02
367,  1.2179714343140283e-02
368,  1.2141198014257197e-02
369,  1.2102819111560869e-02
370,  1.2064576953298380e-02
371,  1.2026470862811294e-02
372,  1.1988500168481865e-02
373,  1.1950664203680456e-02
374,  1.1912962306713275e-02
375,  1.1875393820770840e-02
376,  1.1837958093877301e-02
377,  1.1800654478840105e-02
378,  1.1763482333200730e-02
379,  1.1726441019185612e-02
380,  1.1689529903658062e-02
381,  1.1652748358070706e-02
382,  1.1616095758418349e-02
383,  1.1579571485191819e-02
384,  1.1543174923331973e-02
385,  1.1506905462184566e-02
386,  1.1470762495455743e-02
387,  1.1434745421167881e-02
388,  1.1398853641616176e-02
389,  1.1363086563325693e-02
390,  1.1327443597008865e-02
391,  1.1291924157523938e-02
392,  1.1256527663833317e-02
393,  1.1221253538962974e-02
394,  1.1186101209962140e-02
395,  1.1151070107863485e-02
396,  1.1116159667643790e-02
397,  1.1081369328185301e-02
398,  1.1046698532237336e-02
399,  1.1012146726378449e-02
400,  1.0977713360979158e-02
401,  1.0943397890164831e-02
402,  1.0909199771779652e-02
403,  1.0875118467350181e-02
404,  1.0841153442050139e-02
405,  1.0807304164665152e-02
406,  1.0773570107558132e-02
407,  1.0739950746635019e-02
408,  1.0706445561310948e-02
409,  1.0673054034476773e-02
410,  1.0639775652466186e-02
411,  1.0606609905023007e-02
412,  1.0573556285269044e-02
413,  1.0540614289672129e-02
414,  1.0507783418014822e-02
415,  1.0475063173363360e-02
416,  1.0442453062036838e-02
417,  1.0409952593576993e-02
418,  1.0377561280718171e-02
419,  1.0345278639357913e-02
420,  1.0313104188527419e-02
421,  1.0281037450362870e-02
422,  1.0249077950076842e-02
423,  1.0217225215930046e-02
424,  1.0185478779203382e-02
425,  1.0153838174170584e-02
426,  1.0122302938070746e-02
427,  1.0090872611081663e-02
428,  1.0059546736292982e-02
429,  1.0028324859680193e-02
430,  9.9972065300783508e-03
431,  9.9661912991566900e-03
432,  9.9352787213930500e-03
433,  9.9044683540488922e-03
434,  9.8737597571444541e-03
435,  9.8431524934343376e-03
436,  9.8126461283831595e-03
437,  9.7822402301416828e-03
438,  9.7519343695231676e-03
439,  9.7217281199799225e-03
440,  9.6916210575802280e-03
441,  9.6616127609854136e-03
442,  9.6317028114272559e-03
443,  9.6018907926857487e-03
444,  9.5721762910667505e-03
445,  9.5425588953804135e-03
446,  9.5130381969195290e-03
447,  9.4836137894379058e-03
448,  9.4542852691296402e-03
449,  9.4250522346079509e-03
450,  9.3959142868847052e-03
451,  9.3668710293498599e-03
452,  9.3379220677513568e-03
453,  9.3090670101752312e-03
454,  9.2803054670256083e-03
455,  9.2516370510055228e-03
456,  9.2230613770973215e-03
457,  9.1945780625437065e-03
458,  9.1661867268288486e-03
459,  9.1378869916596255e-03
460,  9.1096784809472659e-03
461,  9.0815608207889097e-03
462,  9.0535336394497457e-03
463,  9.0255965673449456e-03
464,  8.9977492370220246e-03
465,  8.9699912831434150e-03
466,  8.9423223424691632e-03
467,  8.9147420538396114e-03
468,  8.8872500581587965e-03
469,  8.8598459983774032e-03
470,  8.8325295194763079e-03
471,  8.8053002684502345e-03
472,  8.7781578942914412e-03
473,  8.7511020479736721e-03
474,  8.7241323824363420e-03
475,  8.6972485525688131e-03
476,  8.6704502151947836e-03
477,  8.6437370290569620e-03
478,  8.6171086548018170e-03
479,  8.5905647549645719e-03
480,  8.5641049939541910e-03
481,  8.5377290380388247e-03
482,  8.5114365553309417e-03
483,  8.4852272157731456e-03
484,  8.4591006911237214e-03
485,  8.4330566549425372e-03
486,  8.4070947825770955e-03
487,  8.3812147511485684e-03
488,  8.3554162395382200e-03
489,  8.3296989283736852e-03
490,  8.3040625000156895e-03
491,  8.2785066385446162e-03
492,  8.2530310297474208e-03
493,  8.2276353611046293e-03
494,  8.2023193217773474e-03
495,  8.1770826025946170e-03
496,  8.1519248960406129e-03
497,  8.1268458962423604e-03
498,  8.1018452989571176e-03
499,  8.0769228015603531e-03
500,  8.0520781030333239e-03
501,  8.0273109039513697e-03
502,  8.0026209064717312e-03
503,  7.9780078143220565e-03
504,  7.9534713327884653e-03
505,  7.9290111687042170e-03
506,  7.9046270304381269e-03
507,  7.8803186278833814e-03
508,  7.8560856724461982e-03
509,  7.8319278770348170e-03
510,  7.8078449560484899e-03
511,  7.7838366253665759e-03
512,  7.7599026023377985e-03
513,  7.7360426057695580e-03
514,  7.7122563559173336e-03
515,  7.6885435744742745e-03
516,  7.6649039845607713e-03
517,  7.6413373107142623e-03
518,  7.6178432788789685e-03
519,  7.5944216163959539e-03
520,  7.5710720519929966e-03
521,  7.5477943157748568e-03
522,  7.5245881392133731e-03
523,  7.5014532551378908e-03
524,  7.4783893977254734e-03
525,  7.4553963024916502e-03
526,  7.4324737062807684e-03
527,  7.4096213472567745e-03
528,  7.3868389648939778e-03
529,  7.3641262999678200e-03
530,  7.3414830945458115e-03
531,  7.3189090919786428e-03
532,  7.2964040368912056e-03
533,  7.2739676751737538e-03
534,  7.2515997539731722e-03
535,  7.2293000216844079e-03
536,  7.2070682279417233e-03
537,  7.1849041236103275e-03
538,  7.1628074607779525e-03
539,  7.1407779927463878e-03
540,  7.1188154740233402e-03
541,  7.0969196603142271e-03
542,  7.0750903085139202e-03
543,  7.0533271766988594e-03
544,  7.0316300241190389e-03
545,  7.0099986111900178e-03
546,  6.9884326994852494e-03
547,  6.9669320517280996e-03
548,  6.9454964317843685e-03
549,  6.9241256046546039e-03
550,  6.9028193364664547e-03
551,  6.8815773944673128e-03
552,  6.8603995470167892e-03
553,  6.8392855635794319e-03
554,  6.8182352147173773e-03
555,  6.7972482720832453e-03
556,  6.7763245084127696e-03
557,  6.7554636975178705e-03
558,  6.7346656142796158e-03
559,  6.7139300346411102e-03
560,  6.6932567356006636e-03
561,  6.6726454952050415e-03
562,  6.6520960925424370e-03
563,  6.6316083077359641e-03
564,  6.6111819219368080e-03
565,  6.5908167173177358e-03
566,  6.5705124770664243e-03
567,  6.5502689853790029e-03
568,  6.5300860274536514e-03
569,  6.5099633894841018e-03
570,  6.4899008586533852e-03
571,  6.4698982231274384e-03
572,  6.4499552720490025e-03
573,  6.4300717955313854e-03
574,  6.4102475846522650e-03
575,  6.3904824314477008e-03
576,  6.3707761289061079e-03
577,  6.3511284709621774e-03
578,  6.3315392524910807e-03
579,  6.3120082693024779e-03
580,  6.2925353181347938e-03
581,  6.2731201966494026e-03
582,  6.2537627034247910e-03
583,  6.2344626379510961e-03
584,  6.2152198006242389e-03
585,  6.1960339927404698e-03
586,  6.1769050164908025e-03
587,  6.1578326749555249e-03
588,  6.1388167720986117e-03
589,  6.1198571127625920e-03
590,  6.1009535026628802e-03
591,  6.0821057483826510e-03
592,  6.0633136573675058e-03
593,  6.0445770379201885e-03
594,  6.0258956991954965e-03
595,  6.0072694511950778e-03
596,  5.9886981047622342e-03
597,  5.9701814715769873e-03
598,  5.9517193641510065e-03
599,  5.9333115958226058e-03
600,  5.9149579807517309e-03
601,  5.8966583339152496e-03
602,  5.8784124711017856e-03
603,  5.8602202089072060e-03
604,  5.8420813647295945e-03
605,  5.8239957567645792e-03
606,  5.8059632040006704e-03
607,  5.7879835262144306e-03
608,  5.7700565439659911e-03
609,  5.7521820785943478e-03
610,  5.7343599522128551e-03
611,  5.7165899877045633e-03
612,  5.6988720087179411e-03
613,  5.6812058396621193e-03
614,  5.6635913057027486e-03
615,  5.6460282327574140e-03
616,  5.6285164474913123e-03
617,  5.6110557773129477e-03
618,  5.5936460503698739e-03
619,  5.5762870955443017e-03
620,  5.5589787424489999e-03
621,  5.5417208214230667e-03
622,  5.5245131635276818e-03
623,  5.5073556005420807e-03
624,  5.4902479649593721e-03
625,  5.4731900899825285e-03
626,  5.4561818095202885e-03
627,  5.4392229581831757e-03
628,  5.4223133712795139e-03
629,  5.4054528848114809e-03
630,  5.3886413354711756e-03
631,  5.3718785606367107e-03
632,  5.3551643983684215e-03
633,  5.3384986874049339e-03
634,  5.3218812671594123e-03
635,  5.3053119777157695e-03
636,  5.2887906598249558e-03
637,  5.2723171549011660e-03
638,  5.2558913050181908e-03
639,  5.2395129529057456e-03
640,  5.2231819419458359e-03
641,  5.2068981161691140e-03
642,  5.1906613202513142e-03
643,  5.1744713995096918e-03
644,  5.1583281998994687e-03
645,  5.1422315680103711e-03
646,  5.1261813510630940e-03
647,  5.1101773969058550e-03
648,  5.0942195540109930e-03
649,  5.0783076714714841e-03
650,  5.0624415989976596e-03
651,  5.0466211869137634e-03
652,  5.0308462861546679e-03
653,  5.0151167482625075e-03
654,  4.9994324253834453e-03
655,  4.9837931702643836e-03
656,  4.9681988362497067e-03
657,  4.9526492772780989e-03
658,  4.9371443478792975e-03
659,  4.9216839031709925e-03
660,  4.9062677988555951e-03
661,  4.8908958912171757e-03
662,  4.8755680371182801e-03
663,  4.8602840939969754e-03
664,  4.8450439198636213e-03
665,  4.8298473732979359e-03
666,  4.8146943134459693e-03
667,  4.7995846000170751e-03
668,  4.7845180932809157e-03
669,  4.7694946540645742e-03
670,  4.7545141437495379e-03
671,  4.7395764242688151e-03
672,  4.7246813581040652e-03
673,  4.7098288082826536e-03
674,  4.6950186383748578e-03
675,  4.6802507124910396e-03
676,  4.6655248952787182e-03
677,  4.6508410519199008e-03
678,  4.6361990481282277e-03
679,  4.6215987501462717e-03
680,  4.6070400247426651e-03
681,  4.5925227392095754e-03
682,  4.5780467613598308e-03
683,  4.5636119595242886e-03
684,  4.5492182025492281e-03
685,  4.5348653597935672e-03
686,  4.5205533011263453e-03
687,  4.5062818969241114e-03
688,  4.4920510180682027e-03
689,  4.4778605359423081e-03
690,  4.4637103224298025e-03
691,  4.4496002499112728e-03
692,  4.4355301912619577e-03
693,  4.4215000198492222e-03
694,  4.4075096095300319e-03
695,  4.3935588346486311e-03
696,  4.3796475700338651e-03
697,  4.3657756909968679e-03
698,  4.3519430733286353e-03
699,  4.3381495932975087e-03
700,  4.3243951276468904e-03
701,  4.3106795535928040e-03
702,  4.2970027488215337e-03
703,  4.2833645914872841e-03
704,  4.2697649602098185e-03
705,  4.2562037340721903e-03
706,  4.2426807926183646e-03
707,  4.2291960158509848e-03
708,  4.2157492842290825e-03
709,  4.2023404786657951e-03
710,  4.1889694805261500e-03
711,  4.1756361716248106e-03
712,  4.1623404342238405e-03
713,  4.1490821510305823e-03
714,  4.1358612051953748e-03
715,  4.1226774803093816e-03
716,  4.1095308604025089e-03
717,  4.0964212299411983e-03
718,  4.0833484738262670e-03
719,  4.0703124773909197e-03
720,  4.0573131263984055e-03
721,  4.0443503070401897e-03
722,  4.0314239059336694e-03
723,  4.0185338101202204e-03
724,  4.0056799070631050e-03
725,  3.9928620846454172e-03
726,  3.9800802311680860e-03
727,  3.9673342353478309e-03
728,  3.9546239863151754e-03
729,  3.9419493736124476e-03
730,  3.9293102871918208e-03
731,  3.9167066174133252e-03
732,  3.9041382550428819e-03
733,  3.8916050912504267e-03
734,  3.8791070176078936e-03
735,  3.8666439260873573e-03
736,  3.8542157090591185e-03
737,  3.8418222592897823e-03
738,  3.8294634699404251e-03
739,  3.8171392345646427e-03
740,  3.8048494471067847e-03
741,  3.7925940019000706e-03
742,  3.7803727936647192e-03
743,  3.7681857175061672e-03
744,  3.7560326689132246e-03
745,  3.7439135437563370e-03
746,  3.7318282382856906e-03
747,  3.7197766491294973e-03
748,  3.7077586732922200e-03
749,  3.6957742081528107e-03
750,  3.6838231514629530e-03
751,  3.6719054013453290e-03
752,  3.6600208562918772e-03
753,  3.6481694151621132e-03
754,  3.6363509771813593e-03
755,  3.6245654419391465e-03
756,  3.6128127093874047e-03
757,  3.6010926798388772e-03
758,  3.5894052539654445e-03
759,  3.5777503327964299e-03
760,  3.5661278177169810e-03
761,  3.5545376104664204e-03
762,  3.5429796131366113e-03
763,  3.5314537281703915e-03
764,  3.5199598583598901e-03
765,  3.5084979068449882e-03
766,  3.4970677771116875e-03
767,  3.4856693729905805e-03
768,  3.4743025986552307e-03
769,  3.4629673586206388e-03
770,  3.4516635577416842e-03
771,  3.4403911012115896e-03
772,  3.4291498945603731e-03
773,  3.4179398436533421e-03
774,  3.4067608546895539e-03
775,  3.3956128342003213e-03
776,  3.3844956890477572e-03
777,  3.3734093264231931e-03
778,  3.3623536538457651e-03
779,  3.3513285791609594e-03
780,  3.3403340105390639e-03
781,  3.3293698564737842e-03
782,  3.3184360257808168e-03
783,  3.3075324275963244e-03
784,  3.2966589713755647e-03
785,  3.2858155668914783e-03
786,  3.2750021242332356e-03
787,  3.2642185538048455e-03
788,  3.2534647663237924e-03
789,  3.2427406728196052e-03
790,  3.2320461846324575e-03
791,  3.2213812134118613e-03
792,  3.2107456711152663e-03
793,  3.2001394700066780e-03
794,  3.1895625226553400e-03
795,  3.1790147419343802e-03
796,  3.1684960410194927e-03
797,  3.1580063333875663e-03
798,  3.1475455328154236e-03
799,  3.1371135533784498e-03
800,  3.1267103094493346e-03
801,  3.1163357156967497e-03
802,  3.1059896870840710e-03
803,  3.0956721388680671e-03
804,  3.0853829865976792e-03
805,  3.0751221461126918e-03
806,  3.0648895335425208e-03
807,  3.0546850653048962e-03
808,  3.0445086581046988e-03
809,  3.0343602289326348e-03
810,  3.0242396950640629e-03
811,  3.0141469740577616e-03
812,  3.0040819837546559e-03
813,  2.9940446422766619e-03
814,  2.9840348680254636e-03
815,  2.9740525796812891e-03
816,  2.9640976962017483e-03
817,  2.9541701368206437e-03
818,  2.9442698210467820e-03
819,  2.9343966686627499e-03
820,  2.9245505997238836e-03
821,  2.9147315345569211e-03
822,  2.9049393937590189e-03
823,  2.8951740981965060e-03
824,  2.8854355690037495e-03
825,  2.8757237275820646e-03
826,  2.8660384955985566e-03
827,  2.8563797949849707e-03
828,  2.8467475479366073e-03
829,  2.8371416769112155e-03
830,  2.8275621046278793e-03
831,  2.8180087540659051e-03
832,  2.8084815484637300e-03
833,  2.7989804113178599e-03
834,  2.7895052663817542e-03
835,  2.7800560376647922e-03
836,  2.7706326494311346e-03
837,  2.7612350261987367e-03
838,  2.7518630927382604e-03
839,  2.7425167740719784e-03
840,  2.7331959954727792e-03
841,  2.7239006824631307e-03
842,  2.7146307608139891e-03
843,  2.7053861565438327e-03
844,  2.6961667959175786e-03
845,  2.6869726054456105e-03
846,  2.6778035118827496e-03
847,  2.6686594422272005e-03
848,  2.6595403237196381e-03
849,  2.6504460838421336e-03
850,  2.6413766503171655e-03
851,  2.6323319511066994e-03
852,  2.6233119144111177e-03
853,  2.6143164686683101e-03
854,  2.6053455425526601e-03
855,  2.5963990649740891e-03
856,  2.5874769650770990e-03
857,  2.5785791722398089e-03
858,  2.5697056160730409e-03
859,  2.5608562264192911e-03
860,  2.5520309333518501e-03
861,  2.5432296671738719e-03
862,  2.5344523584173982e-03
863,  2.5256989378424559e-03
864,  2.5169693364361268e-03
865,  2.5082634854116589e-03
866,  2.4995813162074910e-03
867,  2.4909227604864178e-03
868,  2.4822877501346290e-03
869,  2.4736762172608349e-03
870,  2.4650880941953562e-03
871,  2.4565233134892636e-03
872,  2.4479818079134776e-03
873,  2.4394635104578585e-03
874,  2.4309683543303783e-03
875,  2.4224962729562150e-03
876,  2.4140471999769086e-03
877,  2.4056210692494679e-03
878,  2.3972178148455444e-03
879,  2.3888373710505640e-03
880,  2.3804796723628707e-03
881,  2.3721446534928766e-03
882,  2.3638322493622571e-03
883,  2.3555423951030744e-03
884,  2.3472750260569433e-03
885,  2.3390300777742525e-03
886,  2.3308074860132711e-03
887,  2.3226071867393817e-03
888,  2.3144291161242407e-03
889,  2.3062732105449788e-03
890,  2.2981394065833666e-03
891,  2.2900276410250404e-03
892,  2.2819378508586920e-03
893,  2.2738699732752815e-03
894,  2.2658239456672092e-03
895,  2.2577997056275854e-03
896,  2.2497971909493965e-03
897,  2.2418163396247504e-03
898,  2.2338570898440915e-03
899,  2.2259193799954316e-03
900,  2.2180031486635811e-03
901,  2.2101083346293929e-03
902,  2.2022348768689858e-03
903,  2.1943827145529849e-03
904,  2.1865517870457993e-03
905,  2.1787420339048191e-03
906,  2.1709533948797315e-03
907,  2.1631858099117360e-03
908,  2.1554392191328159e-03
909,  2.1477135628650145e-03
910,  2.1400087816196727e-03
911,  2.1323248160967506e-03
912,  2.1246616071840642e-03
913,  2.1170190959565725e-03
914,  2.1093972236756594e-03
915,  2.1017959317884416e-03
916,  2.0942151619270342e-03
917,  2.0866548559078345e-03
918,  2.0791149557308538e-03
919,  2.0715954035790030e-03
920,  2.0640961418173800e-03
921,  2.0566171129925799e-03
922,  2.0491582598320410e-03
923,  2.0417195252433024e-03
924,  2.0343008523133689e-03
925,  2.0269021843080069e-03
926,  2.0195234646710695e-03
927,  2.0121646370238342e-03
928,  2.0048256451643031e-03
929,  1.9975064330665891e-03
930,  1.9902069448802045e-03
931,  1.9829271249294099e-03
932,  1.9756669177125753e-03
933,  1.9684262679015214e-03
934,  1.9612051203408425e-03
935,  1.9540034200472883e-03
936,  1.9468211122091006e-03
937,  1.9396581421854023e-03
938,  1.9325144555055098e-03
939,  1.9253899978683214e-03
940,  1.9182847151417103e-03
941,  1.9111985533618410e-03
942,  1.9041314587326095e-03
943,  1.8970833776249466e-03
944,  1.8900542565762392e-03
945,  1.8830440422897352e-03
946,  1.8760526816338462e-03
947,  1.8690801216416383e-03
948,  1.8621263095101486e-03
949,  1.8551911925997952e-03
950,  1.8482747184338062e-03
951,  1.8413768346975696e-03
952,  1.8344974892380746e-03
953,  1.8276366300632862e-03
954,  1.8207942053415829e-03
955,  1.8139701634011479e-03
956,  1.8071644527293809e-03
957,  1.8003770219723245e-03
958,  1.7936078199340712e-03
959,  1.7868567955762063e-03
960,  1.7801238980171903e-03
961,  1.7734090765318437e-03
962,  1.7667122805507154e-03
963,  1.7600334596595581e-03
964,  1.7533725635987445e-03
965,  1.7467295422627111e-03
966,  1.7401043456993874e-03
967,  1.7334969241096553e-03
968,  1.7269072278467642e-03
969,  1.7203352074158268e-03
970,  1.7137808134732124e-03
971,  1.7072439968260464e-03
972,  1.7007247084316393e-03
973,  1.6942228993969521e-03
974,  1.6877385209780418e-03
975,  1.6812715245795556e-03
976,  1.6748218617541628e-03
977,  1.6683894842020393e-03
978,  1.6619743437703497e-03
979,  1.6555763924526641e-03
980,  1.6491955823885126e-03
981,  1.6428318658627957e-03
982,  1.6364851953052969e-03
983,  1.6301555232901613e-03
984,  1.6238428025353534e-03
985,  1.6175469859022005e-03
986,  1.6112680263948016e-03
987,  1.6050058771595913e-03
988,  1.5987604914847841e-03
989,  1.5925318227999110e-03
990,  1.5863198246752609e-03
991,  1.5801244508214405e-03
992,  1.5739456550888456e-03
993,  1.5677833914671557e-03
994,  1.5616376140848594e-03
995,  1.5555082772087680e-03
996,  1.5493953352435086e-03
997,  1.5432987427310262e-03
998,  1.5372184543501572e-03
999,  1.5311544249160625e-03
1000,  1.5251066093798218e-03
1001,  1.5190749628279114e-03
1002,  1.5130594404817340e-03
1003,  1.5070599976971708e-03
1004,  1.5010765899640792e-03
1005,  1.4951091729058228e-03
1006,  1.4891577022788302e-03
1007,  1.4832221339720992e-03
1008,  1.4773024240067559e-03
1009,  1.4713985285355832e-03
1010,  1.4655104038425490e-03
1011,  1.4596380063423787e-03
1012,  1.4537812925800656e-03
1013,  1.4479402192304344e-03
1014,  1.4421147430977016e-03
1015,  1.4363048211149894e-03
1016,  1.4305104103439199e-03
1017,  1.4247314679741380e-03
1018,  1.4189679513228783e-03
1019,  1.4132198178345176e-03
1020,  1.4074870250801665e-03
1021,  1.4017695307571674e-03
1022,  1.3960672926887250e-03
1023,  1.3903802688234206e-03
1024,  1.3847084172348158e-03
1025,  1.3790516961209973e-03
1026,  1.3734100638041662e-03
1027,  1.3677834787301885e-03
1028,  1.3621718994681936e-03
1029,  1.3565752847101416e-03
1030,  1.3509935932703972e-03
1031,  1.3454267840853000e-03
1032,  1.3398748162127916e-03
1033,  1.3343376488319321e-03
1034,  1.3288152412425471e-03
1035,  1.3233075528647652e-03
1036,  1.3178145432386542e-03
1037,  1.3123361720237740e-03
1038,  1.3068723989987858e-03
1039,  1.3014231840610428e-03
1040,  1.2959884872261885e-03
1041,  1.2905682686277520e-03
1042,  1.2851624885167473e-03
1043,  1.2797711072612841e-03
1044,  1.2743940853461393e-03
1045,  1.2690313833724160e-03
1046,  1.2636829620570821e-03
1047,  1.2583487822326448e-03
1048,  1.2530288048467032e-03
1049,  1.2477229909616039e-03
1050,  1.2424313017540237e-03
1051,  1.2371536985145914e-03
1052,  1.2318901426475195e-03
1053,  1.2266405956701931e-03
1054,  1.2214050192128191e-03
1055,  1.2161833750180167e-03
1056,  1.2109756249404720e-03
1057,  1.2057817309465318e-03
1058,  1.2006016551138520e-03
1059,  1.1954353596310065e-03
1060,  1.1902828067971269e-03
1061,  1.1851439590215324e-03
1062,  1.1800187788233547e-03
1063,  1.1749072288311723e-03
1064,  1.1698092717826569e-03
1065,  1.1647248705241901e-03
1066,  1.1596539880105118e-03
1067,  1.1545965873043672e-03
1068,  1.1495526315761302e-03
1069,  1.1445220841034491e-03
1070,  1.1395049082709107e-03
1071,  1.1345010675696619e-03
1072,  1.1295105255970520e-03
1073,  1.1245332460563088e-03
1074,  1.1195691927561560e-03
1075,  1.1146183296104912e-03
1076,  1.1096806206380180e-03
1077,  1.1047560299619081e-03
1078,  1.0998445218094687e-03
1079,  1.0949460605117545e-03
1080,  1.0900606105032967e-03
1081,  1.0851881363216807e-03
1082,  1.0803286026072824e-03
1083,  1.0754819741028787e-03
1084,  1.0706482156533259e-03
1085,  1.0658272922052315e-03
1086,  1.0610191688066120e-03
1087,  1.0562238106065684e-03
1088,  1.0514411828549365e-03
1089,  1.0466712509019842e-03
1090,  1.0419139801980597e-03
1091,  1.0371693362932746e-03
1092,  1.0324372848371788e-03
1093,  1.0277177915784255e-03
1094,  1.0230108223644604e-03
1095,  1.0183163431411941e-03
1096,  1.0136343199526761e-03
1097,  1.0089647189407912e-03
1098,  1.0043075063449194e-03
1099,  9.9966264850163684e-04
1100,  9.9503011184438146e-04
1101,  9.9040986290316541e-04
1102,  9.8580186830423376e-04
1103,  9.8120609476977849e-04
1104,  9.7662250911759608e-04
1105,  9.7205107826080694e-04
1106,  9.6749176920753774e-04
1107,  9.6294454906060425e-04
1108,  9.5840938501721691e-04
1109,  9.5388624436867897e-04
1110,  9.4937509450006220e-04
1111,  9.4487590288993542e-04
1112,  9.4038863711003618e-04
1113,  9.3591326482498477e-04
1114,  9.3144975379197913e-04
1115,  9.2699807186049992e-04
1116,  9.2255818697202497e-04
1117,  9.1813006715970745e-04
1118,  9.1371368054810769e-04
1119,  9.0930899535288405e-04
1120,  9.0491597988051392e-04
1121,  9.0053460252798620e-04
1122,  8.9616483178252748e-04
1123,  8.9180663622130533e-04
1124,  8.8745998451115137e-04
1125,  8.8312484540825436e-04
1126,  8.7880118775788565e-04
1127,  8.7448898049412934e-04
1128,  8.7018819263958195e-04
1129,  8.6589879330506707e-04
1130,  8.6162075168937221e-04
1131,  8.5735403707895455e-04
1132,  8.5309861884766685e-04
1133,  8.4885446645648966e-04
1134,  8.4462154945322840e-04
1135,  8.4039983747227483e-04
1136,  8.3618930023429672e-04
1137,  8.3198990754598421e-04
1138,  8.2780162929978706e-04
1139,  8.2362443547361020e-04
1140,  8.1945829613057190e-04
1141,  8.1530318141873385e-04
1142,  8.1115906157081517e-04
1143,  8.0702590690393656e-04
1144,  8.0290368781936027e-04
1145,  7.9879237480221172e-04
1146,  7.9469193842121946e-04
1147,  7.9060234932845836e-04
1148,  7.8652357825908484e-04
1149,  7.8245559603107035e-04
1150,  7.7839837354494240e-04
1151,  7.7435188178353698e-04
1152,  7.7031609181172332e-04
1153,  7.6629097477615778e-04
1154,  7.6227650190502448e-04
1155,  7.5827264450777370e-04
1156,  7.5427937397488205e-04
1157,  7.5029666177759454e-04
1158,  7.4632447946765940e-04
1159,  7.4236279867708453e-04
1160,  7.3841159111789510e-04
1161,  7.3447082858187735e-04
1162,  7.3054048294032424e-04
1163,  7.2662052614379496e-04
1164,  7.2271093022186600e-04
1165,  7.1881166728288647e-04
1166,  7.1492270951373379e-04
1167,  7.1104562044171102e-04
1168,  7.0718384963934131e-04
1169,  7.0334078215378260e-04
1170,  6.9951958636519057e-04
1171,  6.9572313497709708e-04
1172,  6.9195393322164127e-04
1173,  6.8821405608715210e-04
1174,  6.8450509615589495e-04
1175,  6.8082812337746056e-04
1176,  6.7718365780366975e-04
1177,  6.7357165598301984e-04
1178,  6.6999151136479024e-04
1179,  6.6644206870497774e-04
1180,  6.6292165210835323e-04
1181,  6.5942810599295973e-04
1182,  6.5595884793543465e-04
1183,  6.5251093205634587e-04
1184,  6.4908112134243537e-04
1185,  6.4566596708409349e-04
1186,  6.4226189343649426e-04
1187,  6.3886690434329381e-04
1188,  6.3548091690850627e-04
1189,  6.3210390670744791e-04
1190,  6.2873584938547315e-04
1191,  6.2537672065776293e-04
1192,  6.2202649630908207e-04
1193,  6.1868515219356255e-04
1194,  6.1535266423448924e-04
1195,  6.1202903206954878e-04
1196,  6.0871596952473731e-04
1197,  6.0541673928517898e-04
1198,  6.0213447233860122e-04
1199,  5.9887209008708630e-04
1200,  5.9563223155482286e-04
1201,  5.9241718751290042e-04
1202,  5.8922884317551369e-04
1203,  5.8606863091144161e-04
1204,  5.8293749416537773e-04
1205,  5.7983586350196731e-04
1206,  5.7676364537893692e-04
1207,  5.7372022393253549e-04
1208,  5.7070447572782855e-04
1209,  5.6771479709715096e-04
1210,  5.6474914337140483e-04
1211,  5.6180507900952371e-04
1212,  5.5887983735946895e-04
1213,  5.5597038854633544e-04
1214,  5.5307351378575890e-04
1215,  5.5018591528619993e-04
1216,  5.4730599456090205e-04
1217,  5.4443373063243290e-04
1218,  5.4156910258446565e-04
1219,  5.3871208956158276e-04
1220,  5.3586267076908363e-04
1221,  5.3302082547276928e-04
1222,  5.3018653299874386e-04
1223,  5.2735977273322607e-04
1224,  5.2454192002672777e-04
1225,  5.2173596436360162e-04
1226,  5.1894483125298043e-04
1227,  5.1617125805357683e-04
1228,  5.1341772588313795e-04
1229,  5.1068639779779101e-04
1230,  5.0797906478762674e-04
1231,  5.0529710094389391e-04
1232,  5.0264142892659559e-04
1233,  5.0001249660432297e-04
1234,  4.9741026545766572e-04
1235,  4.9483421104092875e-04
1236,  4.9228333549207470e-04
1237,  4.8975619177615783e-04
1238,  4.8725091905126120e-04
1239,  4.8476528826607546e-04
1240,  4.8229675684233452e-04
1241,  4.7984253106997691e-04
1242,  4.7739963465379901e-04
1243,  4.7496498170222041e-04
1244,  4.7253686529570468e-04
1245,  4.7011522183366652e-04
1246,  4.6770003351674134e-04
1247,  4.6529128259816438e-04
1248,  4.6288895138359994e-04
1249,  4.6049302223095110e-04
1250,  4.5810347755018089e-04
1251,  4.5572100222097088e-04
1252,  4.5334819451866367e-04
1253,  4.5098781144132838e-04
1254,  4.4864245321066991e-04
1255,  4.4631449867451250e-04
1256,  4.4400604612921811e-04
1257,  4.4171886103809159e-04
1258,  4.3945433195332359e-04
1259,  4.3721343574636503e-04
1260,  4.3499671301980660e-04
1261,  4.3280425431891045e-04
1262,  4.3063569748955511e-04
1263,  4.2849023624859839e-04
1264,  4.2636663975047050e-04
1265,  4.2426328265700872e-04
1266,  4.2217818495449583e-04
1267,  4.2010906051846432e-04
1268,  4.1805337321028596e-04
1269,  4.1600839910470501e-04
1270,  4.1397129329910778e-04
1271,  4.1193987547855635e-04
1272,  4.0991388801176127e-04
1273,  4.0789331586579494e-04
1274,  4.0587814405280975e-04
1275,  4.0386835762987818e-04
1276,  4.0186394169884599e-04
1277,  3.9986502921432341e-04
1278,  3.9787338355775888e-04
1279,  3.9589161357052918e-04
1280,  3.9392220972488503e-04
1281,  3.9196748234504944e-04
1282,  3.9002950423315378e-04
1283,  3.8811005912661869e-04
1284,  3.8621059727171955e-04
1285,  3.8433219922312875e-04
1286,  3.8247554877540529e-04
1287,  3.8064091570473270e-04
1288,  3.7882814875386231e-04
1289,  3.7703667903625694e-04
1290,  3.7526553377393391e-04
1291,  3.7351336002417937e-04
1292,  3.7177845780025210e-04
1293,  3.7005882175664351e-04
1294,  3.6835219039689103e-04
1295,  3.6665610157637441e-04
1296,  3.6496795291888768e-04
1297,  3.6328521701662871e-04
1298,  3.6160699273254135e-04
1299,  3.5993326748744999e-04
1300,  3.5826402874048803e-04
1301,  3.5659926398894592e-04
1302,  3.5493896076815336e-04
1303,  3.5328368216745222e-04
1304,  3.5163566853708760e-04
1305,  3.4999730909708452e-04
1306,  3.4837085827050976e-04
1307,  3.4675837978378083e-04
1308,  3.4516169544324945e-04
1309,  3.4358233986117847e-04
1310,  3.4202152225859040e-04
1311,  3.4048009629772749e-04
1312,  3.3895853869759596e-04
1313,  3.3745693716706132e-04
1314,  3.3597498795718249e-04
1315,  3.3451200309365242e-04
1316,  3.3306692710799186e-04
1317,  3.3163836284856504e-04
1318,  3.3022460572601535e-04
1319,  3.2882368553804279e-04
1320,  3.2743341483097661e-04
1321,  3.2605144259513768e-04
1322,  3.2467531196114584e-04
1323,  3.2330310438492962e-04
1324,  3.2193458782591231e-04
1325,  3.2056975191288204e-04
1326,  3.1920858630671701e-04
1327,  3.1785108070027428e-04
1328,  3.1649828635765522e-04
1329,  3.1515245045686828e-04
1330,  3.1381576571161830e-04
1331,  3.1249028320428171e-04
1332,  3.1117786156533719e-04
1333,  3.0988012087628289e-04
1334,  3.0859840244052165e-04
1335,  3.0733373542282525e-04
1336,  3.0608681118860019e-04
1337,  3.0485796598323374e-04
1338,  3.0364717238432485e-04
1339,  3.0245403974090947e-04
1340,  3.0127782358932361e-04
1341,  3.0011744381127145e-04
1342,  2.9897151108143177e-04
1343,  2.9783836094556264e-04
1344,  2.9671609468054247e-04
1345,  2.9560262592015946e-04
1346,  2.9449573188884752e-04
1347,  2.9339310797336688e-04
1348,  2.9229349250670101e-04
1349,  2.9119684641921713e-04
1350,  2.9010316129011646e-04
1351,  2.8901251189550277e-04
1352,  2.8792621611480691e-04
1353,  2.8684638412519817e-04
1354,  2.8577503392451000e-04
1355,  2.8471404139504710e-04
1356,  2.8366509385105773e-04
1357,  2.8262964822073561e-04
1358,  2.8160889490039991e-04
1359,  2.8060372817891515e-04
1360,  2.7961472396805111e-04
1361,  2.7864212539311587e-04
1362,  2.7768583660271826e-04
1363,  2.7674542495178069e-04
1364,  2.7582013150314022e-04
1365,  2.7490888958587608e-04
1366,  2.7401035094793287e-04
1367,  2.7312291885203888e-04
1368,  2.7224478729205494e-04
1369,  2.7137398535603238e-04
1370,  2.7050842563622308e-04
1371,  2.6964604046894077e-04
1372,  2.6878599623986757e-04
1373,  2.6792828622955900e-04
1374,  2.6707305501391117e-04
1375,  2.6622174985000975e-04
1376,  2.6537632725050605e-04
1377,  2.6453865087428148e-04
1378,  2.6371044544194457e-04
1379,  2.6289325405980107e-04
1380,  2.6208840000879681e-04
1381,  2.6129695394573480e-04
1382,  2.6051970733087038e-04
1383,  2.5975715274217091e-04
1384,  2.5900947156579849e-04
1385,  2.5827652936922195e-04
1386,  2.5755787907216424e-04
1387,  2.5685277183669722e-04
1388,  2.5616017540557045e-04
1389,  2.5547879943290004e-04
1390,  2.5480712717777007e-04
1391,  2.5414345277397106e-04
1392,  2.5348592315164932e-04
1393,  2.5283258357263052e-04
1394,  2.5218157838728130e-04
1395,  2.5153235300108057e-04
1396,  2.5088509674794061e-04
1397,  2.5024131798560329e-04
1398,  2.4960283366390416e-04
1399,  2.4897136912494753e-04
1400,  2.4834851546880334e-04
1401,  2.4773569021444393e-04
1402,  2.4713410222914158e-04
1403,  2.4654472179508558e-04
1404,  2.4596825655558136e-04
1405,  2.4540513393794995e-04
1406,  2.4485549048986052e-04
1407,  2.4431916839435619e-04
1408,  2.4379571925043503e-04
1409,  2.4328441502555309e-04
1410,  2.4278426590820378e-04
1411,  2.4229404461736939e-04
1412,  2.4181231656572754e-04
1413,  2.4133747512861250e-04
1414,  2.4086778114509145e-04
1415,  2.4040140567358918e-04
1416,  2.3993667065722588e-04
1417,  2.3947347900249140e-04
1418,  2.3901336110021472e-04
1419,  2.3855800456537386e-04
1420,  2.3810900681247113e-04
1421,  2.3766783560485763e-04
1422,  2.3723579278985284e-04
1423,  2.3681398211669499e-04
1424,  2.3640328193408986e-04
1425,  2.3600432344386861e-04
1426,  2.3561747504985802e-04
1427,  2.3524283319008941e-04
1428,  2.3488021987964075e-04
1429,  2.3452918702483855e-04
1430,  2.3418902740143265e-04
1431,  2.3385879202407183e-04
1432,  2.3353731347597516e-04
1433,  2.3322323462023517e-04
1434,  2.3291504198150417e-04
1435,  2.3261110297179477e-04
1436,  2.3230970604018992e-04
1437,  2.3200979393406609e-04
1438,  2.3171264826174842e-04
1439,  2.3141983290660164e-04
1440,  2.3113282179890621e-04
1441,  2.3085296254024223e-04
1442,  2.3058144313299836e-04
1443,  2.3031926263760799e-04
1444,  2.3006720648358308e-04
1445,  2.2982582704575609e-04
1446,  2.2959542996699967e-04
1447,  2.2937606656645425e-04
1448,  2.2916753252150284e-04
1449,  2.2896937285608735e-04
1450,  2.2878089311162693e-04
1451,  2.2860117642352140e-04
1452,  2.2842910607991719e-04
1453,  2.2826339300398166e-04
1454,  2.2810260747932164e-04
1455,  2.2794521433395685e-04
1456,  2.2779027614010391e-04
1457,  2.2763806494642677e-04
1458,  2.2748989752128699e-04
1459,  2.2734712659295162e-04
1460,  2.2721097943226957e-04
1461,  2.2708252757611149e-04
1462,  2.2696266812519857e-04
1463,  2.2685214305843843e-04
1464,  2.2675148218568667e-04
1465,  2.2666097939682105e-04
1466,  2.2658068538603017e-04
1467,  2.2651040637359764e-04
1468,  2.2644970885686984e-04
1469,  2.2639793027279034e-04
1470,  2.2635419530793986e-04
1471,  2.2631743745227061e-04
1472,  2.2628642526312544e-04
1473,  2.2625988766666037e-04
1474,  2.2623734978515021e-04
1475,  2.2621866863954839e-04
1476,  2.2620427689263231e-04
1477,  2.2619532528038149e-04
1478,  2.2619286087572949e-04
1479,  2.2619777712628189e-04
1480,  2.2621086337478355e-04
1481,  2.2623274997958702e-04
1482,  2.2626385700419345e-04
1483,  2.2630442534088931e-04
1484,  2.2635447190523064e-04
1485,  2.2641377863858301e-04
1486,  2.2648189788181981e-04
1487,  2.2655816340945450e-04
1488,  2.2664170685101593e-04
1489,  2.2673147909332050e-04
1490,  2.2682671978299152e-04
1491,  2.2692734223430424e-04
1492,  2.2703319619677383e-04
1493,  2.2714409325330103e-04
1494,  2.2726061647700051e-04
1495,  2.2738363340798348e-04
1496,  2.2751394805342281e-04
1497,  2.2765224986858059e-04
1498,  2.2779902244768631e-04
1499,  2.2795453872308561e-04
1500,  2.2811892584308823e-04
1501,  2.2829212639966553e-04
1502,  2.2847385646787802e-04
1503,  2.2866361262408852e-04
1504,  2.2886068437440589e-04
1505,  2.2906432581928460e-04
1506,  2.2927454798996107e-04
1507,  2.2949134785094029e-04
1508,  2.2971454791317908e-04
1509,  2.2994380063399392e-04
1510,  2.3017905733709401e-04
1511,  2.3042106699291487e-04
1512,  2.3067054212527345e-04
1513,  2.3092799487260831e-04
1514,  2.3119372440095362e-04
1515,  2.3146781582230976e-04
1516,  2.3175023704594209e-04
1517,  2.3204080807384829e-04
1518,  2.3233913132467677e-04
1519,  2.3264473595573305e-04
1520,  2.3295780442586698e-04
1521,  2.3327849541900623e-04
1522,  2.3360676022863219e-04
1523,  2.3394234401059139e-04
1524,  2.3428485854477525e-04
1525,  2.3463407342794881e-04
1526,  2.3499052738372049e-04
1527,  2.3535471664870705e-04
1528,  2.3572692348641699e-04
1529,  2.3610720928446901e-04
1530,  2.3649542846746364e-04
1531,  2.3689136603108042e-04
1532,  2.3729498338132449e-04
1533,  2.3770672482027633e-04
1534,  2.3812688418483688e-04
1535,  2.3855552148267065e-04
1536,  2.3899248984900280e-04
1537,  2.3943763280004693e-04
1538,  2.3989064613808323e-04
1539,  2.4035113953824015e-04
1540,  2.4081936143680369e-04
1541,  2.4129551857642880e-04
1542,  2.4177959223582610e-04
1543,  2.4227142035627622e-04
1544,  2.4277136027519658e-04
1545,  2.4327999804214491e-04
1546,  2.4379769783921585e-04
1547,  2.4432460530057060e-04
1548,  2.4486086832479299e-04
1549,  2.4540644491422931e-04
1550,  2.4596102991166353e-04
1551,  2.4652406259740488e-04
1552,  2.4709505901969811e-04
1553,  2.4767407153361559e-04
1554,  2.4826161512277119e-04
1555,  2.4885822437249581e-04
1556,  2.4946420037724217e-04
1557,  2.5007996375343990e-04
1558,  2.5070596973193927e-04
1559,  2.5134239466434558e-04
1560,  2.5198911805364720e-04
1561,  2.5264572562427374e-04
1562,  2.5331175950430958e-04
1563,  2.5398716134876595e-04
1564,  2.5467234442943452e-04
1565,  2.5536785578694705e-04
1566,  2.5607422076968792e-04
1567,  2.5679171458933700e-04
1568,  2.5752055488796551e-04
1569,  2.5826083577115900e-04
1570,  2.5901294188602429e-04
1571,  2.5977703799272170e-04
1572,  2.6055323505036113e-04
1573,  2.6134155175086218e-04
1574,  2.6214227980287828e-04
1575,  2.6295593946928708e-04
1576,  2.6378313925786155e-04
1577,  2.6462458028874260e-04
1578,  2.6548103144164624e-04
1579,  2.6635306076205738e-04
1580,  2.6724134987183678e-04
1581,  2.6814662126015929e-04
1582,  2.6906988657717494e-04
1583,  2.7001333303734400e-04
1584,  2.7097906958081596e-04
1585,  2.7196874307545738e-04
1586,  2.7298362216818885e-04
1587,  2.7402431289417275e-04
1588,  2.7509071885329283e-04
1589,  2.7618217262704550e-04
1590,  2.7729794183844000e-04
1591,  2.7843674655524787e-04
1592,  2.7959696128636232e-04
1593,  2.8077654782175773e-04
1594,  2.8197292160663353e-04
1595,  2.8318333437058542e-04
1596,  2.8440508143769404e-04
1597,  2.8563542103406906e-04
1598,  2.8687156657973372e-04
1599,  2.8811072823672077e-04
1600,  2.8935052326389051e-04
1601,  2.9058897850914799e-04
1602,  2.9182460528163909e-04
1603,  2.9305699814397099e-04
1604,  2.9428616558477001e-04
1605,  2.9551211607021171e-04
1606,  2.9673485804408153e-04
1607,  2.9795439992783571e-04
1608,  2.9917075012065827e-04
1609,  3.0038391699952318e-04
1610,  3.0159390891925655e-04
1611,  3.0280073421259018e-04
1612,  3.0400440119022560e-04
1613,  3.0520491814089637e-04
1614,  3.0640229333141889e-04
1615,  3.0759653500675796e-04
1616,  3.0878765139008449e-04
1617,  3.0997565068282992e-04
1618,  3.1116054106475430e-04
1619,  3.1234233069399157e-04
1620,  3.1352102770711940e-04
1621,  3.1469664021921293e-04
1622,  3.1586917632389833e-04
1623,  3.1703864409341750e-04
1624,  3.1820505157868068e-04
1625,  3.1936840680932852e-04
1626,  3.2052871779378284e-04
1627,  3.2168599251930995e-04
1628,  3.2284023895207288e-04
1629,  3.2399146503719287e-04
1630,  3.2513967869880067e-04
1631,  3.2628488784009564e-04
1632,  3.2742710034340306e-04
1633,  3.2856632407022977e-04
1634,  3.2970256686131941e-04
1635,  3.3083583653670387e-04
1636,  3.3196614089576646e-04
1637,  3.3309348771729490e-04
1638,  3.3421788475953846e-04
1639,  3.3533933976025442e-04
1640,  3.3645786043677155e-04
1641,  3.3757345448604106e-04
1642,  3.3868612958470130e-04
1643,  3.3979589338911382e-04
1644,  3.4090275353543058e-04
1645,  3.4200671763964823e-04
1646,  3.4310779329765672e-04
1647,  3.4420598808529906e-04
1648,  3.4530130955841726e-04
1649,  3.4639376525291769e-04
1650,  3.4748336268481181e-04
1651,  3.4857010935027626e-04
1652,  3.4965401272570409e-04
1653,  3.5073508026776072e-04
1654,  3.5181331941343849e-04
1655,  3.5288873758009708e-04
1656,  3.5396134216553453e-04
1657,  3.5503114054802402e-04
1658,  3.5609814008637171e-04
1659,  3.5716234811997610e-04
1660,  3.5822377196886407e-04
1661,  3.5928241893376088e-04
1662,  3.6033829629612824e-04
1663,  3.6139141131821595e-04
1664,  3.6244177124313063e-04
1665,  3.6348938329486762e-04
1666,  3.6453425467836256e-04
1667,  3.6557639257956158e-04
1668,  3.6661580416545107e-04
1669,  3.6765249658412240e-04
1670,  3.6868647696480566e-04
1671,  3.6971775241794727e-04
1672,  3.7074633003523349e-04
1673,  3.7177221688965118e-04
1674,  3.7279542003554707e-04
1675,  3.7381594650866127e-04
1676,  3.7483380332618518e-04
1677,  3.7584899748681577e-04
1678,  3.7686153597079236e-04
1679,  3.7787142573995539e-04
1680,  3.7887867373779345e-04
1681,  3.7988328688949883e-04
1682,  3.8088527210200355e-04
1683,  3.8188463626403471e-04