itr,res
2,  8.0839242250016798e-03
3,  6.8840824445423644e-03
4,  6.0053148312303991e-03
5,  5.3182528500853726e-03
6,  4.7559757460516302e-03
7,  4.2809915016333369e-03
8,  3.8707458927169491e-03
9,  3.5114006105469151e-03
10,  3.1938628229452727e-03
11,  2.9099790049312876e-03
12,  2.6547100828904543e-03
13,  2.4248526257415626e-03
14,  2.2180995563436615e-03
15,  2.0306121091063552e-03
16,  1.8610289398388997e-03
17,  1.7083043455940500e-03
18,  1.5695851528833194e-03
19,  1.4452769021712918e-03
20,  1.3421643411338656e-03
21,  1.2503095202592547e-03
22,  1.1711831258578846e-03
23,  1.0995642374031771e-03
24,  1.0345238291818515e-03
25,  9.8009954589094888e-04
26,  9.3013148726476462e-04
27,  8.8606520176634214e-04
28,  8.4415626491587427e-04
29,  8.0550141602935856e-04
30,  7.6966909193552609e-04
31,  7.3556673700146214e-04
32,  7.0433445572456262e-04
33,  6.7404486352364782e-04
34,  6.4629313064105910e-04
35,  6.1920107083038496e-04
36,  5.9406845669658756e-04
37,  5.6967124262152031e-04
38,  5.4648705203334889e-04
39,  5.2321151007452807e-04
40,  5.0056142385564856e-04
41,  4.7928438774043851e-04
42,  4.5824632965088709e-04
43,  4.3835848996318051e-04
44,  4.1931859031672976e-04
45,  4.0097439880678313e-04
46,  3.8401210324678849e-04
47,  3.6755808106088531e-04
48,  3.5265577744708772e-04
49,  3.3832207801951067e-04
50,  3.2544497017365889e-04
51,  3.1344397214298048e-04
52,  3.0255113087189321e-04
53,  2.9301189975568519e-04
54,  2.8519342937170084e-04
55,  2.7881215605997205e-04
56,  2.7258799305423891e-04
57,  2.6651007394534233e-04
58,  2.6056933508889732e-04
59,  2.5475821120397055e-04
60,  2.4907037774826436e-04
61,  2.4350053366008491e-04
62,  2.3804421874097851e-04
63,  2.3269766062909911e-04
64,  2.2745764695297540e-04
65,  2.2232141884313383e-04
66,  2.1728658250748980e-04
67,  2.1235103604560267e-04
68,  2.0751290908903645e-04
69,  2.0277051321237414e-04
70,  1.9812230137011762e-04
71,  1.9356683488052205e-04
72,  1.8910275670622166e-04
73,  1.8472876997586196e-04
74,  1.8044362085784264e-04
75,  1.7624608503724552e-04
76,  1.7213495716782124e-04
77,  1.6810904277129874e-04
78,  1.6416715214188552e-04
79,  1.6030809588702706e-04
80,  1.5653068179556268e-04
81,  1.5283371277648609e-04
82,  1.4921598565437004e-04
83,  1.4567629064424862e-04
84,  1.4221341135900142e-04
85,  1.3882612522824882e-04
86,  1.3551320422911260e-04
87,  1.3227341584697906e-04
88,  1.2910552420005751e-04
89,  1.2600829127323577e-04
90,  1.2298047821801317e-04
91,  1.2002084668349754e-04
92,  1.1712816015073667e-04
93,  1.1430118524879718e-04
94,  1.1153869303589902e-04
95,  1.0883946023278394e-04
96,  1.0620227039909513e-04
97,  1.0362591504618250e-04
98,  1.0110919468178457e-04
99,  9.8650919784147703e-05
100,  9.6249911704239237e-05
101,  9.3905003496174287e-05
102,  9.1615040676644761e-05
103,  8.9378881914751795e-05
104,  8.7195399654651463e-05
105,  8.5063480673195645e-05
106,  8.2982026575391152e-05
107,  8.0949954230678876e-05
108,  7.8966196153126134e-05
109,  7.7029700828425523e-05
110,  7.5139432991150977e-05
111,  7.3294373855035938e-05
112,  7.1493521299565365e-05
113,  6.9735890015708467e-05
114,  6.8020511613760013e-05
115,  6.6346434695841990e-05
116,  6.4712724896044151e-05
117,  6.3118464890361546e-05
118,  6.1562754379140187e-05
119,  6.0044710043979657e-05
120,  5.8563465481625495e-05
121,  5.7118171116540531e-05
122,  5.5707994094152801e-05
123,  5.4332118156758934e-05
124,  5.2989743503441672e-05
125,  5.1680086635834838e-05
126,  5.0402380191003601e-05
127,  4.9155872763004133e-05
128,  4.7939828714184376e-05
129,  4.6753527977573294e-05
130,  4.5596265851339818e-05
131,  4.4467352786461976e-05
132,  4.3366114168350498e-05
133,  4.2291890093587471e-05
134,  4.1244035142311912e-05
135,  4.0221918147110112e-05
136,  3.9224921959161965e-05
137,  3.8252443212114429e-05
138,  3.7303892084401282e-05
139,  3.6378692060532311e-05
140,  3.5476279691643676e-05
141,  3.4596104356075809e-05
142,  3.3737628020134743e-05
143,  3.2900324999451301e-05
144,  3.2083681721351446e-05
145,  3.1287196488500689e-05
146,  3.0510379244111000e-05
147,  2.9752751338850916e-05
148,  2.9013845299925649e-05
149,  2.8293204602225348e-05
150,  2.7590383441967656e-05
151,  2.6904946512891009e-05
152,  2.6236468785112756e-05
153,  2.5584535286812848e-05
154,  2.4948740888902287e-05
155,  2.4328690092600880e-05
156,  2.3723996820312891e-05
157,  2.3134284209435228e-05
158,  2.2559184409594866e-05
159,  2.1998338383063870e-05
160,  2.1451395708485058e-05
161,  2.0918014388019729e-05
162,  2.0397860657703737e-05
163,  1.9890608801348290e-05
164,  1.9395940967690041e-05
165,  1.8913546991017639e-05
166,  1.8443124215050964e-05
167,  1.7984377320305344e-05
168,  1.7537018154724599e-05
169,  1.7100765567642028e-05
170,  1.6675345247143369e-05
171,  1.6260489560515363e-05
172,  1.5855937398132437e-05
173,  1.5461434020436039e-05
174,  1.5076730908145048e-05
175,  1.4701585615604221e-05
176,  1.4335761627204503e-05
177,  1.3979028216892447e-05
178,  1.3631160310707426e-05
179,  1.3291938352262366e-05
180,  1.2961148171179148e-05
181,  1.2638580854415676e-05
182,  1.2324032620423304e-05
183,  1.2017304696089767e-05
184,  1.1718203196465920e-05
185,  1.1426539007117855e-05
186,  1.1142127669283133e-05
187,  1.0864789267382201e-05
188,  1.0594348319392341e-05
189,  1.0330633669460441e-05
190,  1.0073478383169407e-05
191,  9.8227196450439297e-06
192,  9.5781986586712635e-06
193,  9.3397605488470333e-06
194,  9.1072542662570982e-06
195,  8.8805324941775460e-06
196,  8.6594515575224459e-06
197,  8.4438713339568049e-06
198,  8.2336551670567581e-06
199,  8.0286697816287596e-06
200,  7.8287852009254081e-06
201,  7.6338746658990058e-06
202,  7.4438145563515463e-06
203,  7.2584843139417984e-06
204,  7.0777663670519425e-06
205,  6.9015460574731124e-06
206,  6.7297115687680553e-06
207,  6.5621538564783194e-06
208,  6.3987665798612847e-06
209,  6.2394460354447551e-06
210,  6.0840910919410094e-06
211,  5.9326031270191020e-06
212,  5.7848859654015115e-06
213,  5.6408458185211110e-06
214,  5.5003912256498552e-06
215,  5.3634329964548677e-06
216,  5.2298841549253399e-06
217,  5.0996598847156491e-06
218,  4.9726774757292128e-06
219,  4.8488562721698852e-06
220,  4.7281176215914221e-06
221,  4.6103848254976126e-06
222,  4.4955830909048159e-06
223,  4.3836394832987867e-06
224,  4.2744828804966527e-06
225,  4.1680439278601564e-06
226,  4.0642549945013175e-06
227,  3.9630501305968316e-06
228,  3.8643650257309508e-06
229,  3.7681369682265303e-06
230,  3.6743048055852367e-06
231,  3.5828089057588791e-06
232,  3.4935911195262399e-06
233,  3.4065947436258479e-06
234,  3.3217644849902925e-06
235,  3.2390464256419980e-06
236,  3.1583879886805246e-06
237,  3.0797379049245392e-06
238,  3.0030461804864384e-06
239,  2.9282640650857549e-06
240,  2.8553440212309468e-06
241,  2.7842396940186544e-06
242,  2.7149058818321206e-06
243,  2.6472985076753341e-06
244,  2.5813745912008156e-06
245,  2.5170922215453449e-06
246,  2.4544105306563781e-06
247,  2.3932896674854383e-06
248,  2.3336907726319219e-06
249,  2.2755759537031743e-06
250,  2.2189082613684274e-06
251,  2.1636516657982011e-06
252,  2.1097710338780305e-06
253,  2.0572321069147966e-06
254,  2.0060014788426521e-06
255,  1.9560465750793175e-06
256,  1.9073356318224848e-06
257,  1.8598376759022035e-06
258,  1.8135225050970027e-06
259,  1.7683606689870673e-06
260,  1.7243234502432586e-06
261,  1.6813828463365721e-06
262,  1.6395115519108399e-06
263,  1.5986829412654331e-06
264,  1.5588710515076228e-06
265,  1.5200505661387718e-06
266,  1.4821967988880141e-06
267,  1.4452856780111367e-06
268,  1.4092937311143114e-06
269,  1.3741980701089012e-06
270,  1.3399763767736532e-06
271,  1.3066068885113715e-06
272,  1.2740683845560779e-06
273,  1.2423401724434673e-06
274,  1.2114020749669640e-06
275,  1.1812344172196077e-06
276,  1.1518180141795988e-06
277,  1.1231341585022000e-06
278,  1.0951646086152253e-06
279,  1.0678915771331214e-06
280,  1.0412977195549309e-06
281,  1.0153661232613148e-06
282,  9.9008029671042024e-07